18:13:08.557 [main] DEBUG o.s.d.r.s.commands.ContextCommands - Cleared context variables...
18:13:18.624 [Spring Shell] DEBUG o.s.d.r.s.commands.DiscoveryCommands - No 'Accept' header specified, using application/x-spring-data-compact+json
18:13:18.724 [Spring Shell] DEBUG o.s.d.r.s.commands.DiscoveryCommands - Returning links: []
18:14:04.403 [Spring Shell] DEBUG o.s.d.r.s.commands.DiscoveryCommands - No 'Accept' header specified, using application/x-spring-data-compact+json
18:14:04.488 [Spring Shell] DEBUG o.s.d.r.s.commands.DiscoveryCommands - Returning links: []
18:14:19.418 [Spring Shell] DEBUG o.s.d.r.s.commands.DiscoveryCommands - No 'Accept' header specified, using application/x-spring-data-compact+json
18:14:19.593 [Spring Shell] DEBUG o.s.d.r.s.commands.DiscoveryCommands - Returning links: [{ rel : self, href : http://localhost:8080/timeEntries{?page,size,sort} }, { rel : search, href : http://localhost:8080/timeEntries/search }, { rel : timeEntry, href : http://localhost:8080/timeEntries/1 }, { rel : timeEntry, href : http://localhost:8080/timeEntries/2 }, { rel : timeEntry, href : http://localhost:8080/timeEntries/3 }, { rel : timeEntry, href : http://localhost:8080/timeEntries/4 }, { rel : timeEntry, href : http://localhost:8080/timeEntries/5 }, { rel : timeEntry, href : http://localhost:8080/timeEntries/6 }, { rel : timeEntry, href : http://localhost:8080/timeEntries/7 }, { rel : timeEntry, href : http://localhost:8080/timeEntries/8 }, { rel : timeEntry, href : http://localhost:8080/timeEntries/9 }, { rel : timeEntry, href : http://localhost:8080/timeEntries/10 }]
18:15:01.685 [Spring Shell] INFO  o.s.d.r.shell.commands.HttpCommands - Sending GET to http://localhost:8080/timeEntries/2 using null
18:16:20.456 [Spring Shell] INFO  o.s.d.r.shell.commands.HttpCommands - Sending POST to http://localhost:8080/timeEntries/ using {feName=Jignesh Sheth, accountName=Baxter}
18:17:03.155 [Spring Shell] INFO  o.s.d.r.shell.commands.HttpCommands - Sending POST to http://localhost:8080/timeEntries/ using {feName=Jignesh Sheth, accountName=Baxter, date=2016-03-01, hours=1.5}
18:17:08.761 [Spring Shell] DEBUG o.s.d.r.s.commands.DiscoveryCommands - No 'Accept' header specified, using application/x-spring-data-compact+json
18:17:08.776 [Spring Shell] WARN  o.s.web.client.RestTemplate - GET request for "http://localhost:8080/timeEntries//" resulted in 400 (Bad Request); invoking error handler
18:17:13.966 [Spring Shell] DEBUG o.s.d.r.s.commands.DiscoveryCommands - No 'Accept' header specified, using application/x-spring-data-compact+json
18:17:13.982 [Spring Shell] DEBUG o.s.d.r.s.commands.DiscoveryCommands - Returning links: [{ rel : self, href : http://localhost:8080/timeEntries{?page,size,sort} }, { rel : search, href : http://localhost:8080/timeEntries/search }, { rel : timeEntry, href : http://localhost:8080/timeEntries/1 }, { rel : timeEntry, href : http://localhost:8080/timeEntries/2 }, { rel : timeEntry, href : http://localhost:8080/timeEntries/3 }, { rel : timeEntry, href : http://localhost:8080/timeEntries/4 }, { rel : timeEntry, href : http://localhost:8080/timeEntries/5 }, { rel : timeEntry, href : http://localhost:8080/timeEntries/6 }, { rel : timeEntry, href : http://localhost:8080/timeEntries/7 }, { rel : timeEntry, href : http://localhost:8080/timeEntries/8 }, { rel : timeEntry, href : http://localhost:8080/timeEntries/9 }, { rel : timeEntry, href : http://localhost:8080/timeEntries/10 }, { rel : timeEntry, href : http://localhost:8080/timeEntries/12 }]
18:17:21.412 [Spring Shell] INFO  o.s.d.r.shell.commands.HttpCommands - Sending GET to http://localhost:8080/timeEntries/12 using null
18:17:40.273 [Spring Shell] INFO  o.s.d.r.shell.commands.HttpCommands - Sending DELETE to http://localhost:8080/timeEntries/12 using null
18:17:47.965 [Spring Shell] DEBUG o.s.d.r.s.commands.DiscoveryCommands - No 'Accept' header specified, using application/x-spring-data-compact+json
18:17:47.980 [Spring Shell] DEBUG o.s.d.r.s.commands.DiscoveryCommands - Returning links: [{ rel : self, href : http://localhost:8080/timeEntries{?page,size,sort} }, { rel : search, href : http://localhost:8080/timeEntries/search }, { rel : timeEntry, href : http://localhost:8080/timeEntries/1 }, { rel : timeEntry, href : http://localhost:8080/timeEntries/2 }, { rel : timeEntry, href : http://localhost:8080/timeEntries/3 }, { rel : timeEntry, href : http://localhost:8080/timeEntries/4 }, { rel : timeEntry, href : http://localhost:8080/timeEntries/5 }, { rel : timeEntry, href : http://localhost:8080/timeEntries/6 }, { rel : timeEntry, href : http://localhost:8080/timeEntries/7 }, { rel : timeEntry, href : http://localhost:8080/timeEntries/8 }, { rel : timeEntry, href : http://localhost:8080/timeEntries/9 }, { rel : timeEntry, href : http://localhost:8080/timeEntries/10 }]
18:19:27.753 [Spring Shell] INFO  o.s.d.r.shell.commands.HttpCommands - Sending GET to http://localhost:8080/timeEntries/search/byFeName?feName=Chris+Moon using null
18:19:49.934 [Spring Shell] INFO  o.s.d.r.shell.commands.HttpCommands - Sending GET to http://localhost:8080/timeEntries/search using null
18:20:11.013 [Spring Shell] INFO  o.s.d.r.shell.commands.HttpCommands - Sending GET to http://localhost:8080/timeEntries/search/findByFeName?feName=Chris+Moon using null
18:20:40.758 [Spring Shell] INFO  o.s.d.r.shell.commands.HttpCommands - Sending GET to http://localhost:8080/timeEntries/search/findByDate using null
18:24:10.457 [main] DEBUG o.s.d.r.s.commands.ContextCommands - Cleared context variables...
18:24:23.091 [Spring Shell] DEBUG o.s.d.r.s.commands.DiscoveryCommands - No 'Accept' header specified, using application/x-spring-data-compact+json
18:24:23.410 [Spring Shell] DEBUG o.s.d.r.s.commands.DiscoveryCommands - Returning links: [{ rel : self, href : http://localhost:8080/timeEntries{?page,size,sort} }, { rel : search, href : http://localhost:8080/timeEntries/search }, { rel : timeEntry, href : http://localhost:8080/timeEntries/1 }, { rel : timeEntry, href : http://localhost:8080/timeEntries/2 }, { rel : timeEntry, href : http://localhost:8080/timeEntries/3 }, { rel : timeEntry, href : http://localhost:8080/timeEntries/4 }, { rel : timeEntry, href : http://localhost:8080/timeEntries/5 }, { rel : timeEntry, href : http://localhost:8080/timeEntries/6 }, { rel : timeEntry, href : http://localhost:8080/timeEntries/7 }, { rel : timeEntry, href : http://localhost:8080/timeEntries/8 }, { rel : timeEntry, href : http://localhost:8080/timeEntries/9 }, { rel : timeEntry, href : http://localhost:8080/timeEntries/10 }]
18:24:45.939 [Spring Shell] INFO  o.s.d.r.shell.commands.HttpCommands - Sending GET to http://localhost:8080/timeEntries/1 using null
18:25:04.056 [Spring Shell] DEBUG o.s.d.r.s.commands.DiscoveryCommands - No 'Accept' header specified, using application/x-spring-data-compact+json
18:25:04.075 [Spring Shell] WARN  o.s.web.client.RestTemplate - GET request for "http://localhost:8080/timeEntries/1//" resulted in 404 (Not Found); invoking error handler
18:25:15.095 [Spring Shell] INFO  o.s.d.r.shell.commands.HttpCommands - Sending GET to http://localhost:8080/timeEntries/1/2 using null
18:25:42.438 [Spring Shell] DEBUG o.s.d.r.s.commands.DiscoveryCommands - No 'Accept' header specified, using application/x-spring-data-compact+json
18:25:42.456 [Spring Shell] WARN  o.s.web.client.RestTemplate - GET request for "http://localhost:8080/timeEntries/1/..ttp://localhost:8080/timeEntries" resulted in 404 (Not Found); invoking error handler
18:26:24.594 [Spring Shell] DEBUG o.s.d.r.s.commands.DiscoveryCommands - No 'Accept' header specified, using application/x-spring-data-compact+json
18:26:24.616 [Spring Shell] WARN  o.s.web.client.RestTemplate - GET request for "http://localhost:8080/timeEntries//" resulted in 400 (Bad Request); invoking error handler
18:26:31.603 [Spring Shell] DEBUG o.s.d.r.s.commands.DiscoveryCommands - No 'Accept' header specified, using application/x-spring-data-compact+json
18:26:31.619 [Spring Shell] DEBUG o.s.d.r.s.commands.DiscoveryCommands - Returning links: [{ rel : self, href : http://localhost:8080/timeEntries{?page,size,sort} }, { rel : search, href : http://localhost:8080/timeEntries/search }, { rel : timeEntry, href : http://localhost:8080/timeEntries/1 }, { rel : timeEntry, href : http://localhost:8080/timeEntries/2 }, { rel : timeEntry, href : http://localhost:8080/timeEntries/3 }, { rel : timeEntry, href : http://localhost:8080/timeEntries/4 }, { rel : timeEntry, href : http://localhost:8080/timeEntries/5 }, { rel : timeEntry, href : http://localhost:8080/timeEntries/6 }, { rel : timeEntry, href : http://localhost:8080/timeEntries/7 }, { rel : timeEntry, href : http://localhost:8080/timeEntries/8 }, { rel : timeEntry, href : http://localhost:8080/timeEntries/9 }, { rel : timeEntry, href : http://localhost:8080/timeEntries/10 }]
18:26:39.934 [Spring Shell] INFO  o.s.d.r.shell.commands.HttpCommands - Sending GET to http://localhost:8080/timeEntries%7B?page,size,sort%7D using null
18:27:19.935 [Spring Shell] INFO  o.s.d.r.shell.commands.HttpCommands - Sending GET to http://localhost:8080/timeEntries/self%3Fsort=feName,dsc using null
18:27:25.378 [Spring Shell] INFO  o.s.d.r.shell.commands.HttpCommands - Sending GET to http://localhost:8080/timeEntries/self%3Fsort=feName,asc using null
18:27:50.727 [Spring Shell] INFO  o.s.d.r.shell.commands.HttpCommands - Sending GET to http://localhost:8080/timeEntries/sort=feName,asc using null
18:28:10.314 [Spring Shell] INFO  o.s.d.r.shell.commands.HttpCommands - Sending GET to http://localhost:8080/timeEntries/%3Fsort=feName,asc using null
18:28:24.010 [Spring Shell] INFO  o.s.d.r.shell.commands.HttpCommands - Sending GET to http://localhost:8080/timeEntries%7B?page,size,sort%7D using null
18:28:33.438 [Spring Shell] DEBUG o.s.d.r.s.commands.DiscoveryCommands - No 'Accept' header specified, using application/x-spring-data-compact+json
18:28:33.452 [Spring Shell] DEBUG o.s.d.r.s.commands.DiscoveryCommands - Returning links: [{ rel : self, href : http://localhost:8080/timeEntries{?page,size,sort} }, { rel : search, href : http://localhost:8080/timeEntries/search }, { rel : timeEntry, href : http://localhost:8080/timeEntries/1 }, { rel : timeEntry, href : http://localhost:8080/timeEntries/2 }, { rel : timeEntry, href : http://localhost:8080/timeEntries/3 }, { rel : timeEntry, href : http://localhost:8080/timeEntries/4 }, { rel : timeEntry, href : http://localhost:8080/timeEntries/5 }, { rel : timeEntry, href : http://localhost:8080/timeEntries/6 }, { rel : timeEntry, href : http://localhost:8080/timeEntries/7 }, { rel : timeEntry, href : http://localhost:8080/timeEntries/8 }, { rel : timeEntry, href : http://localhost:8080/timeEntries/9 }, { rel : timeEntry, href : http://localhost:8080/timeEntries/10 }]
18:28:51.085 [Spring Shell] INFO  o.s.d.r.shell.commands.HttpCommands - Sending GET to http://localhost:8080/timeEntries/self%3Fsize=1 using null
18:30:25.504 [Spring Shell] INFO  o.s.d.r.shell.commands.HttpCommands - Sending GET to http://localhost:8080/timeEntries%7B?page,size,sort%7D&size=1 using null
18:32:05.090 [Spring Shell] INFO  o.s.d.r.shell.commands.HttpCommands - Sending GET to http://localhost:8080/timeEntries%7B?page,size,sort%7D&sort=feName%252Casc using null
18:32:34.417 [Spring Shell] INFO  o.s.d.r.shell.commands.HttpCommands - Sending GET to http://localhost:8080/timeEntries%7B?page,size,sort%7D&sort=feName%252Cdesc using null
18:32:48.044 [Spring Shell] INFO  o.s.d.r.shell.commands.HttpCommands - Sending GET to http://localhost:8080/timeEntries/alps using null
18:33:02.328 [Spring Shell] INFO  o.s.d.r.shell.commands.HttpCommands - Sending GET to http://localhost:8080/timeEntries/mappings using null
18:33:12.014 [Spring Shell] INFO  o.s.d.r.shell.commands.HttpCommands - Sending GET to http://localhost:8080/alps using null
18:33:24.689 [Spring Shell] INFO  o.s.d.r.shell.commands.HttpCommands - Sending GET to http://localhost:8080/alps/timeEntries using null
18:33:47.697 [Spring Shell] INFO  o.s.d.r.shell.commands.HttpCommands - Sending GET to http://localhost:8080/env using null
18:34:08.178 [Spring Shell] INFO  o.s.d.r.shell.commands.HttpCommands - Sending GET to http://localhost:8080/mappings using null
