// rest-shell 1.0.1.BUILD-SNAPSHOT log opened at 2016-03-01 18:13:08
discover
help
discover http://localhost:8080/alps
discover http://localhost:8080/timeEntries
get 2
post --data "{feName: 'Jignesh Sheth', accountName: 'Baxter'}"
post --data "{feName: 'Jignesh Sheth', accountName: 'Baxter', date: '2016-03-01', hours: 1.5}"
// [failed] list
discover
get 12
delete 12
discover
get search/byFeName --params "{feName: 'Chris Moon'}"
get search
get search/findByFeName --params "{feName: 'Chris Moon'}"
get search/findByDate
exit
// rest-shell 1.0.1.BUILD-SNAPSHOT log closed at 2016-03-01 18:20:52
// rest-shell 1.0.1.BUILD-SNAPSHOT log opened at 2016-03-01 18:24:10
discover timeEntries
get 1
follow 1
// [failed] list
 get 2
follow ..
// [failed] discover ttp://localhost:8080/timeEntries
up
up
up
up
var list
// [failed] list
discover
get self
get self?sort=feName,dsc
get self?sort=feName,asc
get sort=feName,asc
get ?sort=feName,asc
get self
discover
get self?size=1
help
help get
get self --params "{size: 1}"
get self --params "{sort: 'feName,asc'}"
get self --params "{sort: 'feName,desc'}"
get alps
get mappings
up
get alps
get alps/timeEntries
get env
get mappings
exit
// rest-shell 1.0.1.BUILD-SNAPSHOT log closed at 2016-03-01 18:34:26
