[INFO] Scanning for projects...
[INFO]                                                                         
[INFO] ------------------------------------------------------------------------
[INFO] Building sfdcapigateway 0.0.1-SNAPSHOT
[INFO] ------------------------------------------------------------------------
[INFO] 
[INFO] >>> spring-boot-maven-plugin:1.2.4.RELEASE:run (default-cli) > test-compile @ sfdcapigateway >>>
[INFO] 
[INFO] --- maven-resources-plugin:2.6:resources (default-resources) @ sfdcapigateway ---
[INFO] Using 'UTF-8' encoding to copy filtered resources.
[INFO] Copying 0 resource
[INFO] Copying 1 resource
[INFO] 
[INFO] --- maven-compiler-plugin:3.1:compile (default-compile) @ sfdcapigateway ---
[INFO] Nothing to compile - all classes are up to date
[INFO] 
[INFO] --- maven-resources-plugin:2.6:testResources (default-testResources) @ sfdcapigateway ---
[INFO] Using 'UTF-8' encoding to copy filtered resources.
[INFO] skip non existing resourceDirectory /Users/jsheth/Documents/workspace/microservice-samples/SFDCApp/sfdcapigateway/src/test/resources
[INFO] 
[INFO] --- maven-compiler-plugin:3.1:testCompile (default-testCompile) @ sfdcapigateway ---
[INFO] Nothing to compile - all classes are up to date
[INFO] 
[INFO] <<< spring-boot-maven-plugin:1.2.4.RELEASE:run (default-cli) < test-compile @ sfdcapigateway <<<
[INFO] 
[INFO] --- spring-boot-maven-plugin:1.2.4.RELEASE:run (default-cli) @ sfdcapigateway ---
2015-11-05 11:09:20.667  INFO 66551 --- [lication.main()] i.p.sfdc.SfdcapigatewayApplication       : Starting SfdcapigatewayApplication on pivotal-guest-437.sf.pivotallabs.com with PID 66551 (/Users/jsheth/Documents/workspace/microservice-samples/SFDCApp/sfdcapigateway/target/classes started by jsheth in /Users/jsheth/Documents/workspace/microservice-samples/SFDCApp/sfdcapigateway)
2015-11-05 11:09:20.731  INFO 66551 --- [lication.main()] s.c.a.AnnotationConfigApplicationContext : Refreshing org.springframework.context.annotation.AnnotationConfigApplicationContext@565bfaac: startup date [Thu Nov 05 11:09:20 PST 2015]; root of context hierarchy
2015-11-05 11:09:21.606  INFO 66551 --- [lication.main()] f.a.AutowiredAnnotationBeanPostProcessor : JSR-330 'javax.inject.Inject' annotation found and supported for autowiring
2015-11-05 11:09:22.297  INFO 66551 --- [lication.main()] trationDelegate$BeanPostProcessorChecker : Bean 'org.springframework.retry.annotation.RetryConfiguration' of type [class org.springframework.retry.annotation.RetryConfiguration$$EnhancerBySpringCGLIB$$6f5dd8ff] is not eligible for getting processed by all BeanPostProcessors (for example: not eligible for auto-proxying)
2015-11-05 11:09:22.514  INFO 66551 --- [lication.main()] trationDelegate$BeanPostProcessorChecker : Bean 'encrypt.CONFIGURATION_PROPERTIES' of type [class org.springframework.cloud.bootstrap.encrypt.KeyProperties] is not eligible for getting processed by all BeanPostProcessors (for example: not eligible for auto-proxying)
2015-11-05 11:09:22.517  INFO 66551 --- [lication.main()] trationDelegate$BeanPostProcessorChecker : Bean 'encryptionBootstrapConfiguration' of type [class org.springframework.cloud.bootstrap.encrypt.EncryptionBootstrapConfiguration$$EnhancerBySpringCGLIB$$79128bb3] is not eligible for getting processed by all BeanPostProcessors (for example: not eligible for auto-proxying)
2015-11-05 11:09:23.069  INFO 66551 --- [lication.main()] i.p.sfdc.SfdcapigatewayApplication       : Started SfdcapigatewayApplication in 3.592 seconds (JVM running for 15.303)

  .   ____          _            __ _ _
 /\\ / ___'_ __ _ _(_)_ __  __ _ \ \ \ \
( ( )\___ | '_ | '_| | '_ \/ _` | \ \ \ \
 \\/  ___)| |_)| | | | | || (_| |  ) ) ) )
  '  |____| .__|_| |_|_| |_\__, | / / / /
 =========|_|==============|___/=/_/_/_/
 :: Spring Boot ::        (v1.2.4.RELEASE)

2015-11-05 11:09:32.679  INFO 66551 --- [lication.main()] b.c.PropertySourceBootstrapConfiguration : Located property source: CompositePropertySource [name='configService', propertySources=[MapPropertySource [name='file:///Users/jsheth/Documents/workspace/microservice-samples/SFDCApp/config-repo/sfdcapigateway.yml#local'], MapPropertySource [name='file:///Users/jsheth/Documents/workspace/microservice-samples/SFDCApp/config-repo/sfdcapigateway.yml']]]
2015-11-05 11:09:32.702  INFO 66551 --- [lication.main()] ationConfigEmbeddedWebApplicationContext : Refreshing org.springframework.boot.context.embedded.AnnotationConfigEmbeddedWebApplicationContext@477129e1: startup date [Thu Nov 05 11:09:32 PST 2015]; parent: org.springframework.context.annotation.AnnotationConfigApplicationContext@565bfaac
2015-11-05 11:09:35.611  INFO 66551 --- [lication.main()] o.s.b.f.s.DefaultListableBeanFactory     : Overriding bean definition for bean 'beanNameViewResolver': replacing [Root bean: class [null]; scope=; abstract=false; lazyInit=false; autowireMode=3; dependencyCheck=0; autowireCandidate=true; primary=false; factoryBeanName=org.springframework.boot.autoconfigure.web.ErrorMvcAutoConfiguration$WhitelabelErrorViewConfiguration; factoryMethodName=beanNameViewResolver; initMethodName=null; destroyMethodName=(inferred); defined in class path resource [org/springframework/boot/autoconfigure/web/ErrorMvcAutoConfiguration$WhitelabelErrorViewConfiguration.class]] with [Root bean: class [null]; scope=; abstract=false; lazyInit=false; autowireMode=3; dependencyCheck=0; autowireCandidate=true; primary=false; factoryBeanName=org.springframework.boot.autoconfigure.web.WebMvcAutoConfiguration$WebMvcAutoConfigurationAdapter; factoryMethodName=beanNameViewResolver; initMethodName=null; destroyMethodName=(inferred); defined in class path resource [org/springframework/boot/autoconfigure/web/WebMvcAutoConfiguration$WebMvcAutoConfigurationAdapter.class]]
2015-11-05 11:09:35.731  INFO 66551 --- [lication.main()] o.s.b.f.s.DefaultListableBeanFactory     : Overriding bean definition for bean 'ignoredPathsWebSecurityConfigurerAdapter': replacing [Root bean: class [null]; scope=; abstract=false; lazyInit=false; autowireMode=3; dependencyCheck=0; autowireCandidate=true; primary=false; factoryBeanName=org.springframework.boot.autoconfigure.security.SpringBootWebSecurityConfiguration; factoryMethodName=ignoredPathsWebSecurityConfigurerAdapter; initMethodName=null; destroyMethodName=(inferred); defined in class path resource [org/springframework/boot/autoconfigure/security/SpringBootWebSecurityConfiguration.class]] with [Root bean: class [null]; scope=; abstract=false; lazyInit=false; autowireMode=3; dependencyCheck=0; autowireCandidate=true; primary=false; factoryBeanName=org.springframework.boot.actuate.autoconfigure.ManagementSecurityAutoConfiguration; factoryMethodName=ignoredPathsWebSecurityConfigurerAdapter; initMethodName=null; destroyMethodName=(inferred); defined in class path resource [org/springframework/boot/actuate/autoconfigure/ManagementSecurityAutoConfiguration.class]]
2015-11-05 11:09:35.993  INFO 66551 --- [lication.main()] o.s.b.f.config.PropertiesFactoryBean     : Loading properties file from URL [jar:file:/Users/jsheth/.m2/repository/org/springframework/integration/spring-integration-core/4.1.4.RELEASE/spring-integration-core-4.1.4.RELEASE.jar!/META-INF/spring.integration.default.properties]
2015-11-05 11:09:36.003  INFO 66551 --- [lication.main()] o.s.i.config.IntegrationRegistrar        : No bean named 'integrationHeaderChannelRegistry' has been explicitly defined. Therefore, a default DefaultHeaderChannelRegistry will be created.
2015-11-05 11:09:36.079  INFO 66551 --- [lication.main()] o.s.b.f.s.DefaultListableBeanFactory     : Overriding bean definition for bean 'infoEndpoint': replacing [Root bean: class [null]; scope=; abstract=false; lazyInit=false; autowireMode=3; dependencyCheck=0; autowireCandidate=true; primary=false; factoryBeanName=org.springframework.boot.actuate.autoconfigure.EndpointAutoConfiguration; factoryMethodName=infoEndpoint; initMethodName=null; destroyMethodName=(inferred); defined in class path resource [org/springframework/boot/actuate/autoconfigure/EndpointAutoConfiguration.class]] with [Root bean: class [null]; scope=; abstract=false; lazyInit=false; autowireMode=3; dependencyCheck=0; autowireCandidate=true; primary=false; factoryBeanName=org.springframework.cloud.autoconfigure.RefreshAutoConfiguration$InfoEndpointRebinderConfiguration; factoryMethodName=infoEndpoint; initMethodName=null; destroyMethodName=(inferred); defined in class path resource [org/springframework/cloud/autoconfigure/RefreshAutoConfiguration$InfoEndpointRebinderConfiguration.class]]
2015-11-05 11:09:36.989  INFO 66551 --- [lication.main()] faultConfiguringBeanFactoryPostProcessor : No bean named 'errorChannel' has been explicitly defined. Therefore, a default PublishSubscribeChannel will be created.
2015-11-05 11:09:36.992  INFO 66551 --- [lication.main()] faultConfiguringBeanFactoryPostProcessor : No bean named 'taskScheduler' has been explicitly defined. Therefore, a default ThreadPoolTaskScheduler will be created.
2015-11-05 11:09:36.998  INFO 66551 --- [lication.main()] o.s.cloud.context.scope.GenericScope     : BeanFactory id=264584a9-9105-3722-932b-49a1a87aff83
2015-11-05 11:09:37.069  INFO 66551 --- [lication.main()] f.a.AutowiredAnnotationBeanPostProcessor : JSR-330 'javax.inject.Inject' annotation found and supported for autowiring
2015-11-05 11:09:37.136  INFO 66551 --- [lication.main()] trationDelegate$BeanPostProcessorChecker : Bean 'org.springframework.amqp.rabbit.annotation.RabbitBootstrapConfiguration' of type [class org.springframework.amqp.rabbit.annotation.RabbitBootstrapConfiguration$$EnhancerBySpringCGLIB$$c1adf1e8] is not eligible for getting processed by all BeanPostProcessors (for example: not eligible for auto-proxying)
2015-11-05 11:09:37.212  INFO 66551 --- [lication.main()] trationDelegate$BeanPostProcessorChecker : Bean 'org.springframework.scheduling.annotation.SchedulingConfiguration' of type [class org.springframework.scheduling.annotation.SchedulingConfiguration$$EnhancerBySpringCGLIB$$289be495] is not eligible for getting processed by all BeanPostProcessors (for example: not eligible for auto-proxying)
2015-11-05 11:09:38.513  INFO 66551 --- [lication.main()] o.s.b.f.config.PropertiesFactoryBean     : Loading properties file from URL [jar:file:/Users/jsheth/.m2/repository/org/springframework/integration/spring-integration-core/4.1.4.RELEASE/spring-integration-core-4.1.4.RELEASE.jar!/META-INF/spring.integration.default.properties]
2015-11-05 11:09:38.521  INFO 66551 --- [lication.main()] trationDelegate$BeanPostProcessorChecker : Bean 'integrationGlobalProperties' of type [class org.springframework.beans.factory.config.PropertiesFactoryBean] is not eligible for getting processed by all BeanPostProcessors (for example: not eligible for auto-proxying)
2015-11-05 11:09:38.530  INFO 66551 --- [lication.main()] trationDelegate$BeanPostProcessorChecker : Bean 'integrationGlobalProperties' of type [class java.util.Properties] is not eligible for getting processed by all BeanPostProcessors (for example: not eligible for auto-proxying)
2015-11-05 11:09:38.638  INFO 66551 --- [lication.main()] trationDelegate$BeanPostProcessorChecker : Bean 'messageBuilderFactory' of type [class org.springframework.integration.support.DefaultMessageBuilderFactory] is not eligible for getting processed by all BeanPostProcessors (for example: not eligible for auto-proxying)
2015-11-05 11:09:38.832  INFO 66551 --- [lication.main()] trationDelegate$BeanPostProcessorChecker : Bean '(inner bean)#3ea6bd2b' of type [class org.springframework.integration.channel.MessagePublishingErrorHandler] is not eligible for getting processed by all BeanPostProcessors (for example: not eligible for auto-proxying)
2015-11-05 11:09:38.834  INFO 66551 --- [lication.main()] o.s.s.c.ThreadPoolTaskScheduler          : Initializing ExecutorService  'taskScheduler'
2015-11-05 11:09:38.835  INFO 66551 --- [lication.main()] trationDelegate$BeanPostProcessorChecker : Bean 'taskScheduler' of type [class org.springframework.scheduling.concurrent.ThreadPoolTaskScheduler] is not eligible for getting processed by all BeanPostProcessors (for example: not eligible for auto-proxying)
2015-11-05 11:09:38.875  INFO 66551 --- [lication.main()] trationDelegate$BeanPostProcessorChecker : Bean 'integrationHeaderChannelRegistry' of type [class org.springframework.integration.channel.DefaultHeaderChannelRegistry] is not eligible for getting processed by all BeanPostProcessors (for example: not eligible for auto-proxying)
2015-11-05 11:09:38.985  INFO 66551 --- [lication.main()] trationDelegate$BeanPostProcessorChecker : Bean 'org.springframework.cloud.autoconfigure.RefreshAutoConfiguration$ConfigurationPropertiesRebinderConfiguration' of type [class org.springframework.cloud.autoconfigure.RefreshAutoConfiguration$ConfigurationPropertiesRebinderConfiguration$$EnhancerBySpringCGLIB$$a9494e90] is not eligible for getting processed by all BeanPostProcessors (for example: not eligible for auto-proxying)
2015-11-05 11:09:40.309  INFO 66551 --- [lication.main()] s.b.c.e.t.TomcatEmbeddedServletContainer : Tomcat initialized with port(s): 9011 (http)
2015-11-05 11:09:41.006  INFO 66551 --- [lication.main()] o.apache.catalina.core.StandardService   : Starting service Tomcat
2015-11-05 11:09:41.007  INFO 66551 --- [lication.main()] org.apache.catalina.core.StandardEngine  : Starting Servlet Engine: Apache Tomcat/8.0.23
2015-11-05 11:09:41.191  INFO 66551 --- [ost-startStop-1] o.a.c.c.C.[Tomcat].[localhost].[/]       : Initializing Spring embedded WebApplicationContext
2015-11-05 11:09:41.192  INFO 66551 --- [ost-startStop-1] o.s.web.context.ContextLoader            : Root WebApplicationContext: initialization completed in 8490 ms
2015-11-05 11:09:43.297  WARN 66551 --- [ost-startStop-1] c.n.c.sources.URLConfigurationSource     : No URLs will be polled as dynamic configuration sources.
2015-11-05 11:09:43.298  INFO 66551 --- [ost-startStop-1] c.n.c.sources.URLConfigurationSource     : To enable URLs as dynamic configuration sources, define System property archaius.configurationSource.additionalUrls or make config.properties available on classpath.
2015-11-05 11:09:43.309  INFO 66551 --- [ost-startStop-1] c.netflix.config.DynamicPropertyFactory  : DynamicPropertyFactory is initialized with configuration sources: com.netflix.config.ConcurrentCompositeConfiguration@3714725b
2015-11-05 11:09:49.879  INFO 66551 --- [ost-startStop-1] o.s.b.a.e.mvc.EndpointHandlerMapping     : Mapped "{[/manage/dump],methods=[GET],params=[],headers=[],consumes=[],produces=[],custom=[]}" onto public java.lang.Object org.springframework.boot.actuate.endpoint.mvc.EndpointMvcAdapter.invoke()
2015-11-05 11:09:49.880  INFO 66551 --- [ost-startStop-1] o.s.b.a.e.mvc.EndpointHandlerMapping     : Mapped "{[/manage/info],methods=[GET],params=[],headers=[],consumes=[],produces=[],custom=[]}" onto public java.lang.Object org.springframework.boot.actuate.endpoint.mvc.EndpointMvcAdapter.invoke()
2015-11-05 11:09:49.880  INFO 66551 --- [ost-startStop-1] o.s.b.a.e.mvc.EndpointHandlerMapping     : Mapped "{[/manage/refresh],methods=[POST],params=[],headers=[],consumes=[],produces=[],custom=[]}" onto public java.lang.Object org.springframework.cloud.endpoint.GenericPostableMvcEndpoint.invoke()
2015-11-05 11:09:49.880  INFO 66551 --- [ost-startStop-1] o.s.b.a.e.mvc.EndpointHandlerMapping     : Mapped "{[/manage/resume],methods=[POST],params=[],headers=[],consumes=[],produces=[],custom=[]}" onto public java.lang.Object org.springframework.cloud.endpoint.GenericPostableMvcEndpoint.invoke()
2015-11-05 11:09:49.881  INFO 66551 --- [ost-startStop-1] o.s.b.a.e.mvc.EndpointHandlerMapping     : Mapped "{[/manage/routes],methods=[POST],params=[],headers=[],consumes=[],produces=[],custom=[]}" onto public java.util.Map<java.lang.String, java.lang.String> org.springframework.cloud.netflix.zuul.RoutesEndpoint.reset()
2015-11-05 11:09:49.881  INFO 66551 --- [ost-startStop-1] o.s.b.a.e.mvc.EndpointHandlerMapping     : Mapped "{[/manage/routes],methods=[GET],params=[],headers=[],consumes=[],produces=[],custom=[]}" onto public java.util.Map<java.lang.String, java.lang.String> org.springframework.cloud.netflix.zuul.RoutesEndpoint.getRoutes()
2015-11-05 11:09:49.882  INFO 66551 --- [ost-startStop-1] o.s.b.a.e.mvc.EndpointHandlerMapping     : Mapped "{[/manage/hystrix.stream/**],methods=[],params=[],headers=[],consumes=[],produces=[],custom=[]}" onto public org.springframework.web.servlet.ModelAndView org.springframework.cloud.netflix.endpoint.ServletWrappingEndpoint.handle(javax.servlet.http.HttpServletRequest,javax.servlet.http.HttpServletResponse) throws java.lang.Exception
2015-11-05 11:09:49.882  INFO 66551 --- [ost-startStop-1] o.s.b.a.e.mvc.EndpointHandlerMapping     : Mapped "{[/manage/trace],methods=[GET],params=[],headers=[],consumes=[],produces=[],custom=[]}" onto public java.lang.Object org.springframework.boot.actuate.endpoint.mvc.EndpointMvcAdapter.invoke()
2015-11-05 11:09:49.882  INFO 66551 --- [ost-startStop-1] o.s.b.a.e.mvc.EndpointHandlerMapping     : Mapped "{[/manage/metrics/{name:.*}],methods=[GET],params=[],headers=[],consumes=[],produces=[],custom=[]}" onto public java.lang.Object org.springframework.boot.actuate.endpoint.mvc.MetricsMvcEndpoint.value(java.lang.String)
2015-11-05 11:09:49.882  INFO 66551 --- [ost-startStop-1] o.s.b.a.e.mvc.EndpointHandlerMapping     : Mapped "{[/manage/metrics],methods=[GET],params=[],headers=[],consumes=[],produces=[],custom=[]}" onto public java.lang.Object org.springframework.boot.actuate.endpoint.mvc.EndpointMvcAdapter.invoke()
2015-11-05 11:09:49.883  INFO 66551 --- [ost-startStop-1] o.s.b.a.e.mvc.EndpointHandlerMapping     : Mapped "{[/manage/beans],methods=[GET],params=[],headers=[],consumes=[],produces=[],custom=[]}" onto public java.lang.Object org.springframework.boot.actuate.endpoint.mvc.EndpointMvcAdapter.invoke()
2015-11-05 11:09:49.883  INFO 66551 --- [ost-startStop-1] o.s.b.a.e.mvc.EndpointHandlerMapping     : Mapped "{[/manage/env],methods=[POST],params=[],headers=[],consumes=[],produces=[],custom=[]}" onto public java.lang.Object org.springframework.cloud.context.environment.EnvironmentManagerMvcEndpoint.value(java.util.Map<java.lang.String, java.lang.String>)
2015-11-05 11:09:49.883  INFO 66551 --- [ost-startStop-1] o.s.b.a.e.mvc.EndpointHandlerMapping     : Mapped "{[/manage/env/reset],methods=[POST],params=[],headers=[],consumes=[],produces=[],custom=[]}" onto public java.util.Map<java.lang.String, java.lang.Object> org.springframework.cloud.context.environment.EnvironmentManagerMvcEndpoint.reset()
2015-11-05 11:09:49.884  INFO 66551 --- [ost-startStop-1] o.s.b.a.e.mvc.EndpointHandlerMapping     : Mapped "{[/manage/restart],methods=[POST],params=[],headers=[],consumes=[],produces=[],custom=[]}" onto public java.lang.Object org.springframework.cloud.context.restart.RestartMvcEndpoint.invoke()
2015-11-05 11:09:49.884  INFO 66551 --- [ost-startStop-1] o.s.b.a.e.mvc.EndpointHandlerMapping     : Mapped "{[/manage/configprops],methods=[GET],params=[],headers=[],consumes=[],produces=[],custom=[]}" onto public java.lang.Object org.springframework.boot.actuate.endpoint.mvc.EndpointMvcAdapter.invoke()
2015-11-05 11:09:49.884  INFO 66551 --- [ost-startStop-1] o.s.b.a.e.mvc.EndpointHandlerMapping     : Mapped "{[/manage/health],methods=[],params=[],headers=[],consumes=[],produces=[],custom=[]}" onto public java.lang.Object org.springframework.boot.actuate.endpoint.mvc.HealthMvcEndpoint.invoke(java.security.Principal)
2015-11-05 11:09:49.884  INFO 66551 --- [ost-startStop-1] o.s.b.a.e.mvc.EndpointHandlerMapping     : Mapped "{[/manage/mappings],methods=[GET],params=[],headers=[],consumes=[],produces=[],custom=[]}" onto public java.lang.Object org.springframework.boot.actuate.endpoint.mvc.EndpointMvcAdapter.invoke()
2015-11-05 11:09:49.885  INFO 66551 --- [ost-startStop-1] o.s.b.a.e.mvc.EndpointHandlerMapping     : Mapped "{[/manage/archaius],methods=[GET],params=[],headers=[],consumes=[],produces=[],custom=[]}" onto public java.lang.Object org.springframework.boot.actuate.endpoint.mvc.EndpointMvcAdapter.invoke()
2015-11-05 11:09:49.887  INFO 66551 --- [ost-startStop-1] o.s.b.a.e.mvc.EndpointHandlerMapping     : Mapped "{[/manage/env/{name:.*}],methods=[GET],params=[],headers=[],consumes=[],produces=[],custom=[]}" onto public java.lang.Object org.springframework.boot.actuate.endpoint.mvc.EnvironmentMvcEndpoint.value(java.lang.String)
2015-11-05 11:09:49.887  INFO 66551 --- [ost-startStop-1] o.s.b.a.e.mvc.EndpointHandlerMapping     : Mapped "{[/manage/env],methods=[GET],params=[],headers=[],consumes=[],produces=[],custom=[]}" onto public java.lang.Object org.springframework.boot.actuate.endpoint.mvc.EndpointMvcAdapter.invoke()
2015-11-05 11:09:49.887  INFO 66551 --- [ost-startStop-1] o.s.b.a.e.mvc.EndpointHandlerMapping     : Mapped "{[/manage/autoconfig],methods=[GET],params=[],headers=[],consumes=[],produces=[],custom=[]}" onto public java.lang.Object org.springframework.boot.actuate.endpoint.mvc.EndpointMvcAdapter.invoke()
2015-11-05 11:09:49.887  INFO 66551 --- [ost-startStop-1] o.s.b.a.e.mvc.EndpointHandlerMapping     : Mapped "{[/manage/pause],methods=[POST],params=[],headers=[],consumes=[],produces=[],custom=[]}" onto public java.lang.Object org.springframework.cloud.endpoint.GenericPostableMvcEndpoint.invoke()
2015-11-05 11:09:50.159  INFO 66551 --- [ost-startStop-1] b.a.s.AuthenticationManagerConfiguration : 

Using default security password: b3cc5c44-baf9-4f4b-92b8-ae1b92aba5b7

2015-11-05 11:09:50.267  INFO 66551 --- [ost-startStop-1] o.s.s.web.DefaultSecurityFilterChain     : Creating filter chain: Ant [pattern='/css/**'], []
2015-11-05 11:09:50.267  INFO 66551 --- [ost-startStop-1] o.s.s.web.DefaultSecurityFilterChain     : Creating filter chain: Ant [pattern='/js/**'], []
2015-11-05 11:09:50.267  INFO 66551 --- [ost-startStop-1] o.s.s.web.DefaultSecurityFilterChain     : Creating filter chain: Ant [pattern='/images/**'], []
2015-11-05 11:09:50.267  INFO 66551 --- [ost-startStop-1] o.s.s.web.DefaultSecurityFilterChain     : Creating filter chain: Ant [pattern='/**/favicon.ico'], []
2015-11-05 11:09:50.267  INFO 66551 --- [ost-startStop-1] o.s.s.web.DefaultSecurityFilterChain     : Creating filter chain: Ant [pattern='/manage/info'], []
2015-11-05 11:09:50.267  INFO 66551 --- [ost-startStop-1] o.s.s.web.DefaultSecurityFilterChain     : Creating filter chain: Ant [pattern='/manage/info/**'], []
2015-11-05 11:09:50.267  INFO 66551 --- [ost-startStop-1] o.s.s.web.DefaultSecurityFilterChain     : Creating filter chain: Ant [pattern='/manage/info.*'], []
2015-11-05 11:09:50.267  INFO 66551 --- [ost-startStop-1] o.s.s.web.DefaultSecurityFilterChain     : Creating filter chain: Ant [pattern='/manage/hystrix.stream'], []
2015-11-05 11:09:50.267  INFO 66551 --- [ost-startStop-1] o.s.s.web.DefaultSecurityFilterChain     : Creating filter chain: Ant [pattern='/manage/hystrix.stream/**'], []
2015-11-05 11:09:50.267  INFO 66551 --- [ost-startStop-1] o.s.s.web.DefaultSecurityFilterChain     : Creating filter chain: Ant [pattern='/manage/hystrix.stream.*'], []
2015-11-05 11:09:50.267  INFO 66551 --- [ost-startStop-1] o.s.s.web.DefaultSecurityFilterChain     : Creating filter chain: Ant [pattern='/manage/health'], []
2015-11-05 11:09:50.268  INFO 66551 --- [ost-startStop-1] o.s.s.web.DefaultSecurityFilterChain     : Creating filter chain: Ant [pattern='/manage/health/**'], []
2015-11-05 11:09:50.268  INFO 66551 --- [ost-startStop-1] o.s.s.web.DefaultSecurityFilterChain     : Creating filter chain: Ant [pattern='/manage/health.*'], []
2015-11-05 11:09:50.268  INFO 66551 --- [ost-startStop-1] o.s.s.web.DefaultSecurityFilterChain     : Creating filter chain: Ant [pattern='/manage/dump'], []
2015-11-05 11:09:50.269  INFO 66551 --- [ost-startStop-1] o.s.s.web.DefaultSecurityFilterChain     : Creating filter chain: Ant [pattern='/manage/dump/**'], []
2015-11-05 11:09:50.269  INFO 66551 --- [ost-startStop-1] o.s.s.web.DefaultSecurityFilterChain     : Creating filter chain: Ant [pattern='/manage/dump.*'], []
2015-11-05 11:09:50.269  INFO 66551 --- [ost-startStop-1] o.s.s.web.DefaultSecurityFilterChain     : Creating filter chain: Ant [pattern='/manage/refresh'], []
2015-11-05 11:09:50.269  INFO 66551 --- [ost-startStop-1] o.s.s.web.DefaultSecurityFilterChain     : Creating filter chain: Ant [pattern='/manage/refresh/**'], []
2015-11-05 11:09:50.269  INFO 66551 --- [ost-startStop-1] o.s.s.web.DefaultSecurityFilterChain     : Creating filter chain: Ant [pattern='/manage/refresh.*'], []
2015-11-05 11:09:50.269  INFO 66551 --- [ost-startStop-1] o.s.s.web.DefaultSecurityFilterChain     : Creating filter chain: Ant [pattern='/manage/resume'], []
2015-11-05 11:09:50.269  INFO 66551 --- [ost-startStop-1] o.s.s.web.DefaultSecurityFilterChain     : Creating filter chain: Ant [pattern='/manage/resume/**'], []
2015-11-05 11:09:50.269  INFO 66551 --- [ost-startStop-1] o.s.s.web.DefaultSecurityFilterChain     : Creating filter chain: Ant [pattern='/manage/resume.*'], []
2015-11-05 11:09:50.269  INFO 66551 --- [ost-startStop-1] o.s.s.web.DefaultSecurityFilterChain     : Creating filter chain: Ant [pattern='/manage/routes'], []
2015-11-05 11:09:50.269  INFO 66551 --- [ost-startStop-1] o.s.s.web.DefaultSecurityFilterChain     : Creating filter chain: Ant [pattern='/manage/routes/**'], []
2015-11-05 11:09:50.269  INFO 66551 --- [ost-startStop-1] o.s.s.web.DefaultSecurityFilterChain     : Creating filter chain: Ant [pattern='/manage/routes.*'], []
2015-11-05 11:09:50.269  INFO 66551 --- [ost-startStop-1] o.s.s.web.DefaultSecurityFilterChain     : Creating filter chain: Ant [pattern='/manage/trace'], []
2015-11-05 11:09:50.269  INFO 66551 --- [ost-startStop-1] o.s.s.web.DefaultSecurityFilterChain     : Creating filter chain: Ant [pattern='/manage/trace/**'], []
2015-11-05 11:09:50.269  INFO 66551 --- [ost-startStop-1] o.s.s.web.DefaultSecurityFilterChain     : Creating filter chain: Ant [pattern='/manage/trace.*'], []
2015-11-05 11:09:50.270  INFO 66551 --- [ost-startStop-1] o.s.s.web.DefaultSecurityFilterChain     : Creating filter chain: Ant [pattern='/manage/metrics'], []
2015-11-05 11:09:50.270  INFO 66551 --- [ost-startStop-1] o.s.s.web.DefaultSecurityFilterChain     : Creating filter chain: Ant [pattern='/manage/metrics/**'], []
2015-11-05 11:09:50.270  INFO 66551 --- [ost-startStop-1] o.s.s.web.DefaultSecurityFilterChain     : Creating filter chain: Ant [pattern='/manage/metrics.*'], []
2015-11-05 11:09:50.270  INFO 66551 --- [ost-startStop-1] o.s.s.web.DefaultSecurityFilterChain     : Creating filter chain: Ant [pattern='/manage/beans'], []
2015-11-05 11:09:50.270  INFO 66551 --- [ost-startStop-1] o.s.s.web.DefaultSecurityFilterChain     : Creating filter chain: Ant [pattern='/manage/beans/**'], []
2015-11-05 11:09:50.270  INFO 66551 --- [ost-startStop-1] o.s.s.web.DefaultSecurityFilterChain     : Creating filter chain: Ant [pattern='/manage/beans.*'], []
2015-11-05 11:09:50.270  INFO 66551 --- [ost-startStop-1] o.s.s.web.DefaultSecurityFilterChain     : Creating filter chain: Ant [pattern='/manage/env'], []
2015-11-05 11:09:50.270  INFO 66551 --- [ost-startStop-1] o.s.s.web.DefaultSecurityFilterChain     : Creating filter chain: Ant [pattern='/manage/env/**'], []
2015-11-05 11:09:50.270  INFO 66551 --- [ost-startStop-1] o.s.s.web.DefaultSecurityFilterChain     : Creating filter chain: Ant [pattern='/manage/env.*'], []
2015-11-05 11:09:50.270  INFO 66551 --- [ost-startStop-1] o.s.s.web.DefaultSecurityFilterChain     : Creating filter chain: Ant [pattern='/manage/restart'], []
2015-11-05 11:09:50.270  INFO 66551 --- [ost-startStop-1] o.s.s.web.DefaultSecurityFilterChain     : Creating filter chain: Ant [pattern='/manage/restart/**'], []
2015-11-05 11:09:50.270  INFO 66551 --- [ost-startStop-1] o.s.s.web.DefaultSecurityFilterChain     : Creating filter chain: Ant [pattern='/manage/restart.*'], []
2015-11-05 11:09:50.270  INFO 66551 --- [ost-startStop-1] o.s.s.web.DefaultSecurityFilterChain     : Creating filter chain: Ant [pattern='/manage/configprops'], []
2015-11-05 11:09:50.270  INFO 66551 --- [ost-startStop-1] o.s.s.web.DefaultSecurityFilterChain     : Creating filter chain: Ant [pattern='/manage/configprops/**'], []
2015-11-05 11:09:50.270  INFO 66551 --- [ost-startStop-1] o.s.s.web.DefaultSecurityFilterChain     : Creating filter chain: Ant [pattern='/manage/configprops.*'], []
2015-11-05 11:09:50.270  INFO 66551 --- [ost-startStop-1] o.s.s.web.DefaultSecurityFilterChain     : Creating filter chain: Ant [pattern='/manage/mappings'], []
2015-11-05 11:09:50.270  INFO 66551 --- [ost-startStop-1] o.s.s.web.DefaultSecurityFilterChain     : Creating filter chain: Ant [pattern='/manage/mappings/**'], []
2015-11-05 11:09:50.270  INFO 66551 --- [ost-startStop-1] o.s.s.web.DefaultSecurityFilterChain     : Creating filter chain: Ant [pattern='/manage/mappings.*'], []
2015-11-05 11:09:50.271  INFO 66551 --- [ost-startStop-1] o.s.s.web.DefaultSecurityFilterChain     : Creating filter chain: Ant [pattern='/manage/archaius'], []
2015-11-05 11:09:50.271  INFO 66551 --- [ost-startStop-1] o.s.s.web.DefaultSecurityFilterChain     : Creating filter chain: Ant [pattern='/manage/archaius/**'], []
2015-11-05 11:09:50.271  INFO 66551 --- [ost-startStop-1] o.s.s.web.DefaultSecurityFilterChain     : Creating filter chain: Ant [pattern='/manage/archaius.*'], []
2015-11-05 11:09:50.271  INFO 66551 --- [ost-startStop-1] o.s.s.web.DefaultSecurityFilterChain     : Creating filter chain: Ant [pattern='/manage/autoconfig'], []
2015-11-05 11:09:50.271  INFO 66551 --- [ost-startStop-1] o.s.s.web.DefaultSecurityFilterChain     : Creating filter chain: Ant [pattern='/manage/autoconfig/**'], []
2015-11-05 11:09:50.271  INFO 66551 --- [ost-startStop-1] o.s.s.web.DefaultSecurityFilterChain     : Creating filter chain: Ant [pattern='/manage/autoconfig.*'], []
2015-11-05 11:09:50.271  INFO 66551 --- [ost-startStop-1] o.s.s.web.DefaultSecurityFilterChain     : Creating filter chain: Ant [pattern='/manage/pause'], []
2015-11-05 11:09:50.271  INFO 66551 --- [ost-startStop-1] o.s.s.web.DefaultSecurityFilterChain     : Creating filter chain: Ant [pattern='/manage/pause/**'], []
2015-11-05 11:09:50.271  INFO 66551 --- [ost-startStop-1] o.s.s.web.DefaultSecurityFilterChain     : Creating filter chain: Ant [pattern='/manage/pause.*'], []
2015-11-05 11:09:50.271  INFO 66551 --- [ost-startStop-1] o.s.s.web.DefaultSecurityFilterChain     : Creating filter chain: Ant [pattern='/error'], []
2015-11-05 11:09:50.401  INFO 66551 --- [ost-startStop-1] o.s.s.web.DefaultSecurityFilterChain     : Creating filter chain: org.springframework.boot.autoconfigure.security.SpringBootWebSecurityConfiguration$ApplicationNoWebSecurityConfigurerAdapter$1@1d314a5d, [org.springframework.security.web.context.request.async.WebAsyncManagerIntegrationFilter@7699dfe0, org.springframework.security.web.context.SecurityContextPersistenceFilter@7ae555c9, org.springframework.security.web.header.HeaderWriterFilter@ed7983c, org.springframework.security.web.csrf.CsrfFilter@5ad65256, org.springframework.security.web.authentication.logout.LogoutFilter@30b20289, org.springframework.security.web.savedrequest.RequestCacheAwareFilter@5f294fa2, org.springframework.security.web.servletapi.SecurityContextHolderAwareRequestFilter@d43a638, org.springframework.security.web.authentication.AnonymousAuthenticationFilter@197dd6c8, org.springframework.security.web.session.SessionManagementFilter@4d70aa7c, org.springframework.security.web.access.ExceptionTranslationFilter@51d1e3df]
2015-11-05 11:09:50.625  INFO 66551 --- [ost-startStop-1] o.s.s.concurrent.ThreadPoolTaskExecutor  : Initializing ExecutorService  'metricsExecutor'
2015-11-05 11:09:51.279  INFO 66551 --- [ost-startStop-1] o.s.b.c.embedded.FilterRegistrationBean  : Mapping filter: 'metricFilter' to: [/*]
2015-11-05 11:09:51.280  INFO 66551 --- [ost-startStop-1] o.s.b.c.embedded.FilterRegistrationBean  : Mapping filter: 'characterEncodingFilter' to: [/*]
2015-11-05 11:09:51.280  INFO 66551 --- [ost-startStop-1] o.s.b.c.embedded.FilterRegistrationBean  : Mapping filter: 'hiddenHttpMethodFilter' to: [/*]
2015-11-05 11:09:51.280  INFO 66551 --- [ost-startStop-1] o.s.b.c.embedded.FilterRegistrationBean  : Mapping filter: 'springSecurityFilterChain' to: [/*]
2015-11-05 11:09:51.280  INFO 66551 --- [ost-startStop-1] o.s.b.c.embedded.FilterRegistrationBean  : Mapping filter: 'webRequestLoggingFilter' to: [/*]
2015-11-05 11:09:51.280  INFO 66551 --- [ost-startStop-1] o.s.b.c.embedded.FilterRegistrationBean  : Mapping filter: 'applicationContextIdFilter' to: [/*]
2015-11-05 11:09:51.280  INFO 66551 --- [ost-startStop-1] o.s.b.c.e.ServletRegistrationBean        : Mapping servlet: 'zuulServlet' to [/zuul/*]
2015-11-05 11:09:51.282  INFO 66551 --- [ost-startStop-1] o.s.b.c.e.ServletRegistrationBean        : Mapping servlet: 'dispatcherServlet' to [/]
2015-11-05 11:09:51.302  INFO 66551 --- [ost-startStop-1] o.s.c.n.zuul.ZuulFilterInitializer       : Starting filter initializer context listener
2015-11-05 11:09:51.627  INFO 66551 --- [lication.main()] s.w.s.m.m.a.RequestMappingHandlerAdapter : Looking for @ControllerAdvice: org.springframework.boot.context.embedded.AnnotationConfigEmbeddedWebApplicationContext@477129e1: startup date [Thu Nov 05 11:09:32 PST 2015]; parent: org.springframework.context.annotation.AnnotationConfigApplicationContext@565bfaac
2015-11-05 11:09:51.709  INFO 66551 --- [lication.main()] s.w.s.m.m.a.RequestMappingHandlerMapping : Mapped "{[/error],methods=[],params=[],headers=[],consumes=[],produces=[],custom=[]}" onto public org.springframework.http.ResponseEntity<java.util.Map<java.lang.String, java.lang.Object>> org.springframework.boot.autoconfigure.web.BasicErrorController.error(javax.servlet.http.HttpServletRequest)
2015-11-05 11:09:51.710  INFO 66551 --- [lication.main()] s.w.s.m.m.a.RequestMappingHandlerMapping : Mapped "{[/error],methods=[],params=[],headers=[],consumes=[],produces=[text/html],custom=[]}" onto public org.springframework.web.servlet.ModelAndView org.springframework.boot.autoconfigure.web.BasicErrorController.errorHtml(javax.servlet.http.HttpServletRequest)
2015-11-05 11:09:51.793  INFO 66551 --- [lication.main()] o.s.w.s.handler.SimpleUrlHandlerMapping  : Mapped URL path [/webjars/**] onto handler of type [class org.springframework.web.servlet.resource.ResourceHttpRequestHandler]
2015-11-05 11:09:51.793  INFO 66551 --- [lication.main()] o.s.w.s.handler.SimpleUrlHandlerMapping  : Mapped URL path [/**] onto handler of type [class org.springframework.web.servlet.resource.ResourceHttpRequestHandler]
2015-11-05 11:09:51.918  INFO 66551 --- [lication.main()] o.s.w.s.handler.SimpleUrlHandlerMapping  : Mapped URL path [/**/favicon.ico] onto handler of type [class org.springframework.web.servlet.resource.ResourceHttpRequestHandler]
2015-11-05 11:09:52.571  WARN 66551 --- [lication.main()] c.n.c.sources.URLConfigurationSource     : No URLs will be polled as dynamic configuration sources.
2015-11-05 11:09:52.571  INFO 66551 --- [lication.main()] c.n.c.sources.URLConfigurationSource     : To enable URLs as dynamic configuration sources, define System property archaius.configurationSource.additionalUrls or make config.properties available on classpath.
2015-11-05 11:09:52.676  INFO 66551 --- [lication.main()] ProxyFactoryBean$MethodInvocationGateway : started hystrixStreamChannel
2015-11-05 11:09:52.676  INFO 66551 --- [lication.main()] o.s.i.gateway.GatewayProxyFactoryBean    : started hystrixStreamChannel
2015-11-05 11:09:52.800  INFO 66551 --- [lication.main()] o.s.j.e.a.AnnotationMBeanExporter        : Registering beans for JMX exposure on startup
2015-11-05 11:09:52.808  INFO 66551 --- [lication.main()] o.s.j.e.a.AnnotationMBeanExporter        : Bean with name 'zuulEndpoint' has been autodetected for JMX exposure
2015-11-05 11:09:52.810  INFO 66551 --- [lication.main()] o.s.j.e.a.AnnotationMBeanExporter        : Bean with name 'refreshEndpoint' has been autodetected for JMX exposure
2015-11-05 11:09:52.810  INFO 66551 --- [lication.main()] o.s.j.e.a.AnnotationMBeanExporter        : Bean with name 'restartEndpoint' has been autodetected for JMX exposure
2015-11-05 11:09:52.811  INFO 66551 --- [lication.main()] o.s.j.e.a.AnnotationMBeanExporter        : Bean with name 'configurationPropertiesRebinder' has been autodetected for JMX exposure
2015-11-05 11:09:52.812  INFO 66551 --- [lication.main()] o.s.j.e.a.AnnotationMBeanExporter        : Bean with name 'refreshScope' has been autodetected for JMX exposure
2015-11-05 11:09:52.813  INFO 66551 --- [lication.main()] o.s.j.e.a.AnnotationMBeanExporter        : Bean with name 'environmentManager' has been autodetected for JMX exposure
2015-11-05 11:09:52.816  INFO 66551 --- [lication.main()] o.s.j.e.a.AnnotationMBeanExporter        : Located managed bean 'environmentManager': registering with JMX server as MBean [org.springframework.cloud.context.environment:name=environmentManager,type=EnvironmentManager]
2015-11-05 11:09:52.827  INFO 66551 --- [lication.main()] o.s.j.e.a.AnnotationMBeanExporter        : Located managed bean 'restartEndpoint': registering with JMX server as MBean [org.springframework.cloud.context.restart:name=restartEndpoint,type=RestartEndpoint]
2015-11-05 11:09:52.835  INFO 66551 --- [lication.main()] o.s.j.e.a.AnnotationMBeanExporter        : Located managed bean 'refreshScope': registering with JMX server as MBean [org.springframework.cloud.context.scope.refresh:name=refreshScope,type=RefreshScope]
2015-11-05 11:09:52.843  INFO 66551 --- [lication.main()] o.s.j.e.a.AnnotationMBeanExporter        : Located managed bean 'zuulEndpoint': registering with JMX server as MBean [org.springframework.cloud.netflix.zuul:name=zuulEndpoint,type=RoutesEndpoint]
2015-11-05 11:09:52.848  INFO 66551 --- [lication.main()] o.s.j.e.a.AnnotationMBeanExporter        : Located managed bean 'configurationPropertiesRebinder': registering with JMX server as MBean [org.springframework.cloud.context.properties:name=configurationPropertiesRebinder,context=477129e1,type=ConfigurationPropertiesRebinder]
2015-11-05 11:09:52.854  INFO 66551 --- [lication.main()] o.s.j.e.a.AnnotationMBeanExporter        : Located managed bean 'refreshEndpoint': registering with JMX server as MBean [org.springframework.cloud.bootstrap.config:name=refreshEndpoint,type=RefreshEndpoint]
2015-11-05 11:09:52.864  INFO 66551 --- [lication.main()] o.s.c.support.DefaultLifecycleProcessor  : Starting beans in phase -2147483648
2015-11-05 11:09:52.865  INFO 66551 --- [lication.main()] o.s.c.support.DefaultLifecycleProcessor  : Starting beans in phase 0
2015-11-05 11:09:52.869  INFO 66551 --- [lication.main()] .p.EurekaConfigBasedInstanceInfoProvider : Setting initial instance status as: STARTING
2015-11-05 11:09:53.260  INFO 66551 --- [lication.main()] com.netflix.discovery.DiscoveryClient    : Disable delta property : false
2015-11-05 11:09:53.261  INFO 66551 --- [lication.main()] com.netflix.discovery.DiscoveryClient    : Single vip registry refresh property : null
2015-11-05 11:09:53.261  INFO 66551 --- [lication.main()] com.netflix.discovery.DiscoveryClient    : Force full registry fetch : false
2015-11-05 11:09:53.262  INFO 66551 --- [lication.main()] com.netflix.discovery.DiscoveryClient    : Application is null : false
2015-11-05 11:09:53.262  INFO 66551 --- [lication.main()] com.netflix.discovery.DiscoveryClient    : Registered Applications size is zero : true
2015-11-05 11:09:53.262  INFO 66551 --- [lication.main()] com.netflix.discovery.DiscoveryClient    : Application version is -1: true
2015-11-05 11:09:53.759  INFO 66551 --- [lication.main()] com.netflix.discovery.DiscoveryClient    : Getting all instance registry info from the eureka server
2015-11-05 11:09:53.796  INFO 66551 --- [lication.main()] com.netflix.discovery.DiscoveryClient    : The response status is 200
2015-11-05 11:09:53.799  INFO 66551 --- [lication.main()] com.netflix.discovery.DiscoveryClient    : Starting heartbeat executor: renew interval is: 5
2015-11-05 11:09:53.804  INFO 66551 --- [lication.main()] c.n.e.EurekaDiscoveryClientConfiguration : Registering application sfdcapigateway with eureka with status UP
2015-11-05 11:09:53.878  INFO 66551 --- [lication.main()] o.s.c.n.zuul.web.ZuulHandlerMapping      : Mapped URL path [/authservice/**] onto handler of type [class org.springframework.cloud.netflix.zuul.web.ZuulController]
2015-11-05 11:09:53.878  INFO 66551 --- [lication.main()] o.s.c.n.zuul.web.ZuulHandlerMapping      : Mapped URL path [/accountservice/**] onto handler of type [class org.springframework.cloud.netflix.zuul.web.ZuulController]
2015-11-05 11:09:53.878  INFO 66551 --- [lication.main()] o.s.c.n.zuul.web.ZuulHandlerMapping      : Mapped URL path [/contactservice/**] onto handler of type [class org.springframework.cloud.netflix.zuul.web.ZuulController]
2015-11-05 11:09:53.878  INFO 66551 --- [lication.main()] o.s.c.n.zuul.web.ZuulHandlerMapping      : Mapped URL path [/opportunityservice/**] onto handler of type [class org.springframework.cloud.netflix.zuul.web.ZuulController]
2015-11-05 11:09:53.904  INFO 66551 --- [lication.main()] o.s.i.endpoint.EventDrivenConsumer       : Adding {logging-channel-adapter:_org.springframework.integration.errorLogger} as a subscriber to the 'errorChannel' channel
2015-11-05 11:09:53.904  INFO 66551 --- [lication.main()] o.s.i.channel.PublishSubscribeChannel    : Channel 'sfdcapigateway:local.errorChannel' has 1 subscriber(s).
2015-11-05 11:09:53.904  INFO 66551 --- [lication.main()] o.s.i.endpoint.EventDrivenConsumer       : started _org.springframework.integration.errorLogger
2015-11-05 11:09:53.904  INFO 66551 --- [lication.main()] o.s.i.endpoint.EventDrivenConsumer       : Adding {amqp:outbound-channel-adapter} as a subscriber to the 'hystrixStream' channel
2015-11-05 11:09:53.904  INFO 66551 --- [lication.main()] o.s.integration.channel.DirectChannel    : Channel 'sfdcapigateway:local.hystrixStream' has 1 subscriber(s).
2015-11-05 11:09:53.904  INFO 66551 --- [lication.main()] o.s.i.endpoint.EventDrivenConsumer       : started org.springframework.integration.config.ConsumerEndpointFactoryBean#0
2015-11-05 11:09:53.904  INFO 66551 --- [lication.main()] o.s.c.support.DefaultLifecycleProcessor  : Starting beans in phase 2147483647
2015-11-05 11:09:53.905  INFO 66551 --- [lication.main()] c.n.h.c.m.e.HystrixMetricsPoller         : Starting HystrixMetricsPoller
2015-11-05 11:09:53.907  INFO 66551 --- [lication.main()] ration$HystrixMetricsPollerConfiguration : Starting poller
2015-11-05 11:09:53.964  INFO 66551 --- [lication.main()] s.b.c.e.t.TomcatEmbeddedServletContainer : Tomcat started on port(s): 9011 (http)
2015-11-05 11:09:53.965  INFO 66551 --- [lication.main()] i.p.sfdc.SfdcapigatewayApplication       : Started SfdcapigatewayApplication in 35.929 seconds (JVM running for 46.2)
2015-11-05 11:09:58.819  INFO 66551 --- [pool-6-thread-1] com.netflix.discovery.DiscoveryClient    : DiscoveryClient_SFDCAPIGATEWAY/localhost:sfdcapigateway:9011 - Re-registering apps/SFDCAPIGATEWAY
2015-11-05 11:09:58.819  INFO 66551 --- [pool-6-thread-1] com.netflix.discovery.DiscoveryClient    : DiscoveryClient_SFDCAPIGATEWAY/localhost:sfdcapigateway:9011: registering service...
2015-11-05 11:09:58.834  INFO 66551 --- [pool-6-thread-1] com.netflix.discovery.DiscoveryClient    : DiscoveryClient_SFDCAPIGATEWAY/localhost:sfdcapigateway:9011 - registration status: 204
2015-11-05 11:10:23.803  INFO 66551 --- [pool-7-thread-1] com.netflix.discovery.DiscoveryClient    : Disable delta property : false
2015-11-05 11:10:23.804  INFO 66551 --- [pool-7-thread-1] com.netflix.discovery.DiscoveryClient    : Single vip registry refresh property : null
2015-11-05 11:10:23.804  INFO 66551 --- [pool-7-thread-1] com.netflix.discovery.DiscoveryClient    : Force full registry fetch : false
2015-11-05 11:10:23.804  INFO 66551 --- [pool-7-thread-1] com.netflix.discovery.DiscoveryClient    : Application is null : false
2015-11-05 11:10:23.804  INFO 66551 --- [pool-7-thread-1] com.netflix.discovery.DiscoveryClient    : Registered Applications size is zero : true
2015-11-05 11:10:23.804  INFO 66551 --- [pool-7-thread-1] com.netflix.discovery.DiscoveryClient    : Application version is -1: false
2015-11-05 11:10:23.808  INFO 66551 --- [pool-7-thread-1] com.netflix.discovery.DiscoveryClient    : Getting all instance registry info from the eureka server
2015-11-05 11:10:23.816  INFO 66551 --- [pool-7-thread-1] com.netflix.discovery.DiscoveryClient    : The response status is 200
2015-11-05 11:10:33.803  INFO 66551 --- [scoveryClient-3] com.netflix.discovery.DiscoveryClient    : DiscoveryClient_SFDCAPIGATEWAY/localhost:sfdcapigateway:9011 - retransmit instance info with status UP
2015-11-05 11:10:33.803  INFO 66551 --- [scoveryClient-3] com.netflix.discovery.DiscoveryClient    : DiscoveryClient_SFDCAPIGATEWAY/localhost:sfdcapigateway:9011: registering service...
2015-11-05 11:10:33.809  INFO 66551 --- [scoveryClient-3] com.netflix.discovery.DiscoveryClient    : DiscoveryClient_SFDCAPIGATEWAY/localhost:sfdcapigateway:9011 - registration status: 204
2015-11-05 11:10:33.883  INFO 66551 --- [pool-6-thread-1] com.netflix.discovery.DiscoveryClient    : DiscoveryClient_SFDCAPIGATEWAY/localhost:sfdcapigateway:9011 - Re-registering apps/SFDCAPIGATEWAY
2015-11-05 11:10:33.883  INFO 66551 --- [pool-6-thread-1] com.netflix.discovery.DiscoveryClient    : DiscoveryClient_SFDCAPIGATEWAY/localhost:sfdcapigateway:9011: registering service...
2015-11-05 11:10:33.890  INFO 66551 --- [pool-6-thread-1] com.netflix.discovery.DiscoveryClient    : DiscoveryClient_SFDCAPIGATEWAY/localhost:sfdcapigateway:9011 - registration status: 204
