[INFO] Scanning for projects...
[WARNING] 
[WARNING] Some problems were encountered while building the effective model for io.pivotal.sfdc:configServer:jar:0.0.1-SNAPSHOT
[WARNING] 'build.plugins.plugin.version' for org.springframework.boot:spring-boot-maven-plugin is missing. @ line 95, column 12
[WARNING] 
[WARNING] It is highly recommended to fix these problems because they threaten the stability of your build.
[WARNING] 
[WARNING] For this reason, future Maven versions might no longer support building such malformed projects.
[WARNING] 
[INFO]                                                                         
[INFO] ------------------------------------------------------------------------
[INFO] Building configServer 0.0.1-SNAPSHOT
[INFO] ------------------------------------------------------------------------
[INFO] 
[INFO] >>> spring-boot-maven-plugin:1.2.5.RELEASE:run (default-cli) > test-compile @ configServer >>>
[INFO] 
[INFO] --- maven-resources-plugin:2.6:resources (default-resources) @ configServer ---
[INFO] Using 'UTF-8' encoding to copy filtered resources.
[INFO] Copying 2 resources
[INFO] 
[INFO] --- maven-compiler-plugin:3.1:compile (default-compile) @ configServer ---
[INFO] Nothing to compile - all classes are up to date
[INFO] 
[INFO] --- maven-resources-plugin:2.6:testResources (default-testResources) @ configServer ---
[INFO] Using 'UTF-8' encoding to copy filtered resources.
[INFO] skip non existing resourceDirectory /Users/jsheth/Documents/workspace/microservice-samples/SFDCApp/configServer/src/test/resources
[INFO] 
[INFO] --- maven-compiler-plugin:3.1:testCompile (default-testCompile) @ configServer ---
[INFO] Nothing to compile - all classes are up to date
[INFO] 
[INFO] <<< spring-boot-maven-plugin:1.2.5.RELEASE:run (default-cli) < test-compile @ configServer <<<
[INFO] 
[INFO] --- spring-boot-maven-plugin:1.2.5.RELEASE:run (default-cli) @ configServer ---
2015-11-05 11:08:41.362  INFO 66496 --- [igServer.main()] io.pivotal.sfdc.ConfigServer             : Starting ConfigServer on pivotal-guest-437.sf.pivotallabs.com with PID 66496 (/Users/jsheth/Documents/workspace/microservice-samples/SFDCApp/configServer/target/classes started by jsheth in /Users/jsheth/Documents/workspace/microservice-samples/SFDCApp/configServer)
2015-11-05 11:08:41.366  INFO 66496 --- [igServer.main()] io.pivotal.sfdc.ConfigServer             : The following profiles are active: local
2015-11-05 11:08:41.412  INFO 66496 --- [igServer.main()] s.c.a.AnnotationConfigApplicationContext : Refreshing org.springframework.context.annotation.AnnotationConfigApplicationContext@47b4b490: startup date [Thu Nov 05 11:08:41 PST 2015]; root of context hierarchy
2015-11-05 11:08:41.836  INFO 66496 --- [igServer.main()] trationDelegate$BeanPostProcessorChecker : Bean 'configurationPropertiesBootstrapConfiguration' of type [class org.springframework.cloud.bootstrap.config.ConfigurationPropertiesBootstrapConfiguration$$EnhancerBySpringCGLIB$$c244b55e] is not eligible for getting processed by all BeanPostProcessors (for example: not eligible for auto-proxying)
2015-11-05 11:08:42.205  INFO 66496 --- [igServer.main()] io.pivotal.sfdc.ConfigServer             : Started ConfigServer in 1.276 seconds (JVM running for 4.476)

  .   ____          _            __ _ _
 /\\ / ___'_ __ _ _(_)_ __  __ _ \ \ \ \
( ( )\___ | '_ | '_| | '_ \/ _` | \ \ \ \
 \\/  ___)| |_)| | | | | || (_| |  ) ) ) )
  '  |____| .__|_| |_|_| |_\__, | / / / /
 =========|_|==============|___/=/_/_/_/
 :: Spring Boot ::            (v1.3.0.RC1)

2015-11-05 11:08:42.252  INFO 66496 --- [igServer.main()] io.pivotal.sfdc.ConfigServer             : The following profiles are active: local
2015-11-05 11:08:42.261  INFO 66496 --- [igServer.main()] ationConfigEmbeddedWebApplicationContext : Refreshing org.springframework.boot.context.embedded.AnnotationConfigEmbeddedWebApplicationContext@68961347: startup date [Thu Nov 05 11:08:42 PST 2015]; parent: org.springframework.context.annotation.AnnotationConfigApplicationContext@47b4b490
2015-11-05 11:08:42.958  INFO 66496 --- [igServer.main()] o.s.b.f.s.DefaultListableBeanFactory     : Overriding bean definition for bean 'beanNameViewResolver' with a different definition: replacing [Root bean: class [null]; scope=; abstract=false; lazyInit=false; autowireMode=3; dependencyCheck=0; autowireCandidate=true; primary=false; factoryBeanName=org.springframework.boot.autoconfigure.web.ErrorMvcAutoConfiguration$WhitelabelErrorViewConfiguration; factoryMethodName=beanNameViewResolver; initMethodName=null; destroyMethodName=(inferred); defined in class path resource [org/springframework/boot/autoconfigure/web/ErrorMvcAutoConfiguration$WhitelabelErrorViewConfiguration.class]] with [Root bean: class [null]; scope=; abstract=false; lazyInit=false; autowireMode=3; dependencyCheck=0; autowireCandidate=true; primary=false; factoryBeanName=org.springframework.boot.autoconfigure.web.WebMvcAutoConfiguration$WebMvcAutoConfigurationAdapter; factoryMethodName=beanNameViewResolver; initMethodName=null; destroyMethodName=(inferred); defined in class path resource [org/springframework/boot/autoconfigure/web/WebMvcAutoConfiguration$WebMvcAutoConfigurationAdapter.class]]
2015-11-05 11:08:43.236 DEBUG 66496 --- [igServer.main()] o.s.cloud.context.scope.GenericScope     : Generating bean factory id from names: [org.springframework.context.annotation.internalConfigurationAnnotationProcessor, org.springframework.context.annotation.internalAutowiredAnnotationProcessor, org.springframework.context.annotation.internalRequiredAnnotationProcessor, org.springframework.context.annotation.internalCommonAnnotationProcessor, org.springframework.context.event.internalEventListenerProcessor, org.springframework.context.event.internalEventListenerFactory, configServer, org.springframework.context.annotation.ConfigurationClassPostProcessor.importAwareProcessor, org.springframework.context.annotation.ConfigurationClassPostProcessor.enhancedConfigurationProcessor, org.springframework.boot.autoconfigure.condition.BeanTypeRegistry, org.springframework.cloud.config.server.config.EnvironmentRepositoryConfiguration$GitRepositoryConfiguration, environmentRepository, org.springframework.cloud.config.server.config.EnvironmentRepositoryConfiguration, configServerHealthIndicator, spring.cloud.config.server.CONFIGURATION_PROPERTIES, org.springframework.boot.context.properties.ConfigurationPropertiesBindingPostProcessor, org.springframework.boot.context.properties.ConfigurationPropertiesBindingPostProcessor.store, org.springframework.cloud.config.server.config.ResourceRepositoryConfiguration, resourceRepository, org.springframework.cloud.config.server.config.ConfigServerEncryptionConfiguration, encryptionController, org.springframework.cloud.config.server.config.ConfigServerMvcConfiguration, environmentController, resourceController, org.springframework.boot.autoconfigure.AutoConfigurationPackages, org.springframework.boot.autoconfigure.PropertyPlaceholderAutoConfiguration, propertySourcesPlaceholderConfigurer, org.springframework.boot.autoconfigure.websocket.WebSocketAutoConfiguration$TomcatWebSocketConfiguration, websocketContainerCustomizer, org.springframework.boot.autoconfigure.websocket.WebSocketAutoConfiguration, org.springframework.boot.autoconfigure.web.EmbeddedServletContainerAutoConfiguration$EmbeddedTomcat, tomcatEmbeddedServletContainerFactory, org.springframework.boot.autoconfigure.web.EmbeddedServletContainerAutoConfiguration, embeddedServletContainerCustomizerBeanPostProcessor, org.springframework.boot.autoconfigure.web.DispatcherServletAutoConfiguration$DispatcherServletConfiguration, dispatcherServlet, dispatcherServletRegistration, spring.mvc.CONFIGURATION_PROPERTIES, org.springframework.boot.autoconfigure.web.DispatcherServletAutoConfiguration, org.springframework.boot.autoconfigure.web.ErrorMvcAutoConfiguration$WhitelabelErrorViewConfiguration, error, beanNameViewResolver, org.springframework.boot.autoconfigure.web.ErrorMvcAutoConfiguration, errorAttributes, basicErrorController, errorPageCustomizer, preserveErrorControllerTargetClassPostProcessor, org.springframework.boot.autoconfigure.web.ErrorProperties, org.springframework.boot.autoconfigure.web.ErrorProperties.HOLDER, org.springframework.boot.autoconfigure.web.WebMvcAutoConfiguration$EnableWebMvcConfiguration, requestMappingHandlerAdapter, requestMappingHandlerMapping, mvcContentNegotiationManager, viewControllerHandlerMapping, beanNameHandlerMapping, resourceHandlerMapping, mvcResourceUrlProvider, defaultServletHandlerMapping, mvcConversionService, mvcValidator, mvcPathMatcher, mvcUrlPathHelper, mvcUriComponentsContributor, httpRequestHandlerAdapter, simpleControllerHandlerAdapter, handlerExceptionResolver, mvcViewResolver, org.springframework.boot.autoconfigure.web.WebMvcAutoConfiguration$WebMvcAutoConfigurationAdapter$FaviconConfiguration, faviconHandlerMapping, faviconRequestHandler, org.springframework.boot.autoconfigure.web.WebMvcAutoConfiguration$WebMvcAutoConfigurationAdapter, defaultViewResolver, requestContextFilter, viewResolver, spring.resources.CONFIGURATION_PROPERTIES, org.springframework.boot.autoconfigure.web.WebMvcAutoConfiguration, hiddenHttpMethodFilter, httpPutFormContentFilter, org.springframework.boot.actuate.autoconfigure.AuditAutoConfiguration$AuditEventRepositoryConfiguration, auditEventRepository, org.springframework.boot.actuate.autoconfigure.AuditAutoConfiguration, auditListener, org.springframework.boot.actuate.autoconfigure.HealthIndicatorAutoConfiguration$DiskSpaceHealthIndicatorConfiguration, diskSpaceHealthIndicator, diskSpaceHealthIndicatorProperties, org.springframework.boot.actuate.autoconfigure.HealthIndicatorAutoConfiguration, healthAggregator, management.health.status.CONFIGURATION_PROPERTIES, org.springframework.boot.actuate.autoconfigure.MetricRepositoryAutoConfiguration$FastMetricServicesConfiguration, counterBuffers, gaugeBuffers, actuatorMetricReader, counterService, gaugeService, org.springframework.boot.actuate.autoconfigure.MetricRepositoryAutoConfiguration, org.springframework.boot.autoconfigure.jmx.JmxAutoConfiguration, mbeanExporter, objectNamingStrategy, mbeanServer, org.springframework.boot.actuate.autoconfigure.PublicMetricsAutoConfiguration$TomcatMetricsConfiguration, tomcatPublicMetrics, org.springframework.boot.actuate.autoconfigure.PublicMetricsAutoConfiguration, systemPublicMetrics, metricReaderPublicMetrics, org.springframework.boot.actuate.autoconfigure.EndpointAutoConfiguration$InfoPropertiesConfiguration, org.springframework.boot.actuate.autoconfigure.EndpointAutoConfiguration$RequestMappingEndpointConfiguration, requestMappingEndpoint, org.springframework.boot.actuate.autoconfigure.EndpointAutoConfiguration, environmentEndpoint, healthEndpoint, beansEndpoint, infoEndpoint, metricsEndpoint, traceEndpoint, dumpEndpoint, autoConfigurationReportEndpoint, shutdownEndpoint, configurationPropertiesReportEndpoint, org.springframework.boot.actuate.autoconfigure.EndpointMBeanExportAutoConfiguration, endpointMBeanExporter, endpoints.jmx.CONFIGURATION_PROPERTIES, org.springframework.boot.autoconfigure.web.ServerPropertiesAutoConfiguration, serverProperties, duplicateServerPropertiesDetector, org.springframework.boot.actuate.autoconfigure.ManagementServerPropertiesAutoConfiguration, managementServerProperties, org.springframework.boot.autoconfigure.jackson.JacksonAutoConfiguration$JacksonObjectMapperBuilderConfiguration, jacksonObjectMapperBuilder, spring.jackson.CONFIGURATION_PROPERTIES, org.springframework.boot.autoconfigure.jackson.JacksonAutoConfiguration$JacksonObjectMapperConfiguration, jacksonObjectMapper, org.springframework.boot.autoconfigure.jackson.JacksonAutoConfiguration, org.springframework.boot.autoconfigure.web.HttpMessageConvertersAutoConfiguration$StringHttpMessageConverterConfiguration, stringHttpMessageConverter, spring.http.encoding.CONFIGURATION_PROPERTIES, org.springframework.boot.autoconfigure.web.JacksonHttpMessageConvertersConfiguration$MappingJackson2HttpMessageConverterConfiguration, mappingJackson2HttpMessageConverter, org.springframework.boot.autoconfigure.web.JacksonHttpMessageConvertersConfiguration, org.springframework.boot.autoconfigure.web.HttpMessageConvertersAutoConfiguration, messageConverters, org.springframework.boot.actuate.autoconfigure.EndpointWebMvcManagementContextConfiguration, endpointHandlerMapping, mvcEndpoints, environmentMvcEndpoint, healthMvcEndpoint, metricsMvcEndpoint, endpoints.health.CONFIGURATION_PROPERTIES, endpoints.cors.CONFIGURATION_PROPERTIES, org.springframework.boot.actuate.autoconfigure.EndpointWebMvcAutoConfiguration$EndpointWebMvcConfiguration, org.springframework.boot.actuate.autoconfigure.EndpointWebMvcAutoConfiguration$ApplicationContextFilterConfiguration, applicationContextIdFilter, org.springframework.boot.actuate.autoconfigure.EndpointWebMvcAutoConfiguration, managementContextResolver, managementServletContext, org.springframework.boot.actuate.autoconfigure.MetricExportAutoConfiguration$MetricExportPropertiesConfiguration, spring.metrics.export.CONFIGURATION_PROPERTIES, org.springframework.scheduling.annotation.SchedulingConfiguration, org.springframework.context.annotation.internalScheduledAnnotationProcessor, org.springframework.boot.actuate.autoconfigure.MetricExportAutoConfiguration, metricWritersMetricExporter, org.springframework.boot.actuate.autoconfigure.MetricFilterAutoConfiguration, metricFilter, org.springframework.boot.actuate.autoconfigure.TraceRepositoryAutoConfiguration, traceRepository, org.springframework.boot.actuate.autoconfigure.TraceWebFilterAutoConfiguration, webRequestLoggingFilter, management.trace.CONFIGURATION_PROPERTIES, org.springframework.boot.autoconfigure.context.ConfigurationPropertiesAutoConfiguration, org.springframework.boot.autoconfigure.web.HttpEncodingAutoConfiguration, characterEncodingFilter, org.springframework.boot.autoconfigure.web.MultipartAutoConfiguration, multipartConfigElement, multipartResolver, multipart.CONFIGURATION_PROPERTIES, org.springframework.cloud.autoconfigure.RefreshAutoConfiguration$RefreshEndpointsConfiguration$RefreshEndpointConfiguration, refreshEndpoint, org.springframework.cloud.autoconfigure.RefreshAutoConfiguration$RefreshEndpointsConfiguration$RestartEndpointWithoutIntegration, restartEndpoint, org.springframework.cloud.autoconfigure.RefreshAutoConfiguration$RefreshEndpointsConfiguration, pauseEndpoint, resumeEndpoint, org.springframework.cloud.autoconfigure.RefreshAutoConfiguration$ConfigurationPropertiesRebinderConfiguration, configurationPropertiesBeans, configurationPropertiesRebinder, org.springframework.cloud.autoconfigure.RefreshAutoConfiguration$InfoEndpointRebinderConfiguration, org.springframework.cloud.autoconfigure.RefreshAutoConfiguration, refreshScope, loggingRebinder, environmentManager, org.springframework.cloud.autoconfigure.LifecycleMvcEndpointAutoConfiguration, environmentManagerEndpoint, refreshMvcEndpoint, restartMvcEndpoint, pauseMvcEndpoint, resumeMvcEndpoint, org.springframework.cloud.client.discovery.noop.NoopDiscoveryClientAutoConfiguration, discoveryClient, org.springframework.cloud.config.client.ConfigClientAutoConfiguration, configClientProperties, org.springframework.cloud.config.server.config.EncryptionAutoConfiguration, environmentEncryptor, org.springframework.cloud.config.server.config.SingleEncryptorAutoConfiguration, textEncryptorLocator]
2015-11-05 11:08:43.239  INFO 66496 --- [igServer.main()] o.s.cloud.context.scope.GenericScope     : BeanFactory id=391f1763-e90f-3c4f-b2dc-8ca8033a7fa8
2015-11-05 11:08:43.274  INFO 66496 --- [igServer.main()] trationDelegate$BeanPostProcessorChecker : Bean 'org.springframework.cloud.autoconfigure.RefreshAutoConfiguration$ConfigurationPropertiesRebinderConfiguration' of type [class org.springframework.cloud.autoconfigure.RefreshAutoConfiguration$ConfigurationPropertiesRebinderConfiguration$$EnhancerBySpringCGLIB$$1205a2ca] is not eligible for getting processed by all BeanPostProcessors (for example: not eligible for auto-proxying)
2015-11-05 11:08:43.609  INFO 66496 --- [igServer.main()] s.b.c.e.t.TomcatEmbeddedServletContainer : Tomcat initialized with port(s): 8888 (http)
2015-11-05 11:08:43.921  INFO 66496 --- [igServer.main()] o.apache.catalina.core.StandardService   : Starting service Tomcat
2015-11-05 11:08:43.923  INFO 66496 --- [igServer.main()] org.apache.catalina.core.StandardEngine  : Starting Servlet Engine: Apache Tomcat/8.0.28
2015-11-05 11:08:44.146  INFO 66496 --- [ost-startStop-1] o.a.c.c.C.[Tomcat].[localhost].[/]       : Initializing Spring embedded WebApplicationContext
2015-11-05 11:08:44.146  INFO 66496 --- [ost-startStop-1] o.s.web.context.ContextLoader            : Root WebApplicationContext: initialization completed in 1885 ms
2015-11-05 11:08:44.818  INFO 66496 --- [ost-startStop-1] o.s.b.c.e.ServletRegistrationBean        : Mapping servlet: 'dispatcherServlet' to [/]
2015-11-05 11:08:44.829  INFO 66496 --- [ost-startStop-1] o.s.b.c.embedded.FilterRegistrationBean  : Mapping filter: 'metricFilter' to: [/*]
2015-11-05 11:08:44.830  INFO 66496 --- [ost-startStop-1] o.s.b.c.embedded.FilterRegistrationBean  : Mapping filter: 'characterEncodingFilter' to: [/*]
2015-11-05 11:08:44.830  INFO 66496 --- [ost-startStop-1] o.s.b.c.embedded.FilterRegistrationBean  : Mapping filter: 'hiddenHttpMethodFilter' to: [/*]
2015-11-05 11:08:44.830  INFO 66496 --- [ost-startStop-1] o.s.b.c.embedded.FilterRegistrationBean  : Mapping filter: 'httpPutFormContentFilter' to: [/*]
2015-11-05 11:08:44.830  INFO 66496 --- [ost-startStop-1] o.s.b.c.embedded.FilterRegistrationBean  : Mapping filter: 'requestContextFilter' to: [/*]
2015-11-05 11:08:44.830  INFO 66496 --- [ost-startStop-1] o.s.b.c.embedded.FilterRegistrationBean  : Mapping filter: 'webRequestLoggingFilter' to: [/*]
2015-11-05 11:08:44.830  INFO 66496 --- [ost-startStop-1] o.s.b.c.embedded.FilterRegistrationBean  : Mapping filter: 'applicationContextIdFilter' to: [/*]
2015-11-05 11:08:45.282  INFO 66496 --- [igServer.main()] s.w.s.m.m.a.RequestMappingHandlerAdapter : Looking for @ControllerAdvice: org.springframework.boot.context.embedded.AnnotationConfigEmbeddedWebApplicationContext@68961347: startup date [Thu Nov 05 11:08:42 PST 2015]; parent: org.springframework.context.annotation.AnnotationConfigApplicationContext@47b4b490
2015-11-05 11:08:45.374  INFO 66496 --- [igServer.main()] s.w.s.m.m.a.RequestMappingHandlerMapping : Mapped "{[/encrypt],methods=[POST]}" onto public java.lang.String org.springframework.cloud.config.server.encryption.EncryptionController.encrypt(java.lang.String,org.springframework.http.MediaType)
2015-11-05 11:08:45.375  INFO 66496 --- [igServer.main()] s.w.s.m.m.a.RequestMappingHandlerMapping : Mapped "{[/encrypt/{name}/{profiles}],methods=[POST]}" onto public java.lang.String org.springframework.cloud.config.server.encryption.EncryptionController.encrypt(java.lang.String,java.lang.String,java.lang.String,org.springframework.http.MediaType)
2015-11-05 11:08:45.375  INFO 66496 --- [igServer.main()] s.w.s.m.m.a.RequestMappingHandlerMapping : Mapped "{[/decrypt/{name}/{profiles}],methods=[POST]}" onto public java.lang.String org.springframework.cloud.config.server.encryption.EncryptionController.decrypt(java.lang.String,java.lang.String,java.lang.String,org.springframework.http.MediaType)
2015-11-05 11:08:45.375  INFO 66496 --- [igServer.main()] s.w.s.m.m.a.RequestMappingHandlerMapping : Mapped "{[/decrypt],methods=[POST]}" onto public java.lang.String org.springframework.cloud.config.server.encryption.EncryptionController.decrypt(java.lang.String,org.springframework.http.MediaType)
2015-11-05 11:08:45.376  INFO 66496 --- [igServer.main()] s.w.s.m.m.a.RequestMappingHandlerMapping : Mapped "{[/encrypt/status],methods=[GET]}" onto public java.util.Map<java.lang.String, java.lang.Object> org.springframework.cloud.config.server.encryption.EncryptionController.status()
2015-11-05 11:08:45.376  INFO 66496 --- [igServer.main()] s.w.s.m.m.a.RequestMappingHandlerMapping : Mapped "{[/key],methods=[GET]}" onto public java.lang.String org.springframework.cloud.config.server.encryption.EncryptionController.getPublicKey()
2015-11-05 11:08:45.376  INFO 66496 --- [igServer.main()] s.w.s.m.m.a.RequestMappingHandlerMapping : Mapped "{[/key/{name}/{profiles}],methods=[GET]}" onto public java.lang.String org.springframework.cloud.config.server.encryption.EncryptionController.getPublicKey(java.lang.String,java.lang.String)
2015-11-05 11:08:45.382  INFO 66496 --- [igServer.main()] s.w.s.m.m.a.RequestMappingHandlerMapping : Mapped "{[/{name}-{profiles}.yml || /{name}-{profiles}.yaml],methods=[GET]}" onto public org.springframework.http.ResponseEntity<java.lang.String> org.springframework.cloud.config.server.environment.EnvironmentController.yaml(java.lang.String,java.lang.String) throws java.lang.Exception
2015-11-05 11:08:45.382  INFO 66496 --- [igServer.main()] s.w.s.m.m.a.RequestMappingHandlerMapping : Mapped "{[/{name}/{profiles:.*[^-].*}],methods=[GET]}" onto public org.springframework.cloud.config.environment.Environment org.springframework.cloud.config.server.environment.EnvironmentController.defaultLabel(java.lang.String,java.lang.String)
2015-11-05 11:08:45.382  INFO 66496 --- [igServer.main()] s.w.s.m.m.a.RequestMappingHandlerMapping : Mapped "{[/{name}/{profiles}/{label:.*}],methods=[GET]}" onto public org.springframework.cloud.config.environment.Environment org.springframework.cloud.config.server.environment.EnvironmentController.labelled(java.lang.String,java.lang.String,java.lang.String)
2015-11-05 11:08:45.382  INFO 66496 --- [igServer.main()] s.w.s.m.m.a.RequestMappingHandlerMapping : Mapped "{[/{label}/{name}-{profiles}.properties],methods=[GET]}" onto public org.springframework.http.ResponseEntity<java.lang.String> org.springframework.cloud.config.server.environment.EnvironmentController.labelledProperties(java.lang.String,java.lang.String,java.lang.String) throws java.io.IOException
2015-11-05 11:08:45.382  INFO 66496 --- [igServer.main()] s.w.s.m.m.a.RequestMappingHandlerMapping : Mapped "{[/{name}-{profiles}.json],methods=[GET]}" onto public org.springframework.http.ResponseEntity<java.util.Map<java.lang.String, java.lang.Object>> org.springframework.cloud.config.server.environment.EnvironmentController.jsonProperties(java.lang.String,java.lang.String) throws java.lang.Exception
2015-11-05 11:08:45.383  INFO 66496 --- [igServer.main()] s.w.s.m.m.a.RequestMappingHandlerMapping : Mapped "{[/{label}/{name}-{profiles}.json],methods=[GET]}" onto public org.springframework.http.ResponseEntity<java.util.Map<java.lang.String, java.lang.Object>> org.springframework.cloud.config.server.environment.EnvironmentController.labelledJsonProperties(java.lang.String,java.lang.String,java.lang.String) throws java.lang.Exception
2015-11-05 11:08:45.383  INFO 66496 --- [igServer.main()] s.w.s.m.m.a.RequestMappingHandlerMapping : Mapped "{[/{label}/{name}-{profiles}.yml || /{label}/{name}-{profiles}.yaml],methods=[GET]}" onto public org.springframework.http.ResponseEntity<java.lang.String> org.springframework.cloud.config.server.environment.EnvironmentController.labelledYaml(java.lang.String,java.lang.String,java.lang.String) throws java.lang.Exception
2015-11-05 11:08:45.383  INFO 66496 --- [igServer.main()] s.w.s.m.m.a.RequestMappingHandlerMapping : Mapped "{[/{name}-{profiles}.properties],methods=[GET]}" onto public org.springframework.http.ResponseEntity<java.lang.String> org.springframework.cloud.config.server.environment.EnvironmentController.properties(java.lang.String,java.lang.String) throws java.io.IOException
2015-11-05 11:08:45.384  INFO 66496 --- [igServer.main()] s.w.s.m.m.a.RequestMappingHandlerMapping : Mapped "{[/{name}/{profile}/{label}/{path:.*}],methods=[GET]}" onto public synchronized java.lang.String org.springframework.cloud.config.server.resource.ResourceController.resolve(java.lang.String,java.lang.String,java.lang.String,java.lang.String) throws java.io.IOException
2015-11-05 11:08:45.385  INFO 66496 --- [igServer.main()] s.w.s.m.m.a.RequestMappingHandlerMapping : Mapped "{[/{name}/{profile}/{label}/{path:.*}],methods=[GET],produces=[application/octet-stream]}" onto public synchronized byte[] org.springframework.cloud.config.server.resource.ResourceController.binary(java.lang.String,java.lang.String,java.lang.String,java.lang.String) throws java.io.IOException
2015-11-05 11:08:45.387  INFO 66496 --- [igServer.main()] s.w.s.m.m.a.RequestMappingHandlerMapping : Mapped "{[/error]}" onto public org.springframework.http.ResponseEntity<java.util.Map<java.lang.String, java.lang.Object>> org.springframework.boot.autoconfigure.web.BasicErrorController.error(javax.servlet.http.HttpServletRequest)
2015-11-05 11:08:45.387  INFO 66496 --- [igServer.main()] s.w.s.m.m.a.RequestMappingHandlerMapping : Mapped "{[/error],produces=[text/html]}" onto public org.springframework.web.servlet.ModelAndView org.springframework.boot.autoconfigure.web.BasicErrorController.errorHtml(javax.servlet.http.HttpServletRequest)
2015-11-05 11:08:45.413  INFO 66496 --- [igServer.main()] o.s.w.s.handler.SimpleUrlHandlerMapping  : Mapped URL path [/webjars/**] onto handler of type [class org.springframework.web.servlet.resource.ResourceHttpRequestHandler]
2015-11-05 11:08:45.414  INFO 66496 --- [igServer.main()] o.s.w.s.handler.SimpleUrlHandlerMapping  : Mapped URL path [/**] onto handler of type [class org.springframework.web.servlet.resource.ResourceHttpRequestHandler]
2015-11-05 11:08:45.453  INFO 66496 --- [igServer.main()] o.s.w.s.handler.SimpleUrlHandlerMapping  : Mapped URL path [/**/favicon.ico] onto handler of type [class org.springframework.web.servlet.resource.ResourceHttpRequestHandler]
2015-11-05 11:08:45.812  INFO 66496 --- [igServer.main()] o.s.b.a.e.mvc.EndpointHandlerMapping     : Mapped "{[/admin/env/{name:.*}],methods=[GET],produces=[application/json]}" onto public java.lang.Object org.springframework.boot.actuate.endpoint.mvc.EnvironmentMvcEndpoint.value(java.lang.String)
2015-11-05 11:08:45.812  INFO 66496 --- [igServer.main()] o.s.b.a.e.mvc.EndpointHandlerMapping     : Mapped "{[/admin/env],methods=[GET],produces=[application/json]}" onto public java.lang.Object org.springframework.boot.actuate.endpoint.mvc.EndpointMvcAdapter.invoke()
2015-11-05 11:08:45.813  INFO 66496 --- [igServer.main()] o.s.b.a.e.mvc.EndpointHandlerMapping     : Mapped "{[/admin/health],produces=[application/json]}" onto public java.lang.Object org.springframework.boot.actuate.endpoint.mvc.HealthMvcEndpoint.invoke(java.security.Principal)
2015-11-05 11:08:45.814  INFO 66496 --- [igServer.main()] o.s.b.a.e.mvc.EndpointHandlerMapping     : Mapped "{[/admin/restart],methods=[POST]}" onto public java.lang.Object org.springframework.cloud.context.restart.RestartMvcEndpoint.invoke()
2015-11-05 11:08:45.815  INFO 66496 --- [igServer.main()] o.s.b.a.e.mvc.EndpointHandlerMapping     : Mapped "{[/admin/configprops],methods=[GET],produces=[application/json]}" onto public java.lang.Object org.springframework.boot.actuate.endpoint.mvc.EndpointMvcAdapter.invoke()
2015-11-05 11:08:45.815  INFO 66496 --- [igServer.main()] o.s.b.a.e.mvc.EndpointHandlerMapping     : Mapped "{[/admin/resume],methods=[POST]}" onto public java.lang.Object org.springframework.cloud.endpoint.GenericPostableMvcEndpoint.invoke()
2015-11-05 11:08:45.816  INFO 66496 --- [igServer.main()] o.s.b.a.e.mvc.EndpointHandlerMapping     : Mapped "{[/admin/dump],methods=[GET],produces=[application/json]}" onto public java.lang.Object org.springframework.boot.actuate.endpoint.mvc.EndpointMvcAdapter.invoke()
2015-11-05 11:08:45.816  INFO 66496 --- [igServer.main()] o.s.b.a.e.mvc.EndpointHandlerMapping     : Mapped "{[/admin/beans],methods=[GET],produces=[application/json]}" onto public java.lang.Object org.springframework.boot.actuate.endpoint.mvc.EndpointMvcAdapter.invoke()
2015-11-05 11:08:45.821  INFO 66496 --- [igServer.main()] o.s.b.a.e.mvc.EndpointHandlerMapping     : Mapped "{[/admin/refresh],methods=[POST]}" onto public java.lang.Object org.springframework.cloud.endpoint.GenericPostableMvcEndpoint.invoke()
2015-11-05 11:08:45.823  INFO 66496 --- [igServer.main()] o.s.b.a.e.mvc.EndpointHandlerMapping     : Mapped "{[/admin/metrics/{name:.*}],methods=[GET],produces=[application/json]}" onto public java.lang.Object org.springframework.boot.actuate.endpoint.mvc.MetricsMvcEndpoint.value(java.lang.String)
2015-11-05 11:08:45.823  INFO 66496 --- [igServer.main()] o.s.b.a.e.mvc.EndpointHandlerMapping     : Mapped "{[/admin/metrics],methods=[GET],produces=[application/json]}" onto public java.lang.Object org.springframework.boot.actuate.endpoint.mvc.EndpointMvcAdapter.invoke()
2015-11-05 11:08:45.824  INFO 66496 --- [igServer.main()] o.s.b.a.e.mvc.EndpointHandlerMapping     : Mapped "{[/admin/pause],methods=[POST]}" onto public java.lang.Object org.springframework.cloud.endpoint.GenericPostableMvcEndpoint.invoke()
2015-11-05 11:08:45.824  INFO 66496 --- [igServer.main()] o.s.b.a.e.mvc.EndpointHandlerMapping     : Mapped "{[/admin/trace],methods=[GET],produces=[application/json]}" onto public java.lang.Object org.springframework.boot.actuate.endpoint.mvc.EndpointMvcAdapter.invoke()
2015-11-05 11:08:45.825  INFO 66496 --- [igServer.main()] o.s.b.a.e.mvc.EndpointHandlerMapping     : Mapped "{[/admin/mappings],methods=[GET],produces=[application/json]}" onto public java.lang.Object org.springframework.boot.actuate.endpoint.mvc.EndpointMvcAdapter.invoke()
2015-11-05 11:08:45.825  INFO 66496 --- [igServer.main()] o.s.b.a.e.mvc.EndpointHandlerMapping     : Mapped "{[/admin/info],methods=[GET],produces=[application/json]}" onto public java.lang.Object org.springframework.boot.actuate.endpoint.mvc.EndpointMvcAdapter.invoke()
2015-11-05 11:08:45.826  INFO 66496 --- [igServer.main()] o.s.b.a.e.mvc.EndpointHandlerMapping     : Mapped "{[/admin/autoconfig],methods=[GET],produces=[application/json]}" onto public java.lang.Object org.springframework.boot.actuate.endpoint.mvc.EndpointMvcAdapter.invoke()
2015-11-05 11:08:45.826  INFO 66496 --- [igServer.main()] o.s.b.a.e.mvc.EndpointHandlerMapping     : Mapped "{[/admin/env],methods=[POST]}" onto public java.lang.Object org.springframework.cloud.context.environment.EnvironmentManagerMvcEndpoint.value(java.util.Map<java.lang.String, java.lang.String>)
2015-11-05 11:08:45.826  INFO 66496 --- [igServer.main()] o.s.b.a.e.mvc.EndpointHandlerMapping     : Mapped "{[/admin/env/reset],methods=[POST]}" onto public java.util.Map<java.lang.String, java.lang.Object> org.springframework.cloud.context.environment.EnvironmentManagerMvcEndpoint.reset()
2015-11-05 11:08:45.963  INFO 66496 --- [igServer.main()] o.s.j.e.a.AnnotationMBeanExporter        : Registering beans for JMX exposure on startup
2015-11-05 11:08:45.976  INFO 66496 --- [igServer.main()] o.s.j.e.a.AnnotationMBeanExporter        : Bean with name 'refreshEndpoint' has been autodetected for JMX exposure
2015-11-05 11:08:45.976  INFO 66496 --- [igServer.main()] o.s.j.e.a.AnnotationMBeanExporter        : Bean with name 'restartEndpoint' has been autodetected for JMX exposure
2015-11-05 11:08:45.977  INFO 66496 --- [igServer.main()] o.s.j.e.a.AnnotationMBeanExporter        : Bean with name 'configurationPropertiesRebinder' has been autodetected for JMX exposure
2015-11-05 11:08:45.978  INFO 66496 --- [igServer.main()] o.s.j.e.a.AnnotationMBeanExporter        : Bean with name 'refreshScope' has been autodetected for JMX exposure
2015-11-05 11:08:45.979  INFO 66496 --- [igServer.main()] o.s.j.e.a.AnnotationMBeanExporter        : Bean with name 'environmentManager' has been autodetected for JMX exposure
2015-11-05 11:08:45.981  INFO 66496 --- [igServer.main()] o.s.j.e.a.AnnotationMBeanExporter        : Located managed bean 'environmentManager': registering with JMX server as MBean [org.springframework.cloud.context.environment:name=environmentManager,type=EnvironmentManager]
2015-11-05 11:08:46.001  INFO 66496 --- [igServer.main()] o.s.j.e.a.AnnotationMBeanExporter        : Located managed bean 'restartEndpoint': registering with JMX server as MBean [org.springframework.cloud.context.restart:name=restartEndpoint,type=RestartEndpoint]
2015-11-05 11:08:46.013  INFO 66496 --- [igServer.main()] o.s.j.e.a.AnnotationMBeanExporter        : Located managed bean 'refreshScope': registering with JMX server as MBean [org.springframework.cloud.context.scope.refresh:name=refreshScope,type=RefreshScope]
2015-11-05 11:08:46.019  INFO 66496 --- [igServer.main()] o.s.j.e.a.AnnotationMBeanExporter        : Located managed bean 'configurationPropertiesRebinder': registering with JMX server as MBean [org.springframework.cloud.context.properties:name=configurationPropertiesRebinder,type=ConfigurationPropertiesRebinder]
2015-11-05 11:08:46.032  INFO 66496 --- [igServer.main()] o.s.j.e.a.AnnotationMBeanExporter        : Located managed bean 'refreshEndpoint': registering with JMX server as MBean [org.springframework.cloud.endpoint:name=refreshEndpoint,type=RefreshEndpoint]
2015-11-05 11:08:46.168  INFO 66496 --- [igServer.main()] o.s.c.support.DefaultLifecycleProcessor  : Starting beans in phase 0
2015-11-05 11:08:46.320  INFO 66496 --- [igServer.main()] s.b.c.e.t.TomcatEmbeddedServletContainer : Tomcat started on port(s): 8888 (http)
2015-11-05 11:08:46.322  INFO 66496 --- [igServer.main()] io.pivotal.sfdc.ConfigServer             : Started ConfigServer in 5.48 seconds (JVM running for 8.593)
2015-11-05 11:09:23.642  INFO 66496 --- [nio-8888-exec-2] o.a.c.c.C.[Tomcat].[localhost].[/]       : Initializing Spring FrameworkServlet 'dispatcherServlet'
2015-11-05 11:09:23.643  INFO 66496 --- [nio-8888-exec-2] o.s.web.servlet.DispatcherServlet        : FrameworkServlet 'dispatcherServlet': initialization started
2015-11-05 11:09:23.661  INFO 66496 --- [nio-8888-exec-2] o.s.web.servlet.DispatcherServlet        : FrameworkServlet 'dispatcherServlet': initialization completed in 18 ms
2015-11-05 11:09:25.180  INFO 66496 --- [nio-8888-exec-1] o.s.boot.SpringApplication               : Starting application on pivotal-guest-437.sf.pivotallabs.com with PID 66496 (/Users/jsheth/.m2/repository/org/springframework/boot/spring-boot/1.3.0.RC1/spring-boot-1.3.0.RC1.jar started by jsheth in /Users/jsheth/Documents/workspace/microservice-samples/SFDCApp/configServer)
2015-11-05 11:09:25.180  INFO 66496 --- [nio-8888-exec-1] o.s.boot.SpringApplication               : The following profiles are active: local
2015-11-05 11:09:25.182  INFO 66496 --- [nio-8888-exec-1] s.c.a.AnnotationConfigApplicationContext : Refreshing org.springframework.context.annotation.AnnotationConfigApplicationContext@3954734f: startup date [Thu Nov 05 11:09:25 PST 2015]; root of context hierarchy
2015-11-05 11:09:25.198  INFO 66496 --- [nio-8888-exec-1] o.s.boot.SpringApplication               : Started application in 0.058 seconds (JVM running for 47.469)
2015-11-05 11:09:25.200  INFO 66496 --- [nio-8888-exec-1] o.s.c.c.s.e.NativeEnvironmentRepository  : Adding property source: file:/Users/jsheth/Documents/workspace/microservice-samples/SFDCApp/config-repo/authService.yml#local
2015-11-05 11:09:25.200  INFO 66496 --- [nio-8888-exec-1] o.s.c.c.s.e.NativeEnvironmentRepository  : Adding property source: file:/Users/jsheth/Documents/workspace/microservice-samples/SFDCApp/config-repo/authService.yml
2015-11-05 11:09:25.200  INFO 66496 --- [nio-8888-exec-1] s.c.a.AnnotationConfigApplicationContext : Closing org.springframework.context.annotation.AnnotationConfigApplicationContext@3954734f: startup date [Thu Nov 05 11:09:25 PST 2015]; root of context hierarchy
2015-11-05 11:09:26.355  INFO 66496 --- [nio-8888-exec-6] o.s.boot.SpringApplication               : Starting application on pivotal-guest-437.sf.pivotallabs.com with PID 66496 (/Users/jsheth/.m2/repository/org/springframework/boot/spring-boot/1.3.0.RC1/spring-boot-1.3.0.RC1.jar started by jsheth in /Users/jsheth/Documents/workspace/microservice-samples/SFDCApp/configServer)
2015-11-05 11:09:26.355  INFO 66496 --- [nio-8888-exec-6] o.s.boot.SpringApplication               : The following profiles are active: local
2015-11-05 11:09:26.357  INFO 66496 --- [nio-8888-exec-6] s.c.a.AnnotationConfigApplicationContext : Refreshing org.springframework.context.annotation.AnnotationConfigApplicationContext@21a08c81: startup date [Thu Nov 05 11:09:26 PST 2015]; root of context hierarchy
2015-11-05 11:09:26.396  INFO 66496 --- [nio-8888-exec-6] o.s.boot.SpringApplication               : Started application in 0.103 seconds (JVM running for 48.666)
2015-11-05 11:09:26.396  INFO 66496 --- [nio-8888-exec-6] o.s.c.c.s.e.NativeEnvironmentRepository  : Adding property source: file:/Users/jsheth/Documents/workspace/microservice-samples/SFDCApp/config-repo/opportunityService.yml#local
2015-11-05 11:09:26.396  INFO 66496 --- [nio-8888-exec-6] o.s.c.c.s.e.NativeEnvironmentRepository  : Adding property source: file:/Users/jsheth/Documents/workspace/microservice-samples/SFDCApp/config-repo/opportunityService.yml
2015-11-05 11:09:26.396  INFO 66496 --- [nio-8888-exec-6] s.c.a.AnnotationConfigApplicationContext : Closing org.springframework.context.annotation.AnnotationConfigApplicationContext@21a08c81: startup date [Thu Nov 05 11:09:26 PST 2015]; root of context hierarchy
2015-11-05 11:09:27.983  INFO 66496 --- [nio-8888-exec-5] o.s.boot.SpringApplication               : Starting application on pivotal-guest-437.sf.pivotallabs.com with PID 66496 (/Users/jsheth/.m2/repository/org/springframework/boot/spring-boot/1.3.0.RC1/spring-boot-1.3.0.RC1.jar started by jsheth in /Users/jsheth/Documents/workspace/microservice-samples/SFDCApp/configServer)
2015-11-05 11:09:27.984  INFO 66496 --- [nio-8888-exec-5] o.s.boot.SpringApplication               : The following profiles are active: local
2015-11-05 11:09:27.987  INFO 66496 --- [nio-8888-exec-5] s.c.a.AnnotationConfigApplicationContext : Refreshing org.springframework.context.annotation.AnnotationConfigApplicationContext@60b913b8: startup date [Thu Nov 05 11:09:27 PST 2015]; root of context hierarchy
2015-11-05 11:09:28.001  INFO 66496 --- [nio-8888-exec-5] o.s.boot.SpringApplication               : Started application in 0.089 seconds (JVM running for 50.271)
2015-11-05 11:09:28.001  INFO 66496 --- [nio-8888-exec-5] o.s.c.c.s.e.NativeEnvironmentRepository  : Adding property source: file:/Users/jsheth/Documents/workspace/microservice-samples/SFDCApp/config-repo/accountService.yml#local
2015-11-05 11:09:28.001  INFO 66496 --- [nio-8888-exec-5] o.s.c.c.s.e.NativeEnvironmentRepository  : Adding property source: file:/Users/jsheth/Documents/workspace/microservice-samples/SFDCApp/config-repo/accountService.yml
2015-11-05 11:09:28.001  INFO 66496 --- [nio-8888-exec-5] s.c.a.AnnotationConfigApplicationContext : Closing org.springframework.context.annotation.AnnotationConfigApplicationContext@60b913b8: startup date [Thu Nov 05 11:09:27 PST 2015]; root of context hierarchy
2015-11-05 11:09:30.137  INFO 66496 --- [nio-8888-exec-4] o.s.boot.SpringApplication               : Starting application on pivotal-guest-437.sf.pivotallabs.com with PID 66496 (/Users/jsheth/.m2/repository/org/springframework/boot/spring-boot/1.3.0.RC1/spring-boot-1.3.0.RC1.jar started by jsheth in /Users/jsheth/Documents/workspace/microservice-samples/SFDCApp/configServer)
2015-11-05 11:09:30.137  INFO 66496 --- [nio-8888-exec-4] o.s.boot.SpringApplication               : The following profiles are active: local
2015-11-05 11:09:30.140  INFO 66496 --- [nio-8888-exec-4] s.c.a.AnnotationConfigApplicationContext : Refreshing org.springframework.context.annotation.AnnotationConfigApplicationContext@53188079: startup date [Thu Nov 05 11:09:30 PST 2015]; root of context hierarchy
2015-11-05 11:09:30.180  INFO 66496 --- [nio-8888-exec-4] o.s.boot.SpringApplication               : Started application in 0.16 seconds (JVM running for 52.451)
2015-11-05 11:09:30.181  INFO 66496 --- [nio-8888-exec-4] o.s.c.c.s.e.NativeEnvironmentRepository  : Adding property source: file:/Users/jsheth/Documents/workspace/microservice-samples/SFDCApp/config-repo/contactService.yml#local
2015-11-05 11:09:30.181  INFO 66496 --- [nio-8888-exec-4] o.s.c.c.s.e.NativeEnvironmentRepository  : Adding property source: file:/Users/jsheth/Documents/workspace/microservice-samples/SFDCApp/config-repo/contactService.yml
2015-11-05 11:09:30.181  INFO 66496 --- [nio-8888-exec-4] s.c.a.AnnotationConfigApplicationContext : Closing org.springframework.context.annotation.AnnotationConfigApplicationContext@53188079: startup date [Thu Nov 05 11:09:30 PST 2015]; root of context hierarchy
2015-11-05 11:09:32.582  INFO 66496 --- [nio-8888-exec-3] o.s.boot.SpringApplication               : Starting application on pivotal-guest-437.sf.pivotallabs.com with PID 66496 (/Users/jsheth/.m2/repository/org/springframework/boot/spring-boot/1.3.0.RC1/spring-boot-1.3.0.RC1.jar started by jsheth in /Users/jsheth/Documents/workspace/microservice-samples/SFDCApp/configServer)
2015-11-05 11:09:32.582  INFO 66496 --- [nio-8888-exec-3] o.s.boot.SpringApplication               : The following profiles are active: local
2015-11-05 11:09:32.585  INFO 66496 --- [nio-8888-exec-3] s.c.a.AnnotationConfigApplicationContext : Refreshing org.springframework.context.annotation.AnnotationConfigApplicationContext@5ed1ac8f: startup date [Thu Nov 05 11:09:32 PST 2015]; root of context hierarchy
2015-11-05 11:09:32.595  INFO 66496 --- [nio-8888-exec-3] o.s.boot.SpringApplication               : Started application in 0.095 seconds (JVM running for 54.866)
2015-11-05 11:09:32.596  INFO 66496 --- [nio-8888-exec-3] o.s.c.c.s.e.NativeEnvironmentRepository  : Adding property source: file:/Users/jsheth/Documents/workspace/microservice-samples/SFDCApp/config-repo/sfdcapigateway.yml#local
2015-11-05 11:09:32.596  INFO 66496 --- [nio-8888-exec-3] o.s.c.c.s.e.NativeEnvironmentRepository  : Adding property source: file:/Users/jsheth/Documents/workspace/microservice-samples/SFDCApp/config-repo/sfdcapigateway.yml
2015-11-05 11:09:32.596  INFO 66496 --- [nio-8888-exec-3] s.c.a.AnnotationConfigApplicationContext : Closing org.springframework.context.annotation.AnnotationConfigApplicationContext@5ed1ac8f: startup date [Thu Nov 05 11:09:32 PST 2015]; root of context hierarchy
2015-11-05 11:09:35.112  INFO 66496 --- [nio-8888-exec-2] o.s.boot.SpringApplication               : Starting application on pivotal-guest-437.sf.pivotallabs.com with PID 66496 (/Users/jsheth/.m2/repository/org/springframework/boot/spring-boot/1.3.0.RC1/spring-boot-1.3.0.RC1.jar started by jsheth in /Users/jsheth/Documents/workspace/microservice-samples/SFDCApp/configServer)
2015-11-05 11:09:35.112  INFO 66496 --- [nio-8888-exec-2] o.s.boot.SpringApplication               : The following profiles are active: local
2015-11-05 11:09:35.115  INFO 66496 --- [nio-8888-exec-2] s.c.a.AnnotationConfigApplicationContext : Refreshing org.springframework.context.annotation.AnnotationConfigApplicationContext@2766d133: startup date [Thu Nov 05 11:09:35 PST 2015]; root of context hierarchy
2015-11-05 11:09:35.202  INFO 66496 --- [nio-8888-exec-2] o.s.boot.SpringApplication               : Started application in 0.267 seconds (JVM running for 57.473)
2015-11-05 11:09:35.203  INFO 66496 --- [nio-8888-exec-2] o.s.c.c.s.e.NativeEnvironmentRepository  : Adding property source: file:/Users/jsheth/Documents/workspace/microservice-samples/SFDCApp/config-repo/sfdcwebapp.yml#local
2015-11-05 11:09:35.203  INFO 66496 --- [nio-8888-exec-2] o.s.c.c.s.e.NativeEnvironmentRepository  : Adding property source: file:/Users/jsheth/Documents/workspace/microservice-samples/SFDCApp/config-repo/sfdcwebapp.yml
2015-11-05 11:09:35.203  INFO 66496 --- [nio-8888-exec-2] s.c.a.AnnotationConfigApplicationContext : Closing org.springframework.context.annotation.AnnotationConfigApplicationContext@2766d133: startup date [Thu Nov 05 11:09:35 PST 2015]; root of context hierarchy
