[INFO] Scanning for projects...
[INFO]                                                                         
[INFO] ------------------------------------------------------------------------
[INFO] Building eurekaServer 0.0.1-SNAPSHOT
[INFO] ------------------------------------------------------------------------
[INFO] 
[INFO] >>> spring-boot-maven-plugin:1.2.5.RELEASE:run (default-cli) > test-compile @ eurekaServer >>>
[INFO] 
[INFO] --- maven-resources-plugin:2.6:resources (default-resources) @ eurekaServer ---
[INFO] Using 'UTF-8' encoding to copy filtered resources.
[INFO] Copying 1 resource
[INFO] Copying 1 resource
[INFO] 
[INFO] --- maven-compiler-plugin:3.1:compile (default-compile) @ eurekaServer ---
[INFO] Nothing to compile - all classes are up to date
[INFO] 
[INFO] --- maven-resources-plugin:2.6:testResources (default-testResources) @ eurekaServer ---
[INFO] Using 'UTF-8' encoding to copy filtered resources.
[INFO] skip non existing resourceDirectory /Users/jsheth/Documents/workspace/microservice-samples/SFDCApp/eurekaServer/src/test/resources
[INFO] 
[INFO] --- maven-compiler-plugin:3.1:testCompile (default-testCompile) @ eurekaServer ---
[INFO] Nothing to compile - all classes are up to date
[INFO] 
[INFO] <<< spring-boot-maven-plugin:1.2.5.RELEASE:run (default-cli) < test-compile @ eurekaServer <<<
[INFO] 
[INFO] --- spring-boot-maven-plugin:1.2.5.RELEASE:run (default-cli) @ eurekaServer ---
2016-03-03 18:25:37.210  INFO 14730 --- [kaServer.main()] io.pivotal.sfdc.EurekaServer             : Starting EurekaServer on Jigs-Work-MacBook-Pro.local with PID 14730 (/Users/jsheth/Documents/workspace/microservice-samples/SFDCApp/eurekaServer/target/classes started by jsheth in /Users/jsheth/Documents/workspace/microservice-samples/SFDCApp/eurekaServer)
2016-03-03 18:25:37.257  INFO 14730 --- [kaServer.main()] s.c.a.AnnotationConfigApplicationContext : Refreshing org.springframework.context.annotation.AnnotationConfigApplicationContext@6b6d0834: startup date [Thu Mar 03 18:25:37 CST 2016]; root of context hierarchy
2016-03-03 18:25:37.426  INFO 14730 --- [kaServer.main()] f.a.AutowiredAnnotationBeanPostProcessor : JSR-330 'javax.inject.Inject' annotation found and supported for autowiring
2016-03-03 18:25:37.586  INFO 14730 --- [kaServer.main()] trationDelegate$BeanPostProcessorChecker : Bean 'encrypt.CONFIGURATION_PROPERTIES' of type [class org.springframework.cloud.bootstrap.encrypt.KeyProperties] is not eligible for getting processed by all BeanPostProcessors (for example: not eligible for auto-proxying)
2016-03-03 18:25:37.587  INFO 14730 --- [kaServer.main()] trationDelegate$BeanPostProcessorChecker : Bean 'encryptionBootstrapConfiguration' of type [class org.springframework.cloud.bootstrap.encrypt.EncryptionBootstrapConfiguration$$EnhancerBySpringCGLIB$$416a2d16] is not eligible for getting processed by all BeanPostProcessors (for example: not eligible for auto-proxying)
2016-03-03 18:25:37.627  INFO 14730 --- [kaServer.main()] io.pivotal.sfdc.EurekaServer             : Started EurekaServer in 0.818 seconds (JVM running for 4.051)

  .   ____          _            __ _ _
 /\\ / ___'_ __ _ _(_)_ __  __ _ \ \ \ \
( ( )\___ | '_ | '_| | '_ \/ _` | \ \ \ \
 \\/  ___)| |_)| | | | | || (_| |  ) ) ) )
  '  |____| .__|_| |_|_| |_\__, | / / / /
 =========|_|==============|___/=/_/_/_/
 :: Spring Boot ::        (v1.2.5.RELEASE)

2016-03-03 18:25:37.674  INFO 14730 --- [kaServer.main()] ationConfigEmbeddedWebApplicationContext : Refreshing org.springframework.boot.context.embedded.AnnotationConfigEmbeddedWebApplicationContext@5de4ed8b: startup date [Thu Mar 03 18:25:37 CST 2016]; parent: org.springframework.context.annotation.AnnotationConfigApplicationContext@6b6d0834
2016-03-03 18:25:38.416  INFO 14730 --- [kaServer.main()] o.s.b.f.s.DefaultListableBeanFactory     : Overriding bean definition for bean 'beanNameViewResolver': replacing [Root bean: class [null]; scope=; abstract=false; lazyInit=false; autowireMode=3; dependencyCheck=0; autowireCandidate=true; primary=false; factoryBeanName=org.springframework.boot.autoconfigure.web.ErrorMvcAutoConfiguration$WhitelabelErrorViewConfiguration; factoryMethodName=beanNameViewResolver; initMethodName=null; destroyMethodName=(inferred); defined in class path resource [org/springframework/boot/autoconfigure/web/ErrorMvcAutoConfiguration$WhitelabelErrorViewConfiguration.class]] with [Root bean: class [null]; scope=; abstract=false; lazyInit=false; autowireMode=3; dependencyCheck=0; autowireCandidate=true; primary=false; factoryBeanName=org.springframework.boot.autoconfigure.web.WebMvcAutoConfiguration$WebMvcAutoConfigurationAdapter; factoryMethodName=beanNameViewResolver; initMethodName=null; destroyMethodName=(inferred); defined in class path resource [org/springframework/boot/autoconfigure/web/WebMvcAutoConfiguration$WebMvcAutoConfigurationAdapter.class]]
2016-03-03 18:25:38.513  INFO 14730 --- [kaServer.main()] o.s.b.f.s.DefaultListableBeanFactory     : Overriding bean definition for bean 'infoEndpoint': replacing [Root bean: class [null]; scope=; abstract=false; lazyInit=false; autowireMode=3; dependencyCheck=0; autowireCandidate=true; primary=false; factoryBeanName=org.springframework.boot.actuate.autoconfigure.EndpointAutoConfiguration; factoryMethodName=infoEndpoint; initMethodName=null; destroyMethodName=(inferred); defined in class path resource [org/springframework/boot/actuate/autoconfigure/EndpointAutoConfiguration.class]] with [Root bean: class [null]; scope=; abstract=false; lazyInit=false; autowireMode=3; dependencyCheck=0; autowireCandidate=true; primary=false; factoryBeanName=org.springframework.cloud.autoconfigure.RefreshAutoConfiguration$InfoEndpointRebinderConfiguration; factoryMethodName=infoEndpoint; initMethodName=null; destroyMethodName=(inferred); defined in class path resource [org/springframework/cloud/autoconfigure/RefreshAutoConfiguration$InfoEndpointRebinderConfiguration.class]]
2016-03-03 18:25:38.734  INFO 14730 --- [kaServer.main()] f.a.AutowiredAnnotationBeanPostProcessor : JSR-330 'javax.inject.Inject' annotation found and supported for autowiring
2016-03-03 18:25:38.780  INFO 14730 --- [kaServer.main()] trationDelegate$BeanPostProcessorChecker : Bean 'org.springframework.cloud.autoconfigure.RefreshAutoConfiguration$ConfigurationPropertiesRebinderConfiguration' of type [class org.springframework.cloud.autoconfigure.RefreshAutoConfiguration$ConfigurationPropertiesRebinderConfiguration$$EnhancerBySpringCGLIB$$71a0eff3] is not eligible for getting processed by all BeanPostProcessors (for example: not eligible for auto-proxying)
2016-03-03 18:25:39.104  INFO 14730 --- [kaServer.main()] s.b.c.e.t.TomcatEmbeddedServletContainer : Tomcat initialized with port(s): 8761 (http)
2016-03-03 18:25:39.402  INFO 14730 --- [kaServer.main()] o.apache.catalina.core.StandardService   : Starting service Tomcat
2016-03-03 18:25:39.404  INFO 14730 --- [kaServer.main()] org.apache.catalina.core.StandardEngine  : Starting Servlet Engine: Apache Tomcat/8.0.23
2016-03-03 18:25:39.499  INFO 14730 --- [ost-startStop-1] o.a.c.c.C.[Tomcat].[localhost].[/]       : Initializing Spring embedded WebApplicationContext
2016-03-03 18:25:39.499  INFO 14730 --- [ost-startStop-1] o.s.web.context.ContextLoader            : Root WebApplicationContext: initialization completed in 1825 ms
2016-03-03 18:25:40.447  INFO 14730 --- [ost-startStop-1] o.s.b.c.embedded.FilterRegistrationBean  : Mapping filter: 'metricFilter' to: [/*]
2016-03-03 18:25:40.448  INFO 14730 --- [ost-startStop-1] o.s.b.c.embedded.FilterRegistrationBean  : Mapping filter: 'characterEncodingFilter' to: [/*]
2016-03-03 18:25:40.448  INFO 14730 --- [ost-startStop-1] o.s.b.c.embedded.FilterRegistrationBean  : Mapping filter: 'hiddenHttpMethodFilter' to: [/*]
2016-03-03 18:25:40.448  INFO 14730 --- [ost-startStop-1] o.s.b.c.embedded.FilterRegistrationBean  : Mapping filter: 'webRequestTraceFilter' to: [/*]
2016-03-03 18:25:40.448  INFO 14730 --- [ost-startStop-1] o.s.b.c.embedded.FilterRegistrationBean  : Mapping filter: 'servletContainer' to urls: [/eureka/*]
2016-03-03 18:25:40.448  INFO 14730 --- [ost-startStop-1] o.s.b.c.embedded.FilterRegistrationBean  : Mapping filter: 'applicationContextIdFilter' to: [/*]
2016-03-03 18:25:40.448  INFO 14730 --- [ost-startStop-1] o.s.b.c.e.ServletRegistrationBean        : Mapping servlet: 'dispatcherServlet' to [/]
2016-03-03 18:25:40.580  INFO 14730 --- [ost-startStop-1] c.s.j.s.i.a.WebApplicationImpl           : Initiating Jersey application, version 'Jersey: 1.13 06/29/2012 05:14 PM'
2016-03-03 18:25:41.224  WARN 14730 --- [kaServer.main()] c.n.c.sources.URLConfigurationSource     : No URLs will be polled as dynamic configuration sources.
2016-03-03 18:25:41.808  INFO 14730 --- [kaServer.main()] s.w.s.m.m.a.RequestMappingHandlerAdapter : Looking for @ControllerAdvice: org.springframework.boot.context.embedded.AnnotationConfigEmbeddedWebApplicationContext@5de4ed8b: startup date [Thu Mar 03 18:25:37 CST 2016]; parent: org.springframework.context.annotation.AnnotationConfigApplicationContext@6b6d0834
2016-03-03 18:25:41.874  INFO 14730 --- [kaServer.main()] s.w.s.m.m.a.RequestMappingHandlerMapping : Mapped "{[/],methods=[GET],params=[],headers=[],consumes=[],produces=[],custom=[]}" onto public java.lang.String org.springframework.cloud.netflix.eureka.server.EurekaController.status(javax.servlet.http.HttpServletRequest,java.util.Map<java.lang.String, java.lang.Object>)
2016-03-03 18:25:41.874  INFO 14730 --- [kaServer.main()] s.w.s.m.m.a.RequestMappingHandlerMapping : Mapped "{[/lastn],methods=[GET],params=[],headers=[],consumes=[],produces=[],custom=[]}" onto public java.lang.String org.springframework.cloud.netflix.eureka.server.EurekaController.lastn(javax.servlet.http.HttpServletRequest,java.util.Map<java.lang.String, java.lang.Object>)
2016-03-03 18:25:41.875  INFO 14730 --- [kaServer.main()] s.w.s.m.m.a.RequestMappingHandlerMapping : Mapped "{[/error],methods=[],params=[],headers=[],consumes=[],produces=[],custom=[]}" onto public org.springframework.http.ResponseEntity<java.util.Map<java.lang.String, java.lang.Object>> org.springframework.boot.autoconfigure.web.BasicErrorController.error(javax.servlet.http.HttpServletRequest)
2016-03-03 18:25:41.875  INFO 14730 --- [kaServer.main()] s.w.s.m.m.a.RequestMappingHandlerMapping : Mapped "{[/error],methods=[],params=[],headers=[],consumes=[],produces=[text/html],custom=[]}" onto public org.springframework.web.servlet.ModelAndView org.springframework.boot.autoconfigure.web.BasicErrorController.errorHtml(javax.servlet.http.HttpServletRequest)
2016-03-03 18:25:41.901  INFO 14730 --- [kaServer.main()] o.s.w.s.handler.SimpleUrlHandlerMapping  : Mapped URL path [/webjars/**] onto handler of type [class org.springframework.web.servlet.resource.ResourceHttpRequestHandler]
2016-03-03 18:25:41.902  INFO 14730 --- [kaServer.main()] o.s.w.s.handler.SimpleUrlHandlerMapping  : Mapped URL path [/**] onto handler of type [class org.springframework.web.servlet.resource.ResourceHttpRequestHandler]
2016-03-03 18:25:41.942  INFO 14730 --- [kaServer.main()] o.s.w.s.handler.SimpleUrlHandlerMapping  : Mapped URL path [/**/favicon.ico] onto handler of type [class org.springframework.web.servlet.resource.ResourceHttpRequestHandler]
2016-03-03 18:25:42.418  INFO 14730 --- [kaServer.main()] o.s.b.a.e.mvc.EndpointHandlerMapping     : Mapped "{[/pause],methods=[POST],params=[],headers=[],consumes=[],produces=[],custom=[]}" onto public java.lang.Object org.springframework.cloud.endpoint.GenericPostableMvcEndpoint.invoke()
2016-03-03 18:25:42.419  INFO 14730 --- [kaServer.main()] o.s.b.a.e.mvc.EndpointHandlerMapping     : Mapped "{[/refresh],methods=[POST],params=[],headers=[],consumes=[],produces=[],custom=[]}" onto public java.lang.Object org.springframework.cloud.endpoint.GenericPostableMvcEndpoint.invoke()
2016-03-03 18:25:42.419  INFO 14730 --- [kaServer.main()] o.s.b.a.e.mvc.EndpointHandlerMapping     : Mapped "{[/dump],methods=[GET],params=[],headers=[],consumes=[],produces=[],custom=[]}" onto public java.lang.Object org.springframework.boot.actuate.endpoint.mvc.EndpointMvcAdapter.invoke()
2016-03-03 18:25:42.420  INFO 14730 --- [kaServer.main()] o.s.b.a.e.mvc.EndpointHandlerMapping     : Mapped "{[/autoconfig],methods=[GET],params=[],headers=[],consumes=[],produces=[],custom=[]}" onto public java.lang.Object org.springframework.boot.actuate.endpoint.mvc.EndpointMvcAdapter.invoke()
2016-03-03 18:25:42.421  INFO 14730 --- [kaServer.main()] o.s.b.a.e.mvc.EndpointHandlerMapping     : Mapped "{[/metrics/{name:.*}],methods=[GET],params=[],headers=[],consumes=[],produces=[],custom=[]}" onto public java.lang.Object org.springframework.boot.actuate.endpoint.mvc.MetricsMvcEndpoint.value(java.lang.String)
2016-03-03 18:25:42.421  INFO 14730 --- [kaServer.main()] o.s.b.a.e.mvc.EndpointHandlerMapping     : Mapped "{[/metrics],methods=[GET],params=[],headers=[],consumes=[],produces=[],custom=[]}" onto public java.lang.Object org.springframework.boot.actuate.endpoint.mvc.EndpointMvcAdapter.invoke()
2016-03-03 18:25:42.421  INFO 14730 --- [kaServer.main()] o.s.b.a.e.mvc.EndpointHandlerMapping     : Mapped "{[/health],methods=[],params=[],headers=[],consumes=[],produces=[],custom=[]}" onto public java.lang.Object org.springframework.boot.actuate.endpoint.mvc.HealthMvcEndpoint.invoke(java.security.Principal)
2016-03-03 18:25:42.421  INFO 14730 --- [kaServer.main()] o.s.b.a.e.mvc.EndpointHandlerMapping     : Mapped "{[/configprops],methods=[GET],params=[],headers=[],consumes=[],produces=[],custom=[]}" onto public java.lang.Object org.springframework.boot.actuate.endpoint.mvc.EndpointMvcAdapter.invoke()
2016-03-03 18:25:42.422  INFO 14730 --- [kaServer.main()] o.s.b.a.e.mvc.EndpointHandlerMapping     : Mapped "{[/env/{name:.*}],methods=[GET],params=[],headers=[],consumes=[],produces=[],custom=[]}" onto public java.lang.Object org.springframework.boot.actuate.endpoint.mvc.EnvironmentMvcEndpoint.value(java.lang.String)
2016-03-03 18:25:42.422  INFO 14730 --- [kaServer.main()] o.s.b.a.e.mvc.EndpointHandlerMapping     : Mapped "{[/env],methods=[GET],params=[],headers=[],consumes=[],produces=[],custom=[]}" onto public java.lang.Object org.springframework.boot.actuate.endpoint.mvc.EndpointMvcAdapter.invoke()
2016-03-03 18:25:42.422  INFO 14730 --- [kaServer.main()] o.s.b.a.e.mvc.EndpointHandlerMapping     : Mapped "{[/resume],methods=[POST],params=[],headers=[],consumes=[],produces=[],custom=[]}" onto public java.lang.Object org.springframework.cloud.endpoint.GenericPostableMvcEndpoint.invoke()
2016-03-03 18:25:42.422  INFO 14730 --- [kaServer.main()] o.s.b.a.e.mvc.EndpointHandlerMapping     : Mapped "{[/archaius],methods=[GET],params=[],headers=[],consumes=[],produces=[],custom=[]}" onto public java.lang.Object org.springframework.boot.actuate.endpoint.mvc.EndpointMvcAdapter.invoke()
2016-03-03 18:25:42.422  INFO 14730 --- [kaServer.main()] o.s.b.a.e.mvc.EndpointHandlerMapping     : Mapped "{[/info],methods=[GET],params=[],headers=[],consumes=[],produces=[],custom=[]}" onto public java.lang.Object org.springframework.boot.actuate.endpoint.mvc.EndpointMvcAdapter.invoke()
2016-03-03 18:25:42.423  INFO 14730 --- [kaServer.main()] o.s.b.a.e.mvc.EndpointHandlerMapping     : Mapped "{[/trace],methods=[GET],params=[],headers=[],consumes=[],produces=[],custom=[]}" onto public java.lang.Object org.springframework.boot.actuate.endpoint.mvc.EndpointMvcAdapter.invoke()
2016-03-03 18:25:42.423  INFO 14730 --- [kaServer.main()] o.s.b.a.e.mvc.EndpointHandlerMapping     : Mapped "{[/env],methods=[POST],params=[],headers=[],consumes=[],produces=[],custom=[]}" onto public java.lang.Object org.springframework.cloud.context.environment.EnvironmentManagerMvcEndpoint.value(java.util.Map<java.lang.String, java.lang.String>)
2016-03-03 18:25:42.423  INFO 14730 --- [kaServer.main()] o.s.b.a.e.mvc.EndpointHandlerMapping     : Mapped "{[/env/reset],methods=[POST],params=[],headers=[],consumes=[],produces=[],custom=[]}" onto public java.util.Map<java.lang.String, java.lang.Object> org.springframework.cloud.context.environment.EnvironmentManagerMvcEndpoint.reset()
2016-03-03 18:25:42.423  INFO 14730 --- [kaServer.main()] o.s.b.a.e.mvc.EndpointHandlerMapping     : Mapped "{[/mappings],methods=[GET],params=[],headers=[],consumes=[],produces=[],custom=[]}" onto public java.lang.Object org.springframework.boot.actuate.endpoint.mvc.EndpointMvcAdapter.invoke()
2016-03-03 18:25:42.424  INFO 14730 --- [kaServer.main()] o.s.b.a.e.mvc.EndpointHandlerMapping     : Mapped "{[/restart],methods=[POST],params=[],headers=[],consumes=[],produces=[],custom=[]}" onto public java.lang.Object org.springframework.cloud.context.restart.RestartMvcEndpoint.invoke()
2016-03-03 18:25:42.424  INFO 14730 --- [kaServer.main()] o.s.b.a.e.mvc.EndpointHandlerMapping     : Mapped "{[/beans],methods=[GET],params=[],headers=[],consumes=[],produces=[],custom=[]}" onto public java.lang.Object org.springframework.boot.actuate.endpoint.mvc.EndpointMvcAdapter.invoke()
2016-03-03 18:25:42.509  INFO 14730 --- [kaServer.main()] o.s.ui.freemarker.SpringTemplateLoader   : SpringTemplateLoader for FreeMarker: using resource loader [org.springframework.boot.context.embedded.AnnotationConfigEmbeddedWebApplicationContext@5de4ed8b: startup date [Thu Mar 03 18:25:37 CST 2016]; parent: org.springframework.context.annotation.AnnotationConfigApplicationContext@6b6d0834] and template loader path [classpath:/templates/]
2016-03-03 18:25:42.510  INFO 14730 --- [kaServer.main()] o.s.w.s.v.f.FreeMarkerConfigurer         : ClassTemplateLoader for Spring macros added to FreeMarker configuration
2016-03-03 18:25:42.599  WARN 14730 --- [kaServer.main()] c.n.c.sources.URLConfigurationSource     : No URLs will be polled as dynamic configuration sources.
2016-03-03 18:25:42.616  INFO 14730 --- [kaServer.main()] o.s.j.e.a.AnnotationMBeanExporter        : Registering beans for JMX exposure on startup
2016-03-03 18:25:42.623  INFO 14730 --- [kaServer.main()] o.s.j.e.a.AnnotationMBeanExporter        : Bean with name 'refreshEndpoint' has been autodetected for JMX exposure
2016-03-03 18:25:42.624  INFO 14730 --- [kaServer.main()] o.s.j.e.a.AnnotationMBeanExporter        : Bean with name 'restartEndpoint' has been autodetected for JMX exposure
2016-03-03 18:25:42.624  INFO 14730 --- [kaServer.main()] o.s.j.e.a.AnnotationMBeanExporter        : Bean with name 'configurationPropertiesRebinder' has been autodetected for JMX exposure
2016-03-03 18:25:42.625  INFO 14730 --- [kaServer.main()] o.s.j.e.a.AnnotationMBeanExporter        : Bean with name 'refreshScope' has been autodetected for JMX exposure
2016-03-03 18:25:42.625  INFO 14730 --- [kaServer.main()] o.s.j.e.a.AnnotationMBeanExporter        : Bean with name 'environmentManager' has been autodetected for JMX exposure
2016-03-03 18:25:42.628  INFO 14730 --- [kaServer.main()] o.s.j.e.a.AnnotationMBeanExporter        : Located managed bean 'environmentManager': registering with JMX server as MBean [org.springframework.cloud.context.environment:name=environmentManager,type=EnvironmentManager]
2016-03-03 18:25:42.639  INFO 14730 --- [kaServer.main()] o.s.j.e.a.AnnotationMBeanExporter        : Located managed bean 'restartEndpoint': registering with JMX server as MBean [org.springframework.cloud.context.restart:name=restartEndpoint,type=RestartEndpoint]
2016-03-03 18:25:42.647  INFO 14730 --- [kaServer.main()] o.s.j.e.a.AnnotationMBeanExporter        : Located managed bean 'refreshScope': registering with JMX server as MBean [org.springframework.cloud.context.scope.refresh:name=refreshScope,type=RefreshScope]
2016-03-03 18:25:42.653  INFO 14730 --- [kaServer.main()] o.s.j.e.a.AnnotationMBeanExporter        : Located managed bean 'configurationPropertiesRebinder': registering with JMX server as MBean [org.springframework.cloud.context.properties:name=configurationPropertiesRebinder,context=5de4ed8b,type=ConfigurationPropertiesRebinder]
2016-03-03 18:25:42.661  INFO 14730 --- [kaServer.main()] o.s.j.e.a.AnnotationMBeanExporter        : Located managed bean 'refreshEndpoint': registering with JMX server as MBean [org.springframework.cloud.bootstrap.config:name=refreshEndpoint,type=RefreshEndpoint]
2016-03-03 18:25:42.666  INFO 14730 --- [kaServer.main()] o.s.c.support.DefaultLifecycleProcessor  : Starting beans in phase 0
2016-03-03 18:25:43.084  INFO 14730 --- [kaServer.main()] s.b.c.e.t.TomcatEmbeddedServletContainer : Tomcat started on port(s): 8761 (http)
2016-03-03 18:25:43.085  INFO 14730 --- [kaServer.main()] io.pivotal.sfdc.EurekaServer             : Started EurekaServer in 6.346 seconds (JVM running for 9.509)
2016-03-03 18:26:36.545  INFO 14730 --- [nio-8761-exec-1] o.a.c.c.C.[Tomcat].[localhost].[/]       : Initializing Spring FrameworkServlet 'dispatcherServlet'
2016-03-03 18:26:36.546  INFO 14730 --- [nio-8761-exec-1] o.s.web.servlet.DispatcherServlet        : FrameworkServlet 'dispatcherServlet': initialization started
2016-03-03 18:26:36.571  INFO 14730 --- [nio-8761-exec-1] o.s.web.servlet.DispatcherServlet        : FrameworkServlet 'dispatcherServlet': initialization completed in 24 ms
2016-03-03 18:26:41.970  WARN 14730 --- [nio-8761-exec-2] com.netflix.eureka.InstanceRegistry      : DS: Registry: lease doesn't exist, registering resource: SFDCWEBAPP - localhost:sfdcwebapp:9090
2016-03-03 18:26:41.970  WARN 14730 --- [nio-8761-exec-2] c.n.eureka.resources.InstanceResource    : Not Found (Renew): SFDCWEBAPP - localhost:sfdcwebapp:9090
2016-03-03 18:26:47.410  WARN 14730 --- [nio-8761-exec-7] com.netflix.eureka.InstanceRegistry      : DS: Registry: lease doesn't exist, registering resource: AUTHSERVICE - localhost:authService:9000
2016-03-03 18:26:47.410  WARN 14730 --- [nio-8761-exec-7] c.n.eureka.resources.InstanceResource    : Not Found (Renew): AUTHSERVICE - localhost:authService:9000
2016-03-03 18:26:52.694  WARN 14730 --- [nio-8761-exec-9] com.netflix.eureka.InstanceRegistry      : DS: Registry: lease doesn't exist, registering resource: SFDCAPIGATEWAY - localhost:sfdcapigateway:9011
2016-03-03 18:26:52.695  WARN 14730 --- [nio-8761-exec-9] c.n.eureka.resources.InstanceResource    : Not Found (Renew): SFDCAPIGATEWAY - localhost:sfdcapigateway:9011
2016-03-03 18:26:54.224  WARN 14730 --- [nio-8761-exec-2] com.netflix.eureka.InstanceRegistry      : DS: Registry: lease doesn't exist, registering resource: OPPORTUNITYSERVICE - localhost:opportunityService:9003
2016-03-03 18:26:54.225  WARN 14730 --- [nio-8761-exec-2] c.n.eureka.resources.InstanceResource    : Not Found (Renew): OPPORTUNITYSERVICE - localhost:opportunityService:9003
2016-03-03 18:26:54.588  WARN 14730 --- [nio-8761-exec-4] com.netflix.eureka.InstanceRegistry      : DS: Registry: lease doesn't exist, registering resource: ACCOUNTSERVICE - localhost:accountService:9001
2016-03-03 18:26:54.589  WARN 14730 --- [nio-8761-exec-4] c.n.eureka.resources.InstanceResource    : Not Found (Renew): ACCOUNTSERVICE - localhost:accountService:9001
2016-03-03 18:26:54.752  WARN 14730 --- [nio-8761-exec-7] com.netflix.eureka.InstanceRegistry      : DS: Registry: lease doesn't exist, registering resource: CONTACTSERVICE - localhost:contactService:9002
2016-03-03 18:26:54.752  WARN 14730 --- [nio-8761-exec-7] c.n.eureka.resources.InstanceResource    : Not Found (Renew): CONTACTSERVICE - localhost:contactService:9002
2016-03-03 18:27:17.194  WARN 14730 --- [nio-8761-exec-3] c.n.eureka.resources.InstanceResource    : Time to sync, since the last dirty timestamp differs - ReplicationInstance id : localhost:sfdcwebapp:9090,Registry : 1457051196957 Incoming: 1457051236955 Replication: false
2016-03-03 18:27:17.218  WARN 14730 --- [nio-8761-exec-5] c.n.eureka.resources.InstanceResource    : Time to sync, since the last dirty timestamp differs - ReplicationInstance id : localhost:sfdcwebapp:9090,Registry : 1457051236955 Incoming: 1457051196957 Replication: true
2016-03-03 18:27:22.503  WARN 14730 --- [nio-8761-exec-4] c.n.eureka.resources.InstanceResource    : Time to sync, since the last dirty timestamp differs - ReplicationInstance id : localhost:authService:9000,Registry : 1457051202393 Incoming: 1457051242398 Replication: false
2016-03-03 18:27:22.703  WARN 14730 --- [nio-8761-exec-6] com.netflix.eureka.InstanceRegistry      : There is an existing lease and the existing lease's dirty timestamp 1457051242398 is greater than the one that is being registered 1457051202393
2016-03-03 18:27:22.740  WARN 14730 --- [nio-8761-exec-8] c.n.eureka.resources.InstanceResource    : Time to sync, since the last dirty timestamp differs - ReplicationInstance id : localhost:authService:9000,Registry : 1457051242398 Incoming: 1457051202393 Replication: true
2016-03-03 18:27:27.769  WARN 14730 --- [nio-8761-exec-3] c.n.eureka.resources.InstanceResource    : Time to sync, since the last dirty timestamp differs - ReplicationInstance id : localhost:sfdcapigateway:9011,Registry : 1457051207679 Incoming: 1457051247684 Replication: false
2016-03-03 18:27:28.250  WARN 14730 --- [nio-8761-exec-6] c.n.eureka.resources.InstanceResource    : Time to sync, since the last dirty timestamp differs - ReplicationInstance id : localhost:sfdcapigateway:9011,Registry : 1457051247684 Incoming: 1457051207679 Replication: true
2016-03-03 18:27:29.290  WARN 14730 --- [nio-8761-exec-9] c.n.eureka.resources.InstanceResource    : Time to sync, since the last dirty timestamp differs - ReplicationInstance id : localhost:opportunityService:9003,Registry : 1457051209211 Incoming: 1457051249215 Replication: false
2016-03-03 18:27:29.652  WARN 14730 --- [nio-8761-exec-2] c.n.eureka.resources.InstanceResource    : Time to sync, since the last dirty timestamp differs - ReplicationInstance id : localhost:accountService:9001,Registry : 1457051209576 Incoming: 1457051249579 Replication: false
2016-03-03 18:27:29.727  WARN 14730 --- [nio-8761-exec-5] com.netflix.eureka.InstanceRegistry      : There is an existing lease and the existing lease's dirty timestamp 1457051249579 is greater than the one that is being registered 1457051209576
2016-03-03 18:27:29.752  WARN 14730 --- [nio-8761-exec-8] c.n.eureka.resources.InstanceResource    : Time to sync, since the last dirty timestamp differs - ReplicationInstance id : localhost:opportunityService:9003,Registry : 1457051249215 Incoming: 1457051209211 Replication: true
2016-03-03 18:27:29.755  WARN 14730 --- [nio-8761-exec-9] c.n.eureka.resources.InstanceResource    : Time to sync, since the last dirty timestamp differs - ReplicationInstance id : localhost:accountService:9001,Registry : 1457051249579 Incoming: 1457051209576 Replication: true
2016-03-03 18:27:29.811  WARN 14730 --- [io-8761-exec-10] c.n.eureka.resources.InstanceResource    : Time to sync, since the last dirty timestamp differs - ReplicationInstance id : localhost:contactService:9002,Registry : 1457051209744 Incoming: 1457051249748 Replication: false
2016-03-03 18:27:30.227  WARN 14730 --- [nio-8761-exec-2] com.netflix.eureka.InstanceRegistry      : There is an existing lease and the existing lease's dirty timestamp 1457051249748 is greater than the one that is being registered 1457051209744
2016-03-03 18:27:30.253  WARN 14730 --- [nio-8761-exec-4] c.n.eureka.resources.InstanceResource    : Time to sync, since the last dirty timestamp differs - ReplicationInstance id : localhost:contactService:9002,Registry : 1457051249748 Incoming: 1457051209744 Replication: true
