[INFO] Scanning for projects...
[INFO]                                                                         
[INFO] ------------------------------------------------------------------------
[INFO] Building sfdcwebapp 0.0.1-SNAPSHOT
[INFO] ------------------------------------------------------------------------
[INFO] 
[INFO] >>> spring-boot-maven-plugin:1.2.4.RELEASE:run (default-cli) > test-compile @ sfdcwebapp >>>
[INFO] 
[INFO] --- maven-resources-plugin:2.6:resources (default-resources) @ sfdcwebapp ---
[INFO] Using 'UTF-8' encoding to copy filtered resources.
[INFO] Copying 0 resource
[INFO] Copying 27 resources
[INFO] 
[INFO] --- maven-compiler-plugin:3.1:compile (default-compile) @ sfdcwebapp ---
[INFO] Nothing to compile - all classes are up to date
[INFO] 
[INFO] --- maven-resources-plugin:2.6:testResources (default-testResources) @ sfdcwebapp ---
[INFO] Using 'UTF-8' encoding to copy filtered resources.
[INFO] skip non existing resourceDirectory /Users/jsheth/Documents/workspace/microservice-samples/SFDCApp/sfdcwebapp/src/test/resources
[INFO] 
[INFO] --- maven-compiler-plugin:3.1:testCompile (default-testCompile) @ sfdcwebapp ---
[INFO] Nothing to compile - all classes are up to date
[INFO] 
[INFO] <<< spring-boot-maven-plugin:1.2.4.RELEASE:run (default-cli) < test-compile @ sfdcwebapp <<<
[INFO] 
[INFO] --- spring-boot-maven-plugin:1.2.4.RELEASE:run (default-cli) @ sfdcwebapp ---
2015-11-05 11:09:20.451  INFO 66552 --- [lication.main()] io.pivotal.sfdc.SfdcwebappApplication    : Starting SfdcwebappApplication on pivotal-guest-437.sf.pivotallabs.com with PID 66552 (/Users/jsheth/Documents/workspace/microservice-samples/SFDCApp/sfdcwebapp/target/classes started by jsheth in /Users/jsheth/Documents/workspace/microservice-samples/SFDCApp/sfdcwebapp)
2015-11-05 11:09:20.593  INFO 66552 --- [lication.main()] s.c.a.AnnotationConfigApplicationContext : Refreshing org.springframework.context.annotation.AnnotationConfigApplicationContext@42d1db96: startup date [Thu Nov 05 11:09:20 PST 2015]; root of context hierarchy
2015-11-05 11:09:21.313  INFO 66552 --- [lication.main()] f.a.AutowiredAnnotationBeanPostProcessor : JSR-330 'javax.inject.Inject' annotation found and supported for autowiring
2015-11-05 11:09:21.948  INFO 66552 --- [lication.main()] trationDelegate$BeanPostProcessorChecker : Bean 'encrypt.CONFIGURATION_PROPERTIES' of type [class org.springframework.cloud.bootstrap.encrypt.KeyProperties] is not eligible for getting processed by all BeanPostProcessors (for example: not eligible for auto-proxying)
2015-11-05 11:09:21.948  INFO 66552 --- [lication.main()] trationDelegate$BeanPostProcessorChecker : Bean 'encryptionBootstrapConfiguration' of type [class org.springframework.cloud.bootstrap.encrypt.EncryptionBootstrapConfiguration$$EnhancerBySpringCGLIB$$8affb259] is not eligible for getting processed by all BeanPostProcessors (for example: not eligible for auto-proxying)
2015-11-05 11:09:22.237  INFO 66552 --- [lication.main()] io.pivotal.sfdc.SfdcwebappApplication    : Started SfdcwebappApplication in 2.78 seconds (JVM running for 14.468)

  .   ____          _            __ _ _
 /\\ / ___'_ __ _ _(_)_ __  __ _ \ \ \ \
( ( )\___ | '_ | '_| | '_ \/ _` | \ \ \ \
 \\/  ___)| |_)| | | | | || (_| |  ) ) ) )
  '  |____| .__|_| |_|_| |_\__, | / / / /
 =========|_|==============|___/=/_/_/_/
 :: Spring Boot ::        (v1.2.4.RELEASE)

2015-11-05 11:09:35.245  INFO 66552 --- [lication.main()] b.c.PropertySourceBootstrapConfiguration : Located property source: CompositePropertySource [name='configService', propertySources=[MapPropertySource [name='file:///Users/jsheth/Documents/workspace/microservice-samples/SFDCApp/config-repo/sfdcwebapp.yml#local'], MapPropertySource [name='file:///Users/jsheth/Documents/workspace/microservice-samples/SFDCApp/config-repo/sfdcwebapp.yml']]]
2015-11-05 11:09:35.264  INFO 66552 --- [lication.main()] ationConfigEmbeddedWebApplicationContext : Refreshing org.springframework.boot.context.embedded.AnnotationConfigEmbeddedWebApplicationContext@234ef5a: startup date [Thu Nov 05 11:09:35 PST 2015]; parent: org.springframework.context.annotation.AnnotationConfigApplicationContext@42d1db96
2015-11-05 11:09:37.651  INFO 66552 --- [lication.main()] o.s.b.f.s.DefaultListableBeanFactory     : Overriding bean definition for bean 'beanNameViewResolver': replacing [Root bean: class [null]; scope=; abstract=false; lazyInit=false; autowireMode=3; dependencyCheck=0; autowireCandidate=true; primary=false; factoryBeanName=org.springframework.boot.autoconfigure.web.ErrorMvcAutoConfiguration$WhitelabelErrorViewConfiguration; factoryMethodName=beanNameViewResolver; initMethodName=null; destroyMethodName=(inferred); defined in class path resource [org/springframework/boot/autoconfigure/web/ErrorMvcAutoConfiguration$WhitelabelErrorViewConfiguration.class]] with [Root bean: class [null]; scope=; abstract=false; lazyInit=false; autowireMode=3; dependencyCheck=0; autowireCandidate=true; primary=false; factoryBeanName=org.springframework.boot.autoconfigure.web.WebMvcAutoConfiguration$WebMvcAutoConfigurationAdapter; factoryMethodName=beanNameViewResolver; initMethodName=null; destroyMethodName=(inferred); defined in class path resource [org/springframework/boot/autoconfigure/web/WebMvcAutoConfiguration$WebMvcAutoConfigurationAdapter.class]]
2015-11-05 11:09:38.703  INFO 66552 --- [lication.main()] o.s.cloud.context.scope.GenericScope     : BeanFactory id=374956fc-a190-30c1-938c-0b1cbb9140d2
2015-11-05 11:09:38.721  INFO 66552 --- [lication.main()] f.a.AutowiredAnnotationBeanPostProcessor : JSR-330 'javax.inject.Inject' annotation found and supported for autowiring
2015-11-05 11:09:38.877  INFO 66552 --- [lication.main()] trationDelegate$BeanPostProcessorChecker : Bean 'org.springframework.cloud.autoconfigure.RefreshAutoConfiguration$ConfigurationPropertiesRebinderConfiguration' of type [class org.springframework.cloud.autoconfigure.RefreshAutoConfiguration$ConfigurationPropertiesRebinderConfiguration$$EnhancerBySpringCGLIB$$bb367536] is not eligible for getting processed by all BeanPostProcessors (for example: not eligible for auto-proxying)
2015-11-05 11:09:39.846  INFO 66552 --- [lication.main()] s.b.c.e.t.TomcatEmbeddedServletContainer : Tomcat initialized with port(s): 9090 (http)
2015-11-05 11:09:40.427  INFO 66552 --- [lication.main()] o.apache.catalina.core.StandardService   : Starting service Tomcat
2015-11-05 11:09:40.429  INFO 66552 --- [lication.main()] org.apache.catalina.core.StandardEngine  : Starting Servlet Engine: Apache Tomcat/8.0.23
2015-11-05 11:09:40.535  INFO 66552 --- [ost-startStop-1] o.a.c.c.C.[Tomcat].[localhost].[/]       : Initializing Spring embedded WebApplicationContext
2015-11-05 11:09:40.537  INFO 66552 --- [ost-startStop-1] o.s.web.context.ContextLoader            : Root WebApplicationContext: initialization completed in 5273 ms
2015-11-05 11:09:44.328  INFO 66552 --- [ost-startStop-1] b.a.s.AuthenticationManagerConfiguration : 

Using default security password: f628a666-7e0b-41cc-9b26-306ec9d094d1

2015-11-05 11:09:44.464  INFO 66552 --- [ost-startStop-1] o.s.s.web.DefaultSecurityFilterChain     : Creating filter chain: Ant [pattern='/css/**'], []
2015-11-05 11:09:44.464  INFO 66552 --- [ost-startStop-1] o.s.s.web.DefaultSecurityFilterChain     : Creating filter chain: Ant [pattern='/js/**'], []
2015-11-05 11:09:44.465  INFO 66552 --- [ost-startStop-1] o.s.s.web.DefaultSecurityFilterChain     : Creating filter chain: Ant [pattern='/images/**'], []
2015-11-05 11:09:44.469  INFO 66552 --- [ost-startStop-1] o.s.s.web.DefaultSecurityFilterChain     : Creating filter chain: Ant [pattern='/**/favicon.ico'], []
2015-11-05 11:09:44.469  INFO 66552 --- [ost-startStop-1] o.s.s.web.DefaultSecurityFilterChain     : Creating filter chain: Ant [pattern='/error'], []
2015-11-05 11:09:44.592  INFO 66552 --- [ost-startStop-1] o.s.s.web.DefaultSecurityFilterChain     : Creating filter chain: org.springframework.boot.autoconfigure.security.SpringBootWebSecurityConfiguration$ApplicationNoWebSecurityConfigurerAdapter$1@51db554e, [org.springframework.security.web.context.request.async.WebAsyncManagerIntegrationFilter@1e50de34, org.springframework.security.web.context.SecurityContextPersistenceFilter@4ed0b917, org.springframework.security.web.header.HeaderWriterFilter@444fbcd0, org.springframework.security.web.csrf.CsrfFilter@436d92c4, org.springframework.security.web.authentication.logout.LogoutFilter@2eb538a4, org.springframework.security.web.savedrequest.RequestCacheAwareFilter@3e665dc8, org.springframework.security.web.servletapi.SecurityContextHolderAwareRequestFilter@285a1cc0, org.springframework.security.web.authentication.AnonymousAuthenticationFilter@19a7a542, org.springframework.security.web.session.SessionManagementFilter@77e30469, org.springframework.security.web.access.ExceptionTranslationFilter@1feae7c6]
2015-11-05 11:09:44.973  INFO 66552 --- [ost-startStop-1] o.s.b.c.embedded.FilterRegistrationBean  : Mapping filter: 'characterEncodingFilter' to: [/*]
2015-11-05 11:09:44.973  INFO 66552 --- [ost-startStop-1] o.s.b.c.embedded.FilterRegistrationBean  : Mapping filter: 'hiddenHttpMethodFilter' to: [/*]
2015-11-05 11:09:44.973  INFO 66552 --- [ost-startStop-1] o.s.b.c.embedded.FilterRegistrationBean  : Mapping filter: 'springSecurityFilterChain' to: [/*]
2015-11-05 11:09:44.974  INFO 66552 --- [ost-startStop-1] o.s.b.c.e.ServletRegistrationBean        : Mapping servlet: 'dispatcherServlet' to [/]
2015-11-05 11:09:45.347  INFO 66552 --- [lication.main()] o.s.b.f.config.PropertiesFactoryBean     : Loading properties file from class path resource [rest-default-messages.properties]
2015-11-05 11:09:46.486  WARN 66552 --- [lication.main()] c.n.c.sources.URLConfigurationSource     : No URLs will be polled as dynamic configuration sources.
2015-11-05 11:09:46.488  INFO 66552 --- [lication.main()] c.n.c.sources.URLConfigurationSource     : To enable URLs as dynamic configuration sources, define System property archaius.configurationSource.additionalUrls or make config.properties available on classpath.
2015-11-05 11:09:46.499  INFO 66552 --- [lication.main()] c.netflix.config.DynamicPropertyFactory  : DynamicPropertyFactory is initialized with configuration sources: com.netflix.config.ConcurrentCompositeConfiguration@1a813ac
2015-11-05 11:09:46.747  INFO 66552 --- [lication.main()] s.w.s.m.m.a.RequestMappingHandlerAdapter : Looking for @ControllerAdvice: org.springframework.boot.context.embedded.AnnotationConfigEmbeddedWebApplicationContext@234ef5a: startup date [Thu Nov 05 11:09:35 PST 2015]; parent: org.springframework.context.annotation.AnnotationConfigApplicationContext@42d1db96
2015-11-05 11:09:46.893  INFO 66552 --- [lication.main()] s.w.s.m.m.a.RequestMappingHandlerMapping : Mapped "{[/oauth2],methods=[GET],params=[],headers=[],consumes=[],produces=[],custom=[]}" onto public java.lang.String io.pivotal.sfdc.controller.ServiceController.getoauth2()
2015-11-05 11:09:46.894  INFO 66552 --- [lication.main()] s.w.s.m.m.a.RequestMappingHandlerMapping : Mapped "{[/accounts],methods=[GET],params=[],headers=[],consumes=[],produces=[],custom=[]}" onto public java.lang.String io.pivotal.sfdc.controller.ServiceController.getContactsByAccounts()
2015-11-05 11:09:46.894  INFO 66552 --- [lication.main()] s.w.s.m.m.a.RequestMappingHandlerMapping : Mapped "{[/opp_by_accts],methods=[GET],params=[],headers=[],consumes=[],produces=[],custom=[]}" onto public java.lang.String io.pivotal.sfdc.controller.ServiceController.getOpportunitiesByAccounts()
2015-11-05 11:09:46.894  INFO 66552 --- [lication.main()] s.w.s.m.m.a.RequestMappingHandlerMapping : Mapped "{[/account/{id}],methods=[POST || PUT],params=[],headers=[],consumes=[],produces=[],custom=[]}" onto public java.lang.String io.pivotal.sfdc.controller.ServiceController.cuAccount(java.lang.String,io.pivotal.sfdc.domain.Account)
2015-11-05 11:09:46.894  INFO 66552 --- [lication.main()] s.w.s.m.m.a.RequestMappingHandlerMapping : Mapped "{[/account/{id}],methods=[GET || DELETE],params=[],headers=[],consumes=[],produces=[],custom=[]}" onto public java.lang.String io.pivotal.sfdc.controller.ServiceController.rdAccount(java.lang.String)
2015-11-05 11:09:46.894  INFO 66552 --- [lication.main()] s.w.s.m.m.a.RequestMappingHandlerMapping : Mapped "{[/contact/{id}],methods=[POST || PUT],params=[],headers=[],consumes=[],produces=[],custom=[]}" onto public java.lang.String io.pivotal.sfdc.controller.ServiceController.cuContact(java.lang.String,io.pivotal.sfdc.domain.Contact,org.springframework.web.util.UriComponentsBuilder)
2015-11-05 11:09:46.894  INFO 66552 --- [lication.main()] s.w.s.m.m.a.RequestMappingHandlerMapping : Mapped "{[/contact/{id}],methods=[GET || DELETE],params=[],headers=[],consumes=[],produces=[],custom=[]}" onto public java.lang.String io.pivotal.sfdc.controller.ServiceController.rdContact(java.lang.String,org.springframework.web.util.UriComponentsBuilder)
2015-11-05 11:09:46.895  INFO 66552 --- [lication.main()] s.w.s.m.m.a.RequestMappingHandlerMapping : Mapped "{[/opportunity/{id}],methods=[POST || PUT],params=[],headers=[],consumes=[],produces=[],custom=[]}" onto public java.lang.String io.pivotal.sfdc.controller.ServiceController.cuOpportunity(java.lang.String,io.pivotal.sfdc.domain.Opportunity,org.springframework.web.util.UriComponentsBuilder)
2015-11-05 11:09:46.895  INFO 66552 --- [lication.main()] s.w.s.m.m.a.RequestMappingHandlerMapping : Mapped "{[/opportunity/{id}],methods=[GET || DELETE],params=[],headers=[],consumes=[],produces=[],custom=[]}" onto public java.lang.String io.pivotal.sfdc.controller.ServiceController.rdOpportunity(java.lang.String,org.springframework.web.util.UriComponentsBuilder)
2015-11-05 11:09:46.896  INFO 66552 --- [lication.main()] s.w.s.m.m.a.RequestMappingHandlerMapping : Mapped "{[/error],methods=[],params=[],headers=[],consumes=[],produces=[],custom=[]}" onto public org.springframework.http.ResponseEntity<java.util.Map<java.lang.String, java.lang.Object>> org.springframework.boot.autoconfigure.web.BasicErrorController.error(javax.servlet.http.HttpServletRequest)
2015-11-05 11:09:46.897  INFO 66552 --- [lication.main()] s.w.s.m.m.a.RequestMappingHandlerMapping : Mapped "{[/error],methods=[],params=[],headers=[],consumes=[],produces=[text/html],custom=[]}" onto public org.springframework.web.servlet.ModelAndView org.springframework.boot.autoconfigure.web.BasicErrorController.errorHtml(javax.servlet.http.HttpServletRequest)
2015-11-05 11:09:46.902  INFO 66552 --- [lication.main()] o.s.w.s.c.a.WebMvcConfigurerAdapter      : Adding welcome page: file:/Users/jsheth/Documents/workspace/microservice-samples/SFDCApp/sfdcwebapp/src/main/resources/public/index.html
2015-11-05 11:09:46.951  INFO 66552 --- [lication.main()] o.s.w.s.handler.SimpleUrlHandlerMapping  : Root mapping to handler of type [class org.springframework.web.servlet.mvc.ParameterizableViewController]
2015-11-05 11:09:46.963  INFO 66552 --- [lication.main()] o.s.w.s.handler.SimpleUrlHandlerMapping  : Mapped URL path [/webjars/**] onto handler of type [class org.springframework.web.servlet.resource.ResourceHttpRequestHandler]
2015-11-05 11:09:46.964  INFO 66552 --- [lication.main()] o.s.w.s.handler.SimpleUrlHandlerMapping  : Mapped URL path [/**] onto handler of type [class org.springframework.web.servlet.resource.ResourceHttpRequestHandler]
2015-11-05 11:09:47.059  INFO 66552 --- [lication.main()] o.s.w.s.handler.SimpleUrlHandlerMapping  : Mapped URL path [/**/favicon.ico] onto handler of type [class org.springframework.web.servlet.resource.ResourceHttpRequestHandler]
2015-11-05 11:09:47.283  INFO 66552 --- [lication.main()] o.s.d.r.w.RepositoryRestHandlerAdapter   : Looking for @ControllerAdvice: org.springframework.boot.context.embedded.AnnotationConfigEmbeddedWebApplicationContext@234ef5a: startup date [Thu Nov 05 11:09:35 PST 2015]; parent: org.springframework.context.annotation.AnnotationConfigApplicationContext@42d1db96
2015-11-05 11:09:47.353  INFO 66552 --- [lication.main()] o.s.d.r.w.RepositoryRestHandlerMapping   : Mapped "{[/{repository}/{id}/{property}],methods=[GET],params=[],headers=[],consumes=[],produces=[],custom=[]}" onto public org.springframework.http.ResponseEntity<org.springframework.hateoas.ResourceSupport> org.springframework.data.rest.webmvc.RepositoryPropertyReferenceController.followPropertyReference(org.springframework.data.rest.webmvc.RootResourceInformation,java.io.Serializable,java.lang.String,org.springframework.data.rest.webmvc.PersistentEntityResourceAssembler) throws java.lang.Exception
2015-11-05 11:09:47.353  INFO 66552 --- [lication.main()] o.s.d.r.w.RepositoryRestHandlerMapping   : Mapped "{[/{repository}/{id}/{property}/{propertyId}],methods=[GET],params=[],headers=[],consumes=[],produces=[],custom=[]}" onto public org.springframework.http.ResponseEntity<org.springframework.hateoas.ResourceSupport> org.springframework.data.rest.webmvc.RepositoryPropertyReferenceController.followPropertyReference(org.springframework.data.rest.webmvc.RootResourceInformation,java.io.Serializable,java.lang.String,java.lang.String,org.springframework.data.rest.webmvc.PersistentEntityResourceAssembler) throws java.lang.Exception
2015-11-05 11:09:47.353  INFO 66552 --- [lication.main()] o.s.d.r.w.RepositoryRestHandlerMapping   : Mapped "{[/{repository}/{id}/{property}],methods=[DELETE],params=[],headers=[],consumes=[],produces=[],custom=[]}" onto public org.springframework.http.ResponseEntity<? extends org.springframework.hateoas.ResourceSupport> org.springframework.data.rest.webmvc.RepositoryPropertyReferenceController.deletePropertyReference(org.springframework.data.rest.webmvc.RootResourceInformation,java.io.Serializable,java.lang.String) throws java.lang.Exception
2015-11-05 11:09:47.353  INFO 66552 --- [lication.main()] o.s.d.r.w.RepositoryRestHandlerMapping   : Mapped "{[/{repository}/{id}/{property}],methods=[GET],params=[],headers=[],consumes=[],produces=[application/x-spring-data-compact+json || text/uri-list],custom=[]}" onto public org.springframework.http.ResponseEntity<org.springframework.hateoas.ResourceSupport> org.springframework.data.rest.webmvc.RepositoryPropertyReferenceController.followPropertyReferenceCompact(org.springframework.data.rest.webmvc.RootResourceInformation,java.io.Serializable,java.lang.String,org.springframework.data.rest.webmvc.PersistentEntityResourceAssembler) throws java.lang.Exception
2015-11-05 11:09:47.353  INFO 66552 --- [lication.main()] o.s.d.r.w.RepositoryRestHandlerMapping   : Mapped "{[/{repository}/{id}/{property}],methods=[PATCH || PUT],params=[],headers=[],consumes=[application/json || application/x-spring-data-compact+json || text/uri-list],produces=[],custom=[]}" onto public org.springframework.http.ResponseEntity<? extends org.springframework.hateoas.ResourceSupport> org.springframework.data.rest.webmvc.RepositoryPropertyReferenceController.createPropertyReference(org.springframework.data.rest.webmvc.RootResourceInformation,org.springframework.http.HttpMethod,org.springframework.hateoas.Resources<java.lang.Object>,java.io.Serializable,java.lang.String) throws java.lang.Exception
2015-11-05 11:09:47.354  INFO 66552 --- [lication.main()] o.s.d.r.w.RepositoryRestHandlerMapping   : Mapped "{[/{repository}/{id}/{property}/{propertyId}],methods=[DELETE],params=[],headers=[],consumes=[],produces=[],custom=[]}" onto public org.springframework.http.ResponseEntity<org.springframework.hateoas.ResourceSupport> org.springframework.data.rest.webmvc.RepositoryPropertyReferenceController.deletePropertyReferenceId(org.springframework.data.rest.webmvc.RootResourceInformation,java.io.Serializable,java.lang.String,java.lang.String) throws java.lang.Exception
2015-11-05 11:09:47.354  INFO 66552 --- [lication.main()] o.s.d.r.w.RepositoryRestHandlerMapping   : Mapped "{[/{repository}/schema],methods=[GET],params=[],headers=[],consumes=[],produces=[application/schema+json],custom=[]}" onto public org.springframework.http.HttpEntity<org.springframework.data.rest.webmvc.json.JsonSchema> org.springframework.data.rest.webmvc.RepositorySchemaController.schema(org.springframework.data.rest.webmvc.RootResourceInformation)
2015-11-05 11:09:47.355  INFO 66552 --- [lication.main()] o.s.d.r.w.RepositoryRestHandlerMapping   : Mapped "{[/{repository}],methods=[HEAD],params=[],headers=[],consumes=[],produces=[],custom=[]}" onto public org.springframework.http.ResponseEntity<?> org.springframework.data.rest.webmvc.RepositoryEntityController.headCollectionResource(org.springframework.data.rest.webmvc.RootResourceInformation) throws org.springframework.web.HttpRequestMethodNotSupportedException
2015-11-05 11:09:47.355  INFO 66552 --- [lication.main()] o.s.d.r.w.RepositoryRestHandlerMapping   : Mapped "{[/{repository}],methods=[GET],params=[],headers=[],consumes=[],produces=[],custom=[]}" onto public org.springframework.hateoas.Resources<?> org.springframework.data.rest.webmvc.RepositoryEntityController.getCollectionResource(org.springframework.data.rest.webmvc.RootResourceInformation,org.springframework.data.rest.webmvc.support.DefaultedPageable,org.springframework.data.domain.Sort,org.springframework.data.rest.webmvc.PersistentEntityResourceAssembler) throws org.springframework.data.rest.webmvc.ResourceNotFoundException,org.springframework.web.HttpRequestMethodNotSupportedException
2015-11-05 11:09:47.355  INFO 66552 --- [lication.main()] o.s.d.r.w.RepositoryRestHandlerMapping   : Mapped "{[/{repository}],methods=[OPTIONS],params=[],headers=[],consumes=[],produces=[],custom=[]}" onto public org.springframework.http.ResponseEntity<?> org.springframework.data.rest.webmvc.RepositoryEntityController.optionsForCollectionResource(org.springframework.data.rest.webmvc.RootResourceInformation)
2015-11-05 11:09:47.355  INFO 66552 --- [lication.main()] o.s.d.r.w.RepositoryRestHandlerMapping   : Mapped "{[/{repository}],methods=[GET],params=[],headers=[],consumes=[],produces=[application/x-spring-data-compact+json || text/uri-list],custom=[]}" onto public org.springframework.hateoas.Resources<?> org.springframework.data.rest.webmvc.RepositoryEntityController.getCollectionResourceCompact(org.springframework.data.rest.webmvc.RootResourceInformation,org.springframework.data.rest.webmvc.support.DefaultedPageable,org.springframework.data.domain.Sort,org.springframework.data.rest.webmvc.PersistentEntityResourceAssembler) throws org.springframework.data.rest.webmvc.ResourceNotFoundException,org.springframework.web.HttpRequestMethodNotSupportedException
2015-11-05 11:09:47.356  INFO 66552 --- [lication.main()] o.s.d.r.w.RepositoryRestHandlerMapping   : Mapped "{[/{repository}],methods=[POST],params=[],headers=[],consumes=[],produces=[],custom=[]}" onto public org.springframework.http.ResponseEntity<org.springframework.hateoas.ResourceSupport> org.springframework.data.rest.webmvc.RepositoryEntityController.postCollectionResource(org.springframework.data.rest.webmvc.RootResourceInformation,org.springframework.data.rest.webmvc.PersistentEntityResource,org.springframework.data.rest.webmvc.PersistentEntityResourceAssembler) throws org.springframework.web.HttpRequestMethodNotSupportedException
2015-11-05 11:09:47.356  INFO 66552 --- [lication.main()] o.s.d.r.w.RepositoryRestHandlerMapping   : Mapped "{[/{repository}/{id}],methods=[OPTIONS],params=[],headers=[],consumes=[],produces=[],custom=[]}" onto public org.springframework.http.ResponseEntity<?> org.springframework.data.rest.webmvc.RepositoryEntityController.optionsForItemResource(org.springframework.data.rest.webmvc.RootResourceInformation)
2015-11-05 11:09:47.356  INFO 66552 --- [lication.main()] o.s.d.r.w.RepositoryRestHandlerMapping   : Mapped "{[/{repository}/{id}],methods=[HEAD],params=[],headers=[],consumes=[],produces=[],custom=[]}" onto public org.springframework.http.ResponseEntity<?> org.springframework.data.rest.webmvc.RepositoryEntityController.headForItemResource(org.springframework.data.rest.webmvc.RootResourceInformation,java.io.Serializable) throws org.springframework.web.HttpRequestMethodNotSupportedException
2015-11-05 11:09:47.356  INFO 66552 --- [lication.main()] o.s.d.r.w.RepositoryRestHandlerMapping   : Mapped "{[/{repository}/{id}],methods=[GET],params=[],headers=[],consumes=[],produces=[],custom=[]}" onto public org.springframework.http.ResponseEntity<org.springframework.hateoas.Resource<?>> org.springframework.data.rest.webmvc.RepositoryEntityController.getItemResource(org.springframework.data.rest.webmvc.RootResourceInformation,java.io.Serializable,org.springframework.data.rest.webmvc.PersistentEntityResourceAssembler) throws org.springframework.web.HttpRequestMethodNotSupportedException
2015-11-05 11:09:47.356  INFO 66552 --- [lication.main()] o.s.d.r.w.RepositoryRestHandlerMapping   : Mapped "{[/{repository}/{id}],methods=[PUT],params=[],headers=[],consumes=[],produces=[],custom=[]}" onto public org.springframework.http.ResponseEntity<? extends org.springframework.hateoas.ResourceSupport> org.springframework.data.rest.webmvc.RepositoryEntityController.putItemResource(org.springframework.data.rest.webmvc.RootResourceInformation,org.springframework.data.rest.webmvc.PersistentEntityResource,java.io.Serializable,org.springframework.data.rest.webmvc.PersistentEntityResourceAssembler) throws org.springframework.web.HttpRequestMethodNotSupportedException
2015-11-05 11:09:47.356  INFO 66552 --- [lication.main()] o.s.d.r.w.RepositoryRestHandlerMapping   : Mapped "{[/{repository}/{id}],methods=[PATCH],params=[],headers=[],consumes=[],produces=[],custom=[]}" onto public org.springframework.http.ResponseEntity<org.springframework.hateoas.ResourceSupport> org.springframework.data.rest.webmvc.RepositoryEntityController.patchItemResource(org.springframework.data.rest.webmvc.RootResourceInformation,org.springframework.data.rest.webmvc.PersistentEntityResource,java.io.Serializable,org.springframework.data.rest.webmvc.PersistentEntityResourceAssembler) throws org.springframework.web.HttpRequestMethodNotSupportedException,org.springframework.data.rest.webmvc.ResourceNotFoundException
2015-11-05 11:09:47.356  INFO 66552 --- [lication.main()] o.s.d.r.w.RepositoryRestHandlerMapping   : Mapped "{[/{repository}/{id}],methods=[DELETE],params=[],headers=[],consumes=[],produces=[],custom=[]}" onto public org.springframework.http.ResponseEntity<?> org.springframework.data.rest.webmvc.RepositoryEntityController.deleteItemResource(org.springframework.data.rest.webmvc.RootResourceInformation,java.io.Serializable) throws org.springframework.data.rest.webmvc.ResourceNotFoundException,org.springframework.web.HttpRequestMethodNotSupportedException
2015-11-05 11:09:47.357  INFO 66552 --- [lication.main()] o.s.d.r.w.RepositoryRestHandlerMapping   : Mapped "{[/],methods=[OPTIONS],params=[],headers=[],consumes=[],produces=[],custom=[]}" onto public org.springframework.http.HttpEntity<?> org.springframework.data.rest.webmvc.RepositoryController.optionsForRepositories()
2015-11-05 11:09:47.357  INFO 66552 --- [lication.main()] o.s.d.r.w.RepositoryRestHandlerMapping   : Mapped "{[/],methods=[HEAD],params=[],headers=[],consumes=[],produces=[],custom=[]}" onto public org.springframework.http.ResponseEntity<?> org.springframework.data.rest.webmvc.RepositoryController.headForRepositories()
2015-11-05 11:09:47.357  INFO 66552 --- [lication.main()] o.s.d.r.w.RepositoryRestHandlerMapping   : Mapped "{[/],methods=[GET],params=[],headers=[],consumes=[],produces=[],custom=[]}" onto public org.springframework.http.HttpEntity<org.springframework.data.rest.webmvc.RepositoryLinksResource> org.springframework.data.rest.webmvc.RepositoryController.listRepositories()
2015-11-05 11:09:47.358  INFO 66552 --- [lication.main()] o.s.d.r.w.RepositoryRestHandlerMapping   : Mapped "{[/{repository}/search],methods=[HEAD],params=[],headers=[],consumes=[],produces=[],custom=[]}" onto public org.springframework.http.HttpEntity<?> org.springframework.data.rest.webmvc.RepositorySearchController.headForSearches(org.springframework.data.rest.webmvc.RootResourceInformation)
2015-11-05 11:09:47.358  INFO 66552 --- [lication.main()] o.s.d.r.w.RepositoryRestHandlerMapping   : Mapped "{[/{repository}/search],methods=[GET],params=[],headers=[],consumes=[],produces=[],custom=[]}" onto public org.springframework.hateoas.ResourceSupport org.springframework.data.rest.webmvc.RepositorySearchController.listSearches(org.springframework.data.rest.webmvc.RootResourceInformation)
2015-11-05 11:09:47.359  INFO 66552 --- [lication.main()] o.s.d.r.w.RepositoryRestHandlerMapping   : Mapped "{[/{repository}/search],methods=[OPTIONS],params=[],headers=[],consumes=[],produces=[],custom=[]}" onto public org.springframework.http.HttpEntity<?> org.springframework.data.rest.webmvc.RepositorySearchController.optionsForSearches(org.springframework.data.rest.webmvc.RootResourceInformation)
2015-11-05 11:09:47.359  INFO 66552 --- [lication.main()] o.s.d.r.w.RepositoryRestHandlerMapping   : Mapped "{[/{repository}/search/{search}],methods=[GET],params=[],headers=[],consumes=[],produces=[],custom=[]}" onto public org.springframework.http.ResponseEntity<java.lang.Object> org.springframework.data.rest.webmvc.RepositorySearchController.executeSearch(org.springframework.data.rest.webmvc.RootResourceInformation,org.springframework.web.context.request.WebRequest,java.lang.String,org.springframework.data.rest.webmvc.support.DefaultedPageable,org.springframework.data.domain.Sort,org.springframework.data.rest.webmvc.PersistentEntityResourceAssembler)
2015-11-05 11:09:47.359  INFO 66552 --- [lication.main()] o.s.d.r.w.RepositoryRestHandlerMapping   : Mapped "{[/{repository}/search/{search}],methods=[GET],params=[],headers=[],consumes=[],produces=[application/x-spring-data-compact+json],custom=[]}" onto public org.springframework.hateoas.ResourceSupport org.springframework.data.rest.webmvc.RepositorySearchController.executeSearchCompact(org.springframework.data.rest.webmvc.RootResourceInformation,org.springframework.web.context.request.WebRequest,java.lang.String,java.lang.String,org.springframework.data.rest.webmvc.support.DefaultedPageable,org.springframework.data.domain.Sort,org.springframework.data.rest.webmvc.PersistentEntityResourceAssembler)
2015-11-05 11:09:47.359  INFO 66552 --- [lication.main()] o.s.d.r.w.RepositoryRestHandlerMapping   : Mapped "{[/{repository}/search/{search}],methods=[OPTIONS],params=[],headers=[],consumes=[],produces=[],custom=[]}" onto public org.springframework.http.ResponseEntity<java.lang.Object> org.springframework.data.rest.webmvc.RepositorySearchController.optionsForSearch(org.springframework.data.rest.webmvc.RootResourceInformation,java.lang.String)
2015-11-05 11:09:47.359  INFO 66552 --- [lication.main()] o.s.d.r.w.RepositoryRestHandlerMapping   : Mapped "{[/{repository}/search/{search}],methods=[HEAD],params=[],headers=[],consumes=[],produces=[],custom=[]}" onto public org.springframework.http.ResponseEntity<java.lang.Object> org.springframework.data.rest.webmvc.RepositorySearchController.headForSearch(org.springframework.data.rest.webmvc.RootResourceInformation,java.lang.String)
2015-11-05 11:09:47.365  INFO 66552 --- [lication.main()] o.s.d.r.w.BaseUriAwareHandlerMapping     : Mapped "{[/alps/{repository}],methods=[GET],params=[],headers=[],consumes=[],produces=[],custom=[]}" onto org.springframework.http.HttpEntity<org.springframework.data.rest.webmvc.RootResourceInformation> org.springframework.data.rest.webmvc.alps.AlpsController.descriptor(org.springframework.data.rest.webmvc.RootResourceInformation)
2015-11-05 11:09:47.365  INFO 66552 --- [lication.main()] o.s.d.r.w.BaseUriAwareHandlerMapping     : Mapped "{[/alps || /alps/{repository}],methods=[OPTIONS],params=[],headers=[],consumes=[],produces=[],custom=[]}" onto org.springframework.http.HttpEntity<?> org.springframework.data.rest.webmvc.alps.AlpsController.alpsOptions()
2015-11-05 11:09:47.365  INFO 66552 --- [lication.main()] o.s.d.r.w.BaseUriAwareHandlerMapping     : Mapped "{[/alps],methods=[GET],params=[],headers=[],consumes=[],produces=[],custom=[]}" onto org.springframework.http.HttpEntity<org.springframework.hateoas.alps.Alps> org.springframework.data.rest.webmvc.alps.AlpsController.alps()
2015-11-05 11:09:47.776  WARN 66552 --- [lication.main()] c.n.c.sources.URLConfigurationSource     : No URLs will be polled as dynamic configuration sources.
2015-11-05 11:09:47.777  INFO 66552 --- [lication.main()] c.n.c.sources.URLConfigurationSource     : To enable URLs as dynamic configuration sources, define System property archaius.configurationSource.additionalUrls or make config.properties available on classpath.
2015-11-05 11:09:47.857  INFO 66552 --- [lication.main()] o.s.j.e.a.AnnotationMBeanExporter        : Registering beans for JMX exposure on startup
2015-11-05 11:09:47.867  INFO 66552 --- [lication.main()] o.s.j.e.a.AnnotationMBeanExporter        : Bean with name 'configurationPropertiesRebinder' has been autodetected for JMX exposure
2015-11-05 11:09:47.872  INFO 66552 --- [lication.main()] o.s.j.e.a.AnnotationMBeanExporter        : Bean with name 'refreshScope' has been autodetected for JMX exposure
2015-11-05 11:09:47.873  INFO 66552 --- [lication.main()] o.s.j.e.a.AnnotationMBeanExporter        : Bean with name 'environmentManager' has been autodetected for JMX exposure
2015-11-05 11:09:47.876  INFO 66552 --- [lication.main()] o.s.j.e.a.AnnotationMBeanExporter        : Located managed bean 'environmentManager': registering with JMX server as MBean [org.springframework.cloud.context.environment:name=environmentManager,type=EnvironmentManager]
2015-11-05 11:09:47.888  INFO 66552 --- [lication.main()] o.s.j.e.a.AnnotationMBeanExporter        : Located managed bean 'refreshScope': registering with JMX server as MBean [org.springframework.cloud.context.scope.refresh:name=refreshScope,type=RefreshScope]
2015-11-05 11:09:47.937  INFO 66552 --- [lication.main()] o.s.j.e.a.AnnotationMBeanExporter        : Located managed bean 'configurationPropertiesRebinder': registering with JMX server as MBean [org.springframework.cloud.context.properties:name=configurationPropertiesRebinder,context=234ef5a,type=ConfigurationPropertiesRebinder]
2015-11-05 11:09:47.971  INFO 66552 --- [lication.main()] o.s.c.support.DefaultLifecycleProcessor  : Starting beans in phase 0
2015-11-05 11:09:47.975  INFO 66552 --- [lication.main()] .p.EurekaConfigBasedInstanceInfoProvider : Setting initial instance status as: STARTING
2015-11-05 11:09:49.256  INFO 66552 --- [lication.main()] com.netflix.discovery.DiscoveryClient    : Disable delta property : false
2015-11-05 11:09:49.257  INFO 66552 --- [lication.main()] com.netflix.discovery.DiscoveryClient    : Single vip registry refresh property : null
2015-11-05 11:09:49.257  INFO 66552 --- [lication.main()] com.netflix.discovery.DiscoveryClient    : Force full registry fetch : false
2015-11-05 11:09:49.257  INFO 66552 --- [lication.main()] com.netflix.discovery.DiscoveryClient    : Application is null : false
2015-11-05 11:09:49.257  INFO 66552 --- [lication.main()] com.netflix.discovery.DiscoveryClient    : Registered Applications size is zero : true
2015-11-05 11:09:49.258  INFO 66552 --- [lication.main()] com.netflix.discovery.DiscoveryClient    : Application version is -1: true
2015-11-05 11:09:49.580  INFO 66552 --- [lication.main()] com.netflix.discovery.DiscoveryClient    : Getting all instance registry info from the eureka server
2015-11-05 11:09:49.717  INFO 66552 --- [lication.main()] com.netflix.discovery.DiscoveryClient    : The response status is 200
2015-11-05 11:09:49.723  INFO 66552 --- [lication.main()] com.netflix.discovery.DiscoveryClient    : Starting heartbeat executor: renew interval is: 5
2015-11-05 11:09:49.732  INFO 66552 --- [lication.main()] c.n.e.EurekaDiscoveryClientConfiguration : Registering application sfdcwebapp with eureka with status UP
2015-11-05 11:09:49.903  INFO 66552 --- [lication.main()] s.b.c.e.t.TomcatEmbeddedServletContainer : Tomcat started on port(s): 9090 (http)
2015-11-05 11:09:49.904  INFO 66552 --- [lication.main()] io.pivotal.sfdc.SfdcwebappApplication    : Started SfdcwebappApplication in 31.908 seconds (JVM running for 42.135)
2015-11-05 11:09:54.744  INFO 66552 --- [pool-2-thread-1] com.netflix.discovery.DiscoveryClient    : DiscoveryClient_SFDCWEBAPP/localhost:sfdcwebapp:9090 - Re-registering apps/SFDCWEBAPP
2015-11-05 11:09:54.744  INFO 66552 --- [pool-2-thread-1] com.netflix.discovery.DiscoveryClient    : DiscoveryClient_SFDCWEBAPP/localhost:sfdcwebapp:9090: registering service...
2015-11-05 11:09:54.759  INFO 66552 --- [pool-2-thread-1] com.netflix.discovery.DiscoveryClient    : DiscoveryClient_SFDCWEBAPP/localhost:sfdcwebapp:9090 - registration status: 204
2015-11-05 11:10:19.724  INFO 66552 --- [pool-3-thread-1] com.netflix.discovery.DiscoveryClient    : Disable delta property : false
2015-11-05 11:10:19.724  INFO 66552 --- [pool-3-thread-1] com.netflix.discovery.DiscoveryClient    : Single vip registry refresh property : null
2015-11-05 11:10:19.724  INFO 66552 --- [pool-3-thread-1] com.netflix.discovery.DiscoveryClient    : Force full registry fetch : false
2015-11-05 11:10:19.724  INFO 66552 --- [pool-3-thread-1] com.netflix.discovery.DiscoveryClient    : Application is null : false
2015-11-05 11:10:19.724  INFO 66552 --- [pool-3-thread-1] com.netflix.discovery.DiscoveryClient    : Registered Applications size is zero : true
2015-11-05 11:10:19.724  INFO 66552 --- [pool-3-thread-1] com.netflix.discovery.DiscoveryClient    : Application version is -1: false
2015-11-05 11:10:19.728  INFO 66552 --- [pool-3-thread-1] com.netflix.discovery.DiscoveryClient    : Getting all instance registry info from the eureka server
2015-11-05 11:10:19.736  INFO 66552 --- [pool-3-thread-1] com.netflix.discovery.DiscoveryClient    : The response status is 200
2015-11-05 11:10:29.732  INFO 66552 --- [scoveryClient-1] com.netflix.discovery.DiscoveryClient    : DiscoveryClient_SFDCWEBAPP/localhost:sfdcwebapp:9090 - retransmit instance info with status UP
2015-11-05 11:10:29.732  INFO 66552 --- [scoveryClient-1] com.netflix.discovery.DiscoveryClient    : DiscoveryClient_SFDCWEBAPP/localhost:sfdcwebapp:9090: registering service...
2015-11-05 11:10:29.738  INFO 66552 --- [scoveryClient-1] com.netflix.discovery.DiscoveryClient    : DiscoveryClient_SFDCWEBAPP/localhost:sfdcwebapp:9090 - registration status: 204
2015-11-05 11:10:29.815  INFO 66552 --- [pool-2-thread-1] com.netflix.discovery.DiscoveryClient    : DiscoveryClient_SFDCWEBAPP/localhost:sfdcwebapp:9090 - Re-registering apps/SFDCWEBAPP
2015-11-05 11:10:29.815  INFO 66552 --- [pool-2-thread-1] com.netflix.discovery.DiscoveryClient    : DiscoveryClient_SFDCWEBAPP/localhost:sfdcwebapp:9090: registering service...
2015-11-05 11:10:29.820  INFO 66552 --- [pool-2-thread-1] com.netflix.discovery.DiscoveryClient    : DiscoveryClient_SFDCWEBAPP/localhost:sfdcwebapp:9090 - registration status: 204
