[INFO] Scanning for projects...
[INFO]                                                                         
[INFO] ------------------------------------------------------------------------
[INFO] Building authService 0.0.1-SNAPSHOT
[INFO] ------------------------------------------------------------------------
[INFO] 
[INFO] >>> spring-boot-maven-plugin:1.2.4.RELEASE:run (default-cli) > test-compile @ authService >>>
[INFO] 
[INFO] --- maven-resources-plugin:2.6:resources (default-resources) @ authService ---
[INFO] Using 'UTF-8' encoding to copy filtered resources.
[INFO] Copying 0 resource
[INFO] Copying 1 resource
[INFO] 
[INFO] --- maven-compiler-plugin:3.1:compile (default-compile) @ authService ---
[INFO] Nothing to compile - all classes are up to date
[INFO] 
[INFO] --- maven-resources-plugin:2.6:testResources (default-testResources) @ authService ---
[INFO] Using 'UTF-8' encoding to copy filtered resources.
[INFO] skip non existing resourceDirectory /Users/jsheth/Documents/workspace/microservice-samples/SFDCApp/authService/src/test/resources
[INFO] 
[INFO] --- maven-compiler-plugin:3.1:testCompile (default-testCompile) @ authService ---
[INFO] Nothing to compile - all classes are up to date
[INFO] 
[INFO] <<< spring-boot-maven-plugin:1.2.4.RELEASE:run (default-cli) < test-compile @ authService <<<
[INFO] 
[INFO] --- spring-boot-maven-plugin:1.2.4.RELEASE:run (default-cli) @ authService ---
2016-03-03 18:26:14.009  INFO 14766 --- [lication.main()] io.pivotal.sfdc.AuthServiceApplication   : Starting AuthServiceApplication on Jigs-Work-MacBook-Pro.local with PID 14766 (/Users/jsheth/Documents/workspace/microservice-samples/SFDCApp/authService/target/classes started by jsheth in /Users/jsheth/Documents/workspace/microservice-samples/SFDCApp/authService)
2016-03-03 18:26:14.059  INFO 14766 --- [lication.main()] s.c.a.AnnotationConfigApplicationContext : Refreshing org.springframework.context.annotation.AnnotationConfigApplicationContext@62d99dd2: startup date [Thu Mar 03 18:26:14 CST 2016]; root of context hierarchy
2016-03-03 18:26:14.833  INFO 14766 --- [lication.main()] f.a.AutowiredAnnotationBeanPostProcessor : JSR-330 'javax.inject.Inject' annotation found and supported for autowiring
2016-03-03 18:26:15.521  INFO 14766 --- [lication.main()] trationDelegate$BeanPostProcessorChecker : Bean 'encrypt.CONFIGURATION_PROPERTIES' of type [class org.springframework.cloud.bootstrap.encrypt.KeyProperties] is not eligible for getting processed by all BeanPostProcessors (for example: not eligible for auto-proxying)
2016-03-03 18:26:15.522  INFO 14766 --- [lication.main()] trationDelegate$BeanPostProcessorChecker : Bean 'encryptionBootstrapConfiguration' of type [class org.springframework.cloud.bootstrap.encrypt.EncryptionBootstrapConfiguration$$EnhancerBySpringCGLIB$$3485138c] is not eligible for getting processed by all BeanPostProcessors (for example: not eligible for auto-proxying)
2016-03-03 18:26:15.868  INFO 14766 --- [lication.main()] io.pivotal.sfdc.AuthServiceApplication   : Started AuthServiceApplication in 2.952 seconds (JVM running for 12.269)

  .   ____          _            __ _ _
 /\\ / ___'_ __ _ _(_)_ __  __ _ \ \ \ \
( ( )\___ | '_ | '_| | '_ \/ _` | \ \ \ \
 \\/  ___)| |_)| | | | | || (_| |  ) ) ) )
  '  |____| .__|_| |_|_| |_\__, | / / / /
 =========|_|==============|___/=/_/_/_/
 :: Spring Boot ::        (v1.2.4.RELEASE)

2016-03-03 18:26:20.948  INFO 14766 --- [lication.main()] b.c.PropertySourceBootstrapConfiguration : Located property source: CompositePropertySource [name='configService', propertySources=[MapPropertySource [name='https://github.com/jigsheth57/config-repo/authService.yml#local'], MapPropertySource [name='https://github.com/jigsheth57/config-repo/authService.yml']]]
2016-03-03 18:26:20.973  INFO 14766 --- [lication.main()] ationConfigEmbeddedWebApplicationContext : Refreshing org.springframework.boot.context.embedded.AnnotationConfigEmbeddedWebApplicationContext@79dd3ed8: startup date [Thu Mar 03 18:26:20 CST 2016]; parent: org.springframework.context.annotation.AnnotationConfigApplicationContext@62d99dd2
2016-03-03 18:26:24.174  INFO 14766 --- [lication.main()] o.s.b.f.s.DefaultListableBeanFactory     : Overriding bean definition for bean 'beanNameViewResolver': replacing [Root bean: class [null]; scope=; abstract=false; lazyInit=false; autowireMode=3; dependencyCheck=0; autowireCandidate=true; primary=false; factoryBeanName=org.springframework.boot.autoconfigure.web.ErrorMvcAutoConfiguration$WhitelabelErrorViewConfiguration; factoryMethodName=beanNameViewResolver; initMethodName=null; destroyMethodName=(inferred); defined in class path resource [org/springframework/boot/autoconfigure/web/ErrorMvcAutoConfiguration$WhitelabelErrorViewConfiguration.class]] with [Root bean: class [null]; scope=; abstract=false; lazyInit=false; autowireMode=3; dependencyCheck=0; autowireCandidate=true; primary=false; factoryBeanName=org.springframework.boot.autoconfigure.web.WebMvcAutoConfiguration$WebMvcAutoConfigurationAdapter; factoryMethodName=beanNameViewResolver; initMethodName=null; destroyMethodName=(inferred); defined in class path resource [org/springframework/boot/autoconfigure/web/WebMvcAutoConfiguration$WebMvcAutoConfigurationAdapter.class]]
2016-03-03 18:26:24.390  INFO 14766 --- [lication.main()] o.s.b.f.s.DefaultListableBeanFactory     : Overriding bean definition for bean 'ignoredPathsWebSecurityConfigurerAdapter': replacing [Root bean: class [null]; scope=; abstract=false; lazyInit=false; autowireMode=3; dependencyCheck=0; autowireCandidate=true; primary=false; factoryBeanName=org.springframework.boot.autoconfigure.security.SpringBootWebSecurityConfiguration; factoryMethodName=ignoredPathsWebSecurityConfigurerAdapter; initMethodName=null; destroyMethodName=(inferred); defined in class path resource [org/springframework/boot/autoconfigure/security/SpringBootWebSecurityConfiguration.class]] with [Root bean: class [null]; scope=; abstract=false; lazyInit=false; autowireMode=3; dependencyCheck=0; autowireCandidate=true; primary=false; factoryBeanName=org.springframework.boot.actuate.autoconfigure.ManagementSecurityAutoConfiguration; factoryMethodName=ignoredPathsWebSecurityConfigurerAdapter; initMethodName=null; destroyMethodName=(inferred); defined in class path resource [org/springframework/boot/actuate/autoconfigure/ManagementSecurityAutoConfiguration.class]]
2016-03-03 18:26:24.811  INFO 14766 --- [lication.main()] o.s.b.f.s.DefaultListableBeanFactory     : Overriding bean definition for bean 'infoEndpoint': replacing [Root bean: class [null]; scope=; abstract=false; lazyInit=false; autowireMode=3; dependencyCheck=0; autowireCandidate=true; primary=false; factoryBeanName=org.springframework.boot.actuate.autoconfigure.EndpointAutoConfiguration; factoryMethodName=infoEndpoint; initMethodName=null; destroyMethodName=(inferred); defined in class path resource [org/springframework/boot/actuate/autoconfigure/EndpointAutoConfiguration.class]] with [Root bean: class [null]; scope=; abstract=false; lazyInit=false; autowireMode=3; dependencyCheck=0; autowireCandidate=true; primary=false; factoryBeanName=org.springframework.cloud.autoconfigure.RefreshAutoConfiguration$InfoEndpointRebinderConfiguration; factoryMethodName=infoEndpoint; initMethodName=null; destroyMethodName=(inferred); defined in class path resource [org/springframework/cloud/autoconfigure/RefreshAutoConfiguration$InfoEndpointRebinderConfiguration.class]]
2016-03-03 18:26:25.805  INFO 14766 --- [lication.main()] o.s.cloud.context.scope.GenericScope     : BeanFactory id=0d75d9ab-94a6-3323-8ff4-b0f466902748
2016-03-03 18:26:25.870  INFO 14766 --- [lication.main()] f.a.AutowiredAnnotationBeanPostProcessor : JSR-330 'javax.inject.Inject' annotation found and supported for autowiring
2016-03-03 18:26:26.013  INFO 14766 --- [lication.main()] trationDelegate$BeanPostProcessorChecker : Bean 'org.springframework.cloud.autoconfigure.RefreshAutoConfiguration$ConfigurationPropertiesRebinderConfiguration' of type [class org.springframework.cloud.autoconfigure.RefreshAutoConfiguration$ConfigurationPropertiesRebinderConfiguration$$EnhancerBySpringCGLIB$$64bbd669] is not eligible for getting processed by all BeanPostProcessors (for example: not eligible for auto-proxying)
2016-03-03 18:26:27.306  INFO 14766 --- [lication.main()] s.b.c.e.t.TomcatEmbeddedServletContainer : Tomcat initialized with port(s): 9000 (http)
2016-03-03 18:26:28.002  INFO 14766 --- [lication.main()] o.apache.catalina.core.StandardService   : Starting service Tomcat
2016-03-03 18:26:28.003  INFO 14766 --- [lication.main()] org.apache.catalina.core.StandardEngine  : Starting Servlet Engine: Apache Tomcat/8.0.23
2016-03-03 18:26:28.161  INFO 14766 --- [ost-startStop-1] o.a.c.c.C.[Tomcat].[localhost].[/]       : Initializing Spring embedded WebApplicationContext
2016-03-03 18:26:28.162  INFO 14766 --- [ost-startStop-1] o.s.web.context.ContextLoader            : Root WebApplicationContext: initialization completed in 7189 ms
2016-03-03 18:26:34.197  WARN 14766 --- [ost-startStop-1] c.n.c.sources.URLConfigurationSource     : No URLs will be polled as dynamic configuration sources.
2016-03-03 18:26:34.198  INFO 14766 --- [ost-startStop-1] c.n.c.sources.URLConfigurationSource     : To enable URLs as dynamic configuration sources, define System property archaius.configurationSource.additionalUrls or make config.properties available on classpath.
2016-03-03 18:26:34.234  INFO 14766 --- [ost-startStop-1] c.netflix.config.DynamicPropertyFactory  : DynamicPropertyFactory is initialized with configuration sources: com.netflix.config.ConcurrentCompositeConfiguration@14671581
2016-03-03 18:26:36.696  INFO 14766 --- [ost-startStop-1] o.s.b.a.e.mvc.EndpointHandlerMapping     : Mapped "{[/manage/dump],methods=[GET],params=[],headers=[],consumes=[],produces=[],custom=[]}" onto public java.lang.Object org.springframework.boot.actuate.endpoint.mvc.EndpointMvcAdapter.invoke()
2016-03-03 18:26:36.697  INFO 14766 --- [ost-startStop-1] o.s.b.a.e.mvc.EndpointHandlerMapping     : Mapped "{[/manage/refresh],methods=[POST],params=[],headers=[],consumes=[],produces=[],custom=[]}" onto public java.lang.Object org.springframework.cloud.endpoint.GenericPostableMvcEndpoint.invoke()
2016-03-03 18:26:36.697  INFO 14766 --- [ost-startStop-1] o.s.b.a.e.mvc.EndpointHandlerMapping     : Mapped "{[/manage/info],methods=[GET],params=[],headers=[],consumes=[],produces=[],custom=[]}" onto public java.lang.Object org.springframework.boot.actuate.endpoint.mvc.EndpointMvcAdapter.invoke()
2016-03-03 18:26:36.698  INFO 14766 --- [ost-startStop-1] o.s.b.a.e.mvc.EndpointHandlerMapping     : Mapped "{[/manage/configprops],methods=[GET],params=[],headers=[],consumes=[],produces=[],custom=[]}" onto public java.lang.Object org.springframework.boot.actuate.endpoint.mvc.EndpointMvcAdapter.invoke()
2016-03-03 18:26:36.698  INFO 14766 --- [ost-startStop-1] o.s.b.a.e.mvc.EndpointHandlerMapping     : Mapped "{[/manage/beans],methods=[GET],params=[],headers=[],consumes=[],produces=[],custom=[]}" onto public java.lang.Object org.springframework.boot.actuate.endpoint.mvc.EndpointMvcAdapter.invoke()
2016-03-03 18:26:36.698  INFO 14766 --- [ost-startStop-1] o.s.b.a.e.mvc.EndpointHandlerMapping     : Mapped "{[/manage/trace],methods=[GET],params=[],headers=[],consumes=[],produces=[],custom=[]}" onto public java.lang.Object org.springframework.boot.actuate.endpoint.mvc.EndpointMvcAdapter.invoke()
2016-03-03 18:26:36.698  INFO 14766 --- [ost-startStop-1] o.s.b.a.e.mvc.EndpointHandlerMapping     : Mapped "{[/manage/resume],methods=[POST],params=[],headers=[],consumes=[],produces=[],custom=[]}" onto public java.lang.Object org.springframework.cloud.endpoint.GenericPostableMvcEndpoint.invoke()
2016-03-03 18:26:36.699  INFO 14766 --- [ost-startStop-1] o.s.b.a.e.mvc.EndpointHandlerMapping     : Mapped "{[/manage/autoconfig],methods=[GET],params=[],headers=[],consumes=[],produces=[],custom=[]}" onto public java.lang.Object org.springframework.boot.actuate.endpoint.mvc.EndpointMvcAdapter.invoke()
2016-03-03 18:26:36.699  INFO 14766 --- [ost-startStop-1] o.s.b.a.e.mvc.EndpointHandlerMapping     : Mapped "{[/manage/health],methods=[],params=[],headers=[],consumes=[],produces=[],custom=[]}" onto public java.lang.Object org.springframework.boot.actuate.endpoint.mvc.HealthMvcEndpoint.invoke(java.security.Principal)
2016-03-03 18:26:36.699  INFO 14766 --- [ost-startStop-1] o.s.b.a.e.mvc.EndpointHandlerMapping     : Mapped "{[/manage/mappings],methods=[GET],params=[],headers=[],consumes=[],produces=[],custom=[]}" onto public java.lang.Object org.springframework.boot.actuate.endpoint.mvc.EndpointMvcAdapter.invoke()
2016-03-03 18:26:36.700  INFO 14766 --- [ost-startStop-1] o.s.b.a.e.mvc.EndpointHandlerMapping     : Mapped "{[/manage/env],methods=[POST],params=[],headers=[],consumes=[],produces=[],custom=[]}" onto public java.lang.Object org.springframework.cloud.context.environment.EnvironmentManagerMvcEndpoint.value(java.util.Map<java.lang.String, java.lang.String>)
2016-03-03 18:26:36.700  INFO 14766 --- [ost-startStop-1] o.s.b.a.e.mvc.EndpointHandlerMapping     : Mapped "{[/manage/env/reset],methods=[POST],params=[],headers=[],consumes=[],produces=[],custom=[]}" onto public java.util.Map<java.lang.String, java.lang.Object> org.springframework.cloud.context.environment.EnvironmentManagerMvcEndpoint.reset()
2016-03-03 18:26:36.701  INFO 14766 --- [ost-startStop-1] o.s.b.a.e.mvc.EndpointHandlerMapping     : Mapped "{[/manage/restart],methods=[POST],params=[],headers=[],consumes=[],produces=[],custom=[]}" onto public java.lang.Object org.springframework.cloud.context.restart.RestartMvcEndpoint.invoke()
2016-03-03 18:26:36.701  INFO 14766 --- [ost-startStop-1] o.s.b.a.e.mvc.EndpointHandlerMapping     : Mapped "{[/manage/pause],methods=[POST],params=[],headers=[],consumes=[],produces=[],custom=[]}" onto public java.lang.Object org.springframework.cloud.endpoint.GenericPostableMvcEndpoint.invoke()
2016-03-03 18:26:36.702  INFO 14766 --- [ost-startStop-1] o.s.b.a.e.mvc.EndpointHandlerMapping     : Mapped "{[/manage/env/{name:.*}],methods=[GET],params=[],headers=[],consumes=[],produces=[],custom=[]}" onto public java.lang.Object org.springframework.boot.actuate.endpoint.mvc.EnvironmentMvcEndpoint.value(java.lang.String)
2016-03-03 18:26:36.702  INFO 14766 --- [ost-startStop-1] o.s.b.a.e.mvc.EndpointHandlerMapping     : Mapped "{[/manage/env],methods=[GET],params=[],headers=[],consumes=[],produces=[],custom=[]}" onto public java.lang.Object org.springframework.boot.actuate.endpoint.mvc.EndpointMvcAdapter.invoke()
2016-03-03 18:26:36.702  INFO 14766 --- [ost-startStop-1] o.s.b.a.e.mvc.EndpointHandlerMapping     : Mapped "{[/manage/archaius],methods=[GET],params=[],headers=[],consumes=[],produces=[],custom=[]}" onto public java.lang.Object org.springframework.boot.actuate.endpoint.mvc.EndpointMvcAdapter.invoke()
2016-03-03 18:26:36.702  INFO 14766 --- [ost-startStop-1] o.s.b.a.e.mvc.EndpointHandlerMapping     : Mapped "{[/manage/metrics/{name:.*}],methods=[GET],params=[],headers=[],consumes=[],produces=[],custom=[]}" onto public java.lang.Object org.springframework.boot.actuate.endpoint.mvc.MetricsMvcEndpoint.value(java.lang.String)
2016-03-03 18:26:36.703  INFO 14766 --- [ost-startStop-1] o.s.b.a.e.mvc.EndpointHandlerMapping     : Mapped "{[/manage/metrics],methods=[GET],params=[],headers=[],consumes=[],produces=[],custom=[]}" onto public java.lang.Object org.springframework.boot.actuate.endpoint.mvc.EndpointMvcAdapter.invoke()
2016-03-03 18:26:37.090  INFO 14766 --- [ost-startStop-1] b.a.s.AuthenticationManagerConfiguration : 

Using default security password: 5aad6d7e-5714-4397-83cf-3ca6b7082bfa

2016-03-03 18:26:37.259  INFO 14766 --- [ost-startStop-1] o.s.s.web.DefaultSecurityFilterChain     : Creating filter chain: Ant [pattern='/css/**'], []
2016-03-03 18:26:37.259  INFO 14766 --- [ost-startStop-1] o.s.s.web.DefaultSecurityFilterChain     : Creating filter chain: Ant [pattern='/js/**'], []
2016-03-03 18:26:37.259  INFO 14766 --- [ost-startStop-1] o.s.s.web.DefaultSecurityFilterChain     : Creating filter chain: Ant [pattern='/images/**'], []
2016-03-03 18:26:37.259  INFO 14766 --- [ost-startStop-1] o.s.s.web.DefaultSecurityFilterChain     : Creating filter chain: Ant [pattern='/**/favicon.ico'], []
2016-03-03 18:26:37.260  INFO 14766 --- [ost-startStop-1] o.s.s.web.DefaultSecurityFilterChain     : Creating filter chain: Ant [pattern='/manage/info'], []
2016-03-03 18:26:37.260  INFO 14766 --- [ost-startStop-1] o.s.s.web.DefaultSecurityFilterChain     : Creating filter chain: Ant [pattern='/manage/info/**'], []
2016-03-03 18:26:37.260  INFO 14766 --- [ost-startStop-1] o.s.s.web.DefaultSecurityFilterChain     : Creating filter chain: Ant [pattern='/manage/info.*'], []
2016-03-03 18:26:37.260  INFO 14766 --- [ost-startStop-1] o.s.s.web.DefaultSecurityFilterChain     : Creating filter chain: Ant [pattern='/manage/health'], []
2016-03-03 18:26:37.260  INFO 14766 --- [ost-startStop-1] o.s.s.web.DefaultSecurityFilterChain     : Creating filter chain: Ant [pattern='/manage/health/**'], []
2016-03-03 18:26:37.260  INFO 14766 --- [ost-startStop-1] o.s.s.web.DefaultSecurityFilterChain     : Creating filter chain: Ant [pattern='/manage/health.*'], []
2016-03-03 18:26:37.260  INFO 14766 --- [ost-startStop-1] o.s.s.web.DefaultSecurityFilterChain     : Creating filter chain: Ant [pattern='/manage/dump'], []
2016-03-03 18:26:37.260  INFO 14766 --- [ost-startStop-1] o.s.s.web.DefaultSecurityFilterChain     : Creating filter chain: Ant [pattern='/manage/dump/**'], []
2016-03-03 18:26:37.260  INFO 14766 --- [ost-startStop-1] o.s.s.web.DefaultSecurityFilterChain     : Creating filter chain: Ant [pattern='/manage/dump.*'], []
2016-03-03 18:26:37.260  INFO 14766 --- [ost-startStop-1] o.s.s.web.DefaultSecurityFilterChain     : Creating filter chain: Ant [pattern='/manage/refresh'], []
2016-03-03 18:26:37.261  INFO 14766 --- [ost-startStop-1] o.s.s.web.DefaultSecurityFilterChain     : Creating filter chain: Ant [pattern='/manage/refresh/**'], []
2016-03-03 18:26:37.261  INFO 14766 --- [ost-startStop-1] o.s.s.web.DefaultSecurityFilterChain     : Creating filter chain: Ant [pattern='/manage/refresh.*'], []
2016-03-03 18:26:37.261  INFO 14766 --- [ost-startStop-1] o.s.s.web.DefaultSecurityFilterChain     : Creating filter chain: Ant [pattern='/manage/configprops'], []
2016-03-03 18:26:37.261  INFO 14766 --- [ost-startStop-1] o.s.s.web.DefaultSecurityFilterChain     : Creating filter chain: Ant [pattern='/manage/configprops/**'], []
2016-03-03 18:26:37.261  INFO 14766 --- [ost-startStop-1] o.s.s.web.DefaultSecurityFilterChain     : Creating filter chain: Ant [pattern='/manage/configprops.*'], []
2016-03-03 18:26:37.261  INFO 14766 --- [ost-startStop-1] o.s.s.web.DefaultSecurityFilterChain     : Creating filter chain: Ant [pattern='/manage/beans'], []
2016-03-03 18:26:37.261  INFO 14766 --- [ost-startStop-1] o.s.s.web.DefaultSecurityFilterChain     : Creating filter chain: Ant [pattern='/manage/beans/**'], []
2016-03-03 18:26:37.261  INFO 14766 --- [ost-startStop-1] o.s.s.web.DefaultSecurityFilterChain     : Creating filter chain: Ant [pattern='/manage/beans.*'], []
2016-03-03 18:26:37.262  INFO 14766 --- [ost-startStop-1] o.s.s.web.DefaultSecurityFilterChain     : Creating filter chain: Ant [pattern='/manage/trace'], []
2016-03-03 18:26:37.262  INFO 14766 --- [ost-startStop-1] o.s.s.web.DefaultSecurityFilterChain     : Creating filter chain: Ant [pattern='/manage/trace/**'], []
2016-03-03 18:26:37.262  INFO 14766 --- [ost-startStop-1] o.s.s.web.DefaultSecurityFilterChain     : Creating filter chain: Ant [pattern='/manage/trace.*'], []
2016-03-03 18:26:37.308  INFO 14766 --- [ost-startStop-1] o.s.s.web.DefaultSecurityFilterChain     : Creating filter chain: Ant [pattern='/manage/resume'], []
2016-03-03 18:26:37.308  INFO 14766 --- [ost-startStop-1] o.s.s.web.DefaultSecurityFilterChain     : Creating filter chain: Ant [pattern='/manage/resume/**'], []
2016-03-03 18:26:37.308  INFO 14766 --- [ost-startStop-1] o.s.s.web.DefaultSecurityFilterChain     : Creating filter chain: Ant [pattern='/manage/resume.*'], []
2016-03-03 18:26:37.308  INFO 14766 --- [ost-startStop-1] o.s.s.web.DefaultSecurityFilterChain     : Creating filter chain: Ant [pattern='/manage/autoconfig'], []
2016-03-03 18:26:37.308  INFO 14766 --- [ost-startStop-1] o.s.s.web.DefaultSecurityFilterChain     : Creating filter chain: Ant [pattern='/manage/autoconfig/**'], []
2016-03-03 18:26:37.308  INFO 14766 --- [ost-startStop-1] o.s.s.web.DefaultSecurityFilterChain     : Creating filter chain: Ant [pattern='/manage/autoconfig.*'], []
2016-03-03 18:26:37.310  INFO 14766 --- [ost-startStop-1] o.s.s.web.DefaultSecurityFilterChain     : Creating filter chain: Ant [pattern='/manage/mappings'], []
2016-03-03 18:26:37.310  INFO 14766 --- [ost-startStop-1] o.s.s.web.DefaultSecurityFilterChain     : Creating filter chain: Ant [pattern='/manage/mappings/**'], []
2016-03-03 18:26:37.310  INFO 14766 --- [ost-startStop-1] o.s.s.web.DefaultSecurityFilterChain     : Creating filter chain: Ant [pattern='/manage/mappings.*'], []
2016-03-03 18:26:37.310  INFO 14766 --- [ost-startStop-1] o.s.s.web.DefaultSecurityFilterChain     : Creating filter chain: Ant [pattern='/manage/env'], []
2016-03-03 18:26:37.310  INFO 14766 --- [ost-startStop-1] o.s.s.web.DefaultSecurityFilterChain     : Creating filter chain: Ant [pattern='/manage/env/**'], []
2016-03-03 18:26:37.311  INFO 14766 --- [ost-startStop-1] o.s.s.web.DefaultSecurityFilterChain     : Creating filter chain: Ant [pattern='/manage/env.*'], []
2016-03-03 18:26:37.311  INFO 14766 --- [ost-startStop-1] o.s.s.web.DefaultSecurityFilterChain     : Creating filter chain: Ant [pattern='/manage/restart'], []
2016-03-03 18:26:37.311  INFO 14766 --- [ost-startStop-1] o.s.s.web.DefaultSecurityFilterChain     : Creating filter chain: Ant [pattern='/manage/restart/**'], []
2016-03-03 18:26:37.313  INFO 14766 --- [ost-startStop-1] o.s.s.web.DefaultSecurityFilterChain     : Creating filter chain: Ant [pattern='/manage/restart.*'], []
2016-03-03 18:26:37.313  INFO 14766 --- [ost-startStop-1] o.s.s.web.DefaultSecurityFilterChain     : Creating filter chain: Ant [pattern='/manage/pause'], []
2016-03-03 18:26:37.314  INFO 14766 --- [ost-startStop-1] o.s.s.web.DefaultSecurityFilterChain     : Creating filter chain: Ant [pattern='/manage/pause/**'], []
2016-03-03 18:26:37.315  INFO 14766 --- [ost-startStop-1] o.s.s.web.DefaultSecurityFilterChain     : Creating filter chain: Ant [pattern='/manage/pause.*'], []
2016-03-03 18:26:37.315  INFO 14766 --- [ost-startStop-1] o.s.s.web.DefaultSecurityFilterChain     : Creating filter chain: Ant [pattern='/manage/archaius'], []
2016-03-03 18:26:37.315  INFO 14766 --- [ost-startStop-1] o.s.s.web.DefaultSecurityFilterChain     : Creating filter chain: Ant [pattern='/manage/archaius/**'], []
2016-03-03 18:26:37.315  INFO 14766 --- [ost-startStop-1] o.s.s.web.DefaultSecurityFilterChain     : Creating filter chain: Ant [pattern='/manage/archaius.*'], []
2016-03-03 18:26:37.315  INFO 14766 --- [ost-startStop-1] o.s.s.web.DefaultSecurityFilterChain     : Creating filter chain: Ant [pattern='/manage/metrics'], []
2016-03-03 18:26:37.315  INFO 14766 --- [ost-startStop-1] o.s.s.web.DefaultSecurityFilterChain     : Creating filter chain: Ant [pattern='/manage/metrics/**'], []
2016-03-03 18:26:37.315  INFO 14766 --- [ost-startStop-1] o.s.s.web.DefaultSecurityFilterChain     : Creating filter chain: Ant [pattern='/manage/metrics.*'], []
2016-03-03 18:26:37.315  INFO 14766 --- [ost-startStop-1] o.s.s.web.DefaultSecurityFilterChain     : Creating filter chain: Ant [pattern='/error'], []
2016-03-03 18:26:37.405  INFO 14766 --- [ost-startStop-1] o.s.s.web.DefaultSecurityFilterChain     : Creating filter chain: org.springframework.boot.autoconfigure.security.SpringBootWebSecurityConfiguration$ApplicationNoWebSecurityConfigurerAdapter$1@232f6ebb, [org.springframework.security.web.context.request.async.WebAsyncManagerIntegrationFilter@7a9697a7, org.springframework.security.web.context.SecurityContextPersistenceFilter@11f38a4a, org.springframework.security.web.header.HeaderWriterFilter@2bd8e756, org.springframework.security.web.csrf.CsrfFilter@d191cff, org.springframework.security.web.authentication.logout.LogoutFilter@71fc7d8a, org.springframework.security.web.savedrequest.RequestCacheAwareFilter@1ca08fb4, org.springframework.security.web.servletapi.SecurityContextHolderAwareRequestFilter@4d7357a5, org.springframework.security.web.authentication.AnonymousAuthenticationFilter@6814b552, org.springframework.security.web.session.SessionManagementFilter@cfe2087, org.springframework.security.web.access.ExceptionTranslationFilter@56376060]
2016-03-03 18:26:38.062  INFO 14766 --- [ost-startStop-1] o.s.b.c.embedded.FilterRegistrationBean  : Mapping filter: 'metricFilter' to: [/*]
2016-03-03 18:26:38.063  INFO 14766 --- [ost-startStop-1] o.s.b.c.embedded.FilterRegistrationBean  : Mapping filter: 'characterEncodingFilter' to: [/*]
2016-03-03 18:26:38.064  INFO 14766 --- [ost-startStop-1] o.s.b.c.embedded.FilterRegistrationBean  : Mapping filter: 'hiddenHttpMethodFilter' to: [/*]
2016-03-03 18:26:38.102  INFO 14766 --- [ost-startStop-1] o.s.b.c.embedded.FilterRegistrationBean  : Mapping filter: 'springSecurityFilterChain' to: [/*]
2016-03-03 18:26:38.102  INFO 14766 --- [ost-startStop-1] o.s.b.c.embedded.FilterRegistrationBean  : Mapping filter: 'webRequestLoggingFilter' to: [/*]
2016-03-03 18:26:38.102  INFO 14766 --- [ost-startStop-1] o.s.b.c.embedded.FilterRegistrationBean  : Mapping filter: 'applicationContextIdFilter' to: [/*]
2016-03-03 18:26:38.102  INFO 14766 --- [ost-startStop-1] o.s.b.c.e.ServletRegistrationBean        : Mapping servlet: 'dispatcherServlet' to [/]
2016-03-03 18:26:38.369  INFO 14766 --- [lication.main()] o.s.b.f.config.PropertiesFactoryBean     : Loading properties file from class path resource [rest-default-messages.properties]
2016-03-03 18:26:38.767  INFO 14766 --- [lication.main()] s.w.s.m.m.a.RequestMappingHandlerAdapter : Looking for @ControllerAdvice: org.springframework.boot.context.embedded.AnnotationConfigEmbeddedWebApplicationContext@79dd3ed8: startup date [Thu Mar 03 18:26:20 CST 2016]; parent: org.springframework.context.annotation.AnnotationConfigApplicationContext@62d99dd2
2016-03-03 18:26:38.896  INFO 14766 --- [lication.main()] s.w.s.m.m.a.RequestMappingHandlerMapping : Mapped "{[/oauth2],methods=[GET],params=[],headers=[],consumes=[],produces=[],custom=[]}" onto public com.force.api.ApiSession io.pivotal.sfdc.controller.AuthServiceController.oauth2()
2016-03-03 18:26:38.897  INFO 14766 --- [lication.main()] s.w.s.m.m.a.RequestMappingHandlerMapping : Mapped "{[/credentials],methods=[GET],params=[],headers=[],consumes=[],produces=[],custom=[]}" onto public java.lang.String io.pivotal.sfdc.controller.AuthServiceController.getCredentials()
2016-03-03 18:26:38.898  INFO 14766 --- [lication.main()] s.w.s.m.m.a.RequestMappingHandlerMapping : Mapped "{[/error],methods=[],params=[],headers=[],consumes=[],produces=[],custom=[]}" onto public org.springframework.http.ResponseEntity<java.util.Map<java.lang.String, java.lang.Object>> org.springframework.boot.autoconfigure.web.BasicErrorController.error(javax.servlet.http.HttpServletRequest)
2016-03-03 18:26:38.898  INFO 14766 --- [lication.main()] s.w.s.m.m.a.RequestMappingHandlerMapping : Mapped "{[/error],methods=[],params=[],headers=[],consumes=[],produces=[text/html],custom=[]}" onto public org.springframework.web.servlet.ModelAndView org.springframework.boot.autoconfigure.web.BasicErrorController.errorHtml(javax.servlet.http.HttpServletRequest)
2016-03-03 18:26:38.993  INFO 14766 --- [lication.main()] o.s.w.s.handler.SimpleUrlHandlerMapping  : Mapped URL path [/webjars/**] onto handler of type [class org.springframework.web.servlet.resource.ResourceHttpRequestHandler]
2016-03-03 18:26:38.993  INFO 14766 --- [lication.main()] o.s.w.s.handler.SimpleUrlHandlerMapping  : Mapped URL path [/**] onto handler of type [class org.springframework.web.servlet.resource.ResourceHttpRequestHandler]
2016-03-03 18:26:39.154  INFO 14766 --- [lication.main()] o.s.w.s.handler.SimpleUrlHandlerMapping  : Mapped URL path [/**/favicon.ico] onto handler of type [class org.springframework.web.servlet.resource.ResourceHttpRequestHandler]
2016-03-03 18:26:39.911  INFO 14766 --- [lication.main()] o.s.d.r.w.RepositoryRestHandlerAdapter   : Looking for @ControllerAdvice: org.springframework.boot.context.embedded.AnnotationConfigEmbeddedWebApplicationContext@79dd3ed8: startup date [Thu Mar 03 18:26:20 CST 2016]; parent: org.springframework.context.annotation.AnnotationConfigApplicationContext@62d99dd2
2016-03-03 18:26:39.992  INFO 14766 --- [lication.main()] o.s.d.r.w.RepositoryRestHandlerMapping   : Mapped "{[/{repository}/{id}/{property}],methods=[GET],params=[],headers=[],consumes=[],produces=[],custom=[]}" onto public org.springframework.http.ResponseEntity<org.springframework.hateoas.ResourceSupport> org.springframework.data.rest.webmvc.RepositoryPropertyReferenceController.followPropertyReference(org.springframework.data.rest.webmvc.RootResourceInformation,java.io.Serializable,java.lang.String,org.springframework.data.rest.webmvc.PersistentEntityResourceAssembler) throws java.lang.Exception
2016-03-03 18:26:39.992  INFO 14766 --- [lication.main()] o.s.d.r.w.RepositoryRestHandlerMapping   : Mapped "{[/{repository}/{id}/{property}/{propertyId}],methods=[GET],params=[],headers=[],consumes=[],produces=[],custom=[]}" onto public org.springframework.http.ResponseEntity<org.springframework.hateoas.ResourceSupport> org.springframework.data.rest.webmvc.RepositoryPropertyReferenceController.followPropertyReference(org.springframework.data.rest.webmvc.RootResourceInformation,java.io.Serializable,java.lang.String,java.lang.String,org.springframework.data.rest.webmvc.PersistentEntityResourceAssembler) throws java.lang.Exception
2016-03-03 18:26:39.992  INFO 14766 --- [lication.main()] o.s.d.r.w.RepositoryRestHandlerMapping   : Mapped "{[/{repository}/{id}/{property}],methods=[DELETE],params=[],headers=[],consumes=[],produces=[],custom=[]}" onto public org.springframework.http.ResponseEntity<? extends org.springframework.hateoas.ResourceSupport> org.springframework.data.rest.webmvc.RepositoryPropertyReferenceController.deletePropertyReference(org.springframework.data.rest.webmvc.RootResourceInformation,java.io.Serializable,java.lang.String) throws java.lang.Exception
2016-03-03 18:26:39.992  INFO 14766 --- [lication.main()] o.s.d.r.w.RepositoryRestHandlerMapping   : Mapped "{[/{repository}/{id}/{property}],methods=[GET],params=[],headers=[],consumes=[],produces=[application/x-spring-data-compact+json || text/uri-list],custom=[]}" onto public org.springframework.http.ResponseEntity<org.springframework.hateoas.ResourceSupport> org.springframework.data.rest.webmvc.RepositoryPropertyReferenceController.followPropertyReferenceCompact(org.springframework.data.rest.webmvc.RootResourceInformation,java.io.Serializable,java.lang.String,org.springframework.data.rest.webmvc.PersistentEntityResourceAssembler) throws java.lang.Exception
2016-03-03 18:26:39.993  INFO 14766 --- [lication.main()] o.s.d.r.w.RepositoryRestHandlerMapping   : Mapped "{[/{repository}/{id}/{property}],methods=[PATCH || PUT],params=[],headers=[],consumes=[application/json || application/x-spring-data-compact+json || text/uri-list],produces=[],custom=[]}" onto public org.springframework.http.ResponseEntity<? extends org.springframework.hateoas.ResourceSupport> org.springframework.data.rest.webmvc.RepositoryPropertyReferenceController.createPropertyReference(org.springframework.data.rest.webmvc.RootResourceInformation,org.springframework.http.HttpMethod,org.springframework.hateoas.Resources<java.lang.Object>,java.io.Serializable,java.lang.String) throws java.lang.Exception
2016-03-03 18:26:39.993  INFO 14766 --- [lication.main()] o.s.d.r.w.RepositoryRestHandlerMapping   : Mapped "{[/{repository}/{id}/{property}/{propertyId}],methods=[DELETE],params=[],headers=[],consumes=[],produces=[],custom=[]}" onto public org.springframework.http.ResponseEntity<org.springframework.hateoas.ResourceSupport> org.springframework.data.rest.webmvc.RepositoryPropertyReferenceController.deletePropertyReferenceId(org.springframework.data.rest.webmvc.RootResourceInformation,java.io.Serializable,java.lang.String,java.lang.String) throws java.lang.Exception
2016-03-03 18:26:39.993  INFO 14766 --- [lication.main()] o.s.d.r.w.RepositoryRestHandlerMapping   : Mapped "{[/{repository}/schema],methods=[GET],params=[],headers=[],consumes=[],produces=[application/schema+json],custom=[]}" onto public org.springframework.http.HttpEntity<org.springframework.data.rest.webmvc.json.JsonSchema> org.springframework.data.rest.webmvc.RepositorySchemaController.schema(org.springframework.data.rest.webmvc.RootResourceInformation)
2016-03-03 18:26:39.994  INFO 14766 --- [lication.main()] o.s.d.r.w.RepositoryRestHandlerMapping   : Mapped "{[/{repository}],methods=[OPTIONS],params=[],headers=[],consumes=[],produces=[],custom=[]}" onto public org.springframework.http.ResponseEntity<?> org.springframework.data.rest.webmvc.RepositoryEntityController.optionsForCollectionResource(org.springframework.data.rest.webmvc.RootResourceInformation)
2016-03-03 18:26:39.994  INFO 14766 --- [lication.main()] o.s.d.r.w.RepositoryRestHandlerMapping   : Mapped "{[/{repository}],methods=[HEAD],params=[],headers=[],consumes=[],produces=[],custom=[]}" onto public org.springframework.http.ResponseEntity<?> org.springframework.data.rest.webmvc.RepositoryEntityController.headCollectionResource(org.springframework.data.rest.webmvc.RootResourceInformation) throws org.springframework.web.HttpRequestMethodNotSupportedException
2016-03-03 18:26:39.994  INFO 14766 --- [lication.main()] o.s.d.r.w.RepositoryRestHandlerMapping   : Mapped "{[/{repository}],methods=[GET],params=[],headers=[],consumes=[],produces=[],custom=[]}" onto public org.springframework.hateoas.Resources<?> org.springframework.data.rest.webmvc.RepositoryEntityController.getCollectionResource(org.springframework.data.rest.webmvc.RootResourceInformation,org.springframework.data.rest.webmvc.support.DefaultedPageable,org.springframework.data.domain.Sort,org.springframework.data.rest.webmvc.PersistentEntityResourceAssembler) throws org.springframework.data.rest.webmvc.ResourceNotFoundException,org.springframework.web.HttpRequestMethodNotSupportedException
2016-03-03 18:26:39.995  INFO 14766 --- [lication.main()] o.s.d.r.w.RepositoryRestHandlerMapping   : Mapped "{[/{repository}],methods=[GET],params=[],headers=[],consumes=[],produces=[application/x-spring-data-compact+json || text/uri-list],custom=[]}" onto public org.springframework.hateoas.Resources<?> org.springframework.data.rest.webmvc.RepositoryEntityController.getCollectionResourceCompact(org.springframework.data.rest.webmvc.RootResourceInformation,org.springframework.data.rest.webmvc.support.DefaultedPageable,org.springframework.data.domain.Sort,org.springframework.data.rest.webmvc.PersistentEntityResourceAssembler) throws org.springframework.data.rest.webmvc.ResourceNotFoundException,org.springframework.web.HttpRequestMethodNotSupportedException
2016-03-03 18:26:39.995  INFO 14766 --- [lication.main()] o.s.d.r.w.RepositoryRestHandlerMapping   : Mapped "{[/{repository}],methods=[POST],params=[],headers=[],consumes=[],produces=[],custom=[]}" onto public org.springframework.http.ResponseEntity<org.springframework.hateoas.ResourceSupport> org.springframework.data.rest.webmvc.RepositoryEntityController.postCollectionResource(org.springframework.data.rest.webmvc.RootResourceInformation,org.springframework.data.rest.webmvc.PersistentEntityResource,org.springframework.data.rest.webmvc.PersistentEntityResourceAssembler) throws org.springframework.web.HttpRequestMethodNotSupportedException
2016-03-03 18:26:39.995  INFO 14766 --- [lication.main()] o.s.d.r.w.RepositoryRestHandlerMapping   : Mapped "{[/{repository}/{id}],methods=[OPTIONS],params=[],headers=[],consumes=[],produces=[],custom=[]}" onto public org.springframework.http.ResponseEntity<?> org.springframework.data.rest.webmvc.RepositoryEntityController.optionsForItemResource(org.springframework.data.rest.webmvc.RootResourceInformation)
2016-03-03 18:26:39.995  INFO 14766 --- [lication.main()] o.s.d.r.w.RepositoryRestHandlerMapping   : Mapped "{[/{repository}/{id}],methods=[HEAD],params=[],headers=[],consumes=[],produces=[],custom=[]}" onto public org.springframework.http.ResponseEntity<?> org.springframework.data.rest.webmvc.RepositoryEntityController.headForItemResource(org.springframework.data.rest.webmvc.RootResourceInformation,java.io.Serializable) throws org.springframework.web.HttpRequestMethodNotSupportedException
2016-03-03 18:26:39.995  INFO 14766 --- [lication.main()] o.s.d.r.w.RepositoryRestHandlerMapping   : Mapped "{[/{repository}/{id}],methods=[GET],params=[],headers=[],consumes=[],produces=[],custom=[]}" onto public org.springframework.http.ResponseEntity<org.springframework.hateoas.Resource<?>> org.springframework.data.rest.webmvc.RepositoryEntityController.getItemResource(org.springframework.data.rest.webmvc.RootResourceInformation,java.io.Serializable,org.springframework.data.rest.webmvc.PersistentEntityResourceAssembler) throws org.springframework.web.HttpRequestMethodNotSupportedException
2016-03-03 18:26:39.995  INFO 14766 --- [lication.main()] o.s.d.r.w.RepositoryRestHandlerMapping   : Mapped "{[/{repository}/{id}],methods=[PUT],params=[],headers=[],consumes=[],produces=[],custom=[]}" onto public org.springframework.http.ResponseEntity<? extends org.springframework.hateoas.ResourceSupport> org.springframework.data.rest.webmvc.RepositoryEntityController.putItemResource(org.springframework.data.rest.webmvc.RootResourceInformation,org.springframework.data.rest.webmvc.PersistentEntityResource,java.io.Serializable,org.springframework.data.rest.webmvc.PersistentEntityResourceAssembler) throws org.springframework.web.HttpRequestMethodNotSupportedException
2016-03-03 18:26:39.996  INFO 14766 --- [lication.main()] o.s.d.r.w.RepositoryRestHandlerMapping   : Mapped "{[/{repository}/{id}],methods=[PATCH],params=[],headers=[],consumes=[],produces=[],custom=[]}" onto public org.springframework.http.ResponseEntity<org.springframework.hateoas.ResourceSupport> org.springframework.data.rest.webmvc.RepositoryEntityController.patchItemResource(org.springframework.data.rest.webmvc.RootResourceInformation,org.springframework.data.rest.webmvc.PersistentEntityResource,java.io.Serializable,org.springframework.data.rest.webmvc.PersistentEntityResourceAssembler) throws org.springframework.web.HttpRequestMethodNotSupportedException,org.springframework.data.rest.webmvc.ResourceNotFoundException
2016-03-03 18:26:39.996  INFO 14766 --- [lication.main()] o.s.d.r.w.RepositoryRestHandlerMapping   : Mapped "{[/{repository}/{id}],methods=[DELETE],params=[],headers=[],consumes=[],produces=[],custom=[]}" onto public org.springframework.http.ResponseEntity<?> org.springframework.data.rest.webmvc.RepositoryEntityController.deleteItemResource(org.springframework.data.rest.webmvc.RootResourceInformation,java.io.Serializable) throws org.springframework.data.rest.webmvc.ResourceNotFoundException,org.springframework.web.HttpRequestMethodNotSupportedException
2016-03-03 18:26:39.996  INFO 14766 --- [lication.main()] o.s.d.r.w.RepositoryRestHandlerMapping   : Mapped "{[/],methods=[OPTIONS],params=[],headers=[],consumes=[],produces=[],custom=[]}" onto public org.springframework.http.HttpEntity<?> org.springframework.data.rest.webmvc.RepositoryController.optionsForRepositories()
2016-03-03 18:26:39.997  INFO 14766 --- [lication.main()] o.s.d.r.w.RepositoryRestHandlerMapping   : Mapped "{[/],methods=[HEAD],params=[],headers=[],consumes=[],produces=[],custom=[]}" onto public org.springframework.http.ResponseEntity<?> org.springframework.data.rest.webmvc.RepositoryController.headForRepositories()
2016-03-03 18:26:39.997  INFO 14766 --- [lication.main()] o.s.d.r.w.RepositoryRestHandlerMapping   : Mapped "{[/],methods=[GET],params=[],headers=[],consumes=[],produces=[],custom=[]}" onto public org.springframework.http.HttpEntity<org.springframework.data.rest.webmvc.RepositoryLinksResource> org.springframework.data.rest.webmvc.RepositoryController.listRepositories()
2016-03-03 18:26:40.015  INFO 14766 --- [lication.main()] o.s.d.r.w.RepositoryRestHandlerMapping   : Mapped "{[/{repository}/search],methods=[HEAD],params=[],headers=[],consumes=[],produces=[],custom=[]}" onto public org.springframework.http.HttpEntity<?> org.springframework.data.rest.webmvc.RepositorySearchController.headForSearches(org.springframework.data.rest.webmvc.RootResourceInformation)
2016-03-03 18:26:40.015  INFO 14766 --- [lication.main()] o.s.d.r.w.RepositoryRestHandlerMapping   : Mapped "{[/{repository}/search],methods=[GET],params=[],headers=[],consumes=[],produces=[],custom=[]}" onto public org.springframework.hateoas.ResourceSupport org.springframework.data.rest.webmvc.RepositorySearchController.listSearches(org.springframework.data.rest.webmvc.RootResourceInformation)
2016-03-03 18:26:40.016  INFO 14766 --- [lication.main()] o.s.d.r.w.RepositoryRestHandlerMapping   : Mapped "{[/{repository}/search],methods=[OPTIONS],params=[],headers=[],consumes=[],produces=[],custom=[]}" onto public org.springframework.http.HttpEntity<?> org.springframework.data.rest.webmvc.RepositorySearchController.optionsForSearches(org.springframework.data.rest.webmvc.RootResourceInformation)
2016-03-03 18:26:40.016  INFO 14766 --- [lication.main()] o.s.d.r.w.RepositoryRestHandlerMapping   : Mapped "{[/{repository}/search/{search}],methods=[GET],params=[],headers=[],consumes=[],produces=[],custom=[]}" onto public org.springframework.http.ResponseEntity<java.lang.Object> org.springframework.data.rest.webmvc.RepositorySearchController.executeSearch(org.springframework.data.rest.webmvc.RootResourceInformation,org.springframework.web.context.request.WebRequest,java.lang.String,org.springframework.data.rest.webmvc.support.DefaultedPageable,org.springframework.data.domain.Sort,org.springframework.data.rest.webmvc.PersistentEntityResourceAssembler)
2016-03-03 18:26:40.016  INFO 14766 --- [lication.main()] o.s.d.r.w.RepositoryRestHandlerMapping   : Mapped "{[/{repository}/search/{search}],methods=[GET],params=[],headers=[],consumes=[],produces=[application/x-spring-data-compact+json],custom=[]}" onto public org.springframework.hateoas.ResourceSupport org.springframework.data.rest.webmvc.RepositorySearchController.executeSearchCompact(org.springframework.data.rest.webmvc.RootResourceInformation,org.springframework.web.context.request.WebRequest,java.lang.String,java.lang.String,org.springframework.data.rest.webmvc.support.DefaultedPageable,org.springframework.data.domain.Sort,org.springframework.data.rest.webmvc.PersistentEntityResourceAssembler)
2016-03-03 18:26:40.016  INFO 14766 --- [lication.main()] o.s.d.r.w.RepositoryRestHandlerMapping   : Mapped "{[/{repository}/search/{search}],methods=[OPTIONS],params=[],headers=[],consumes=[],produces=[],custom=[]}" onto public org.springframework.http.ResponseEntity<java.lang.Object> org.springframework.data.rest.webmvc.RepositorySearchController.optionsForSearch(org.springframework.data.rest.webmvc.RootResourceInformation,java.lang.String)
2016-03-03 18:26:40.016  INFO 14766 --- [lication.main()] o.s.d.r.w.RepositoryRestHandlerMapping   : Mapped "{[/{repository}/search/{search}],methods=[HEAD],params=[],headers=[],consumes=[],produces=[],custom=[]}" onto public org.springframework.http.ResponseEntity<java.lang.Object> org.springframework.data.rest.webmvc.RepositorySearchController.headForSearch(org.springframework.data.rest.webmvc.RootResourceInformation,java.lang.String)
2016-03-03 18:26:40.021  INFO 14766 --- [lication.main()] o.s.d.r.w.BaseUriAwareHandlerMapping     : Mapped "{[/alps/{repository}],methods=[GET],params=[],headers=[],consumes=[],produces=[],custom=[]}" onto org.springframework.http.HttpEntity<org.springframework.data.rest.webmvc.RootResourceInformation> org.springframework.data.rest.webmvc.alps.AlpsController.descriptor(org.springframework.data.rest.webmvc.RootResourceInformation)
2016-03-03 18:26:40.022  INFO 14766 --- [lication.main()] o.s.d.r.w.BaseUriAwareHandlerMapping     : Mapped "{[/alps || /alps/{repository}],methods=[OPTIONS],params=[],headers=[],consumes=[],produces=[],custom=[]}" onto org.springframework.http.HttpEntity<?> org.springframework.data.rest.webmvc.alps.AlpsController.alpsOptions()
2016-03-03 18:26:40.022  INFO 14766 --- [lication.main()] o.s.d.r.w.BaseUriAwareHandlerMapping     : Mapped "{[/alps],methods=[GET],params=[],headers=[],consumes=[],produces=[],custom=[]}" onto org.springframework.http.HttpEntity<org.springframework.hateoas.alps.Alps> org.springframework.data.rest.webmvc.alps.AlpsController.alps()
2016-03-03 18:26:40.266  WARN 14766 --- [lication.main()] c.n.c.sources.URLConfigurationSource     : No URLs will be polled as dynamic configuration sources.
2016-03-03 18:26:40.266  INFO 14766 --- [lication.main()] c.n.c.sources.URLConfigurationSource     : To enable URLs as dynamic configuration sources, define System property archaius.configurationSource.additionalUrls or make config.properties available on classpath.
2016-03-03 18:26:40.320  INFO 14766 --- [lication.main()] o.s.j.e.a.AnnotationMBeanExporter        : Registering beans for JMX exposure on startup
2016-03-03 18:26:40.358  INFO 14766 --- [lication.main()] o.s.j.e.a.AnnotationMBeanExporter        : Bean with name 'refreshEndpoint' has been autodetected for JMX exposure
2016-03-03 18:26:40.359  INFO 14766 --- [lication.main()] o.s.j.e.a.AnnotationMBeanExporter        : Bean with name 'restartEndpoint' has been autodetected for JMX exposure
2016-03-03 18:26:40.359  INFO 14766 --- [lication.main()] o.s.j.e.a.AnnotationMBeanExporter        : Bean with name 'configurationPropertiesRebinder' has been autodetected for JMX exposure
2016-03-03 18:26:40.360  INFO 14766 --- [lication.main()] o.s.j.e.a.AnnotationMBeanExporter        : Bean with name 'refreshScope' has been autodetected for JMX exposure
2016-03-03 18:26:40.384  INFO 14766 --- [lication.main()] o.s.j.e.a.AnnotationMBeanExporter        : Bean with name 'environmentManager' has been autodetected for JMX exposure
2016-03-03 18:26:40.388  INFO 14766 --- [lication.main()] o.s.j.e.a.AnnotationMBeanExporter        : Located managed bean 'environmentManager': registering with JMX server as MBean [org.springframework.cloud.context.environment:name=environmentManager,type=EnvironmentManager]
2016-03-03 18:26:40.408  INFO 14766 --- [lication.main()] o.s.j.e.a.AnnotationMBeanExporter        : Located managed bean 'restartEndpoint': registering with JMX server as MBean [org.springframework.cloud.context.restart:name=restartEndpoint,type=RestartEndpoint]
2016-03-03 18:26:40.417  INFO 14766 --- [lication.main()] o.s.j.e.a.AnnotationMBeanExporter        : Located managed bean 'refreshScope': registering with JMX server as MBean [org.springframework.cloud.context.scope.refresh:name=refreshScope,type=RefreshScope]
2016-03-03 18:26:40.463  INFO 14766 --- [lication.main()] o.s.j.e.a.AnnotationMBeanExporter        : Located managed bean 'configurationPropertiesRebinder': registering with JMX server as MBean [org.springframework.cloud.context.properties:name=configurationPropertiesRebinder,context=79dd3ed8,type=ConfigurationPropertiesRebinder]
2016-03-03 18:26:40.483  INFO 14766 --- [lication.main()] o.s.j.e.a.AnnotationMBeanExporter        : Located managed bean 'refreshEndpoint': registering with JMX server as MBean [org.springframework.cloud.bootstrap.config:name=refreshEndpoint,type=RefreshEndpoint]
2016-03-03 18:26:40.490  INFO 14766 --- [lication.main()] o.s.c.support.DefaultLifecycleProcessor  : Starting beans in phase 0
2016-03-03 18:26:40.495  INFO 14766 --- [lication.main()] .p.EurekaConfigBasedInstanceInfoProvider : Setting initial instance status as: STARTING
2016-03-03 18:26:41.814  INFO 14766 --- [lication.main()] com.netflix.discovery.DiscoveryClient    : Disable delta property : false
2016-03-03 18:26:41.827  INFO 14766 --- [lication.main()] com.netflix.discovery.DiscoveryClient    : Single vip registry refresh property : null
2016-03-03 18:26:41.827  INFO 14766 --- [lication.main()] com.netflix.discovery.DiscoveryClient    : Force full registry fetch : false
2016-03-03 18:26:41.827  INFO 14766 --- [lication.main()] com.netflix.discovery.DiscoveryClient    : Application is null : false
2016-03-03 18:26:41.827  INFO 14766 --- [lication.main()] com.netflix.discovery.DiscoveryClient    : Registered Applications size is zero : true
2016-03-03 18:26:41.827  INFO 14766 --- [lication.main()] com.netflix.discovery.DiscoveryClient    : Application version is -1: true
2016-03-03 18:26:42.257  INFO 14766 --- [lication.main()] com.netflix.discovery.DiscoveryClient    : Getting all instance registry info from the eureka server
2016-03-03 18:26:42.382  INFO 14766 --- [lication.main()] com.netflix.discovery.DiscoveryClient    : The response status is 200
2016-03-03 18:26:42.386  INFO 14766 --- [lication.main()] com.netflix.discovery.DiscoveryClient    : Starting heartbeat executor: renew interval is: 5
2016-03-03 18:26:42.393  INFO 14766 --- [lication.main()] c.n.e.EurekaDiscoveryClientConfiguration : Registering application authService with eureka with status UP
2016-03-03 18:26:42.732  INFO 14766 --- [lication.main()] s.b.c.e.t.TomcatEmbeddedServletContainer : Tomcat started on port(s): 9000 (http)
2016-03-03 18:26:42.734  INFO 14766 --- [lication.main()] io.pivotal.sfdc.AuthServiceApplication   : Started AuthServiceApplication in 30.678 seconds (JVM running for 39.354)
2016-03-03 18:26:47.418  INFO 14766 --- [pool-4-thread-1] com.netflix.discovery.DiscoveryClient    : DiscoveryClient_AUTHSERVICE/localhost:authService:9000 - Re-registering apps/AUTHSERVICE
2016-03-03 18:26:47.418  INFO 14766 --- [pool-4-thread-1] com.netflix.discovery.DiscoveryClient    : DiscoveryClient_AUTHSERVICE/localhost:authService:9000: registering service...
2016-03-03 18:26:47.445  INFO 14766 --- [pool-4-thread-1] com.netflix.discovery.DiscoveryClient    : DiscoveryClient_AUTHSERVICE/localhost:authService:9000 - registration status: 204
2016-03-03 18:27:12.385  INFO 14766 --- [pool-5-thread-1] com.netflix.discovery.DiscoveryClient    : Disable delta property : false
2016-03-03 18:27:12.386  INFO 14766 --- [pool-5-thread-1] com.netflix.discovery.DiscoveryClient    : Single vip registry refresh property : null
2016-03-03 18:27:12.386  INFO 14766 --- [pool-5-thread-1] com.netflix.discovery.DiscoveryClient    : Force full registry fetch : false
2016-03-03 18:27:12.386  INFO 14766 --- [pool-5-thread-1] com.netflix.discovery.DiscoveryClient    : Application is null : false
2016-03-03 18:27:12.386  INFO 14766 --- [pool-5-thread-1] com.netflix.discovery.DiscoveryClient    : Registered Applications size is zero : true
2016-03-03 18:27:12.386  INFO 14766 --- [pool-5-thread-1] com.netflix.discovery.DiscoveryClient    : Application version is -1: false
2016-03-03 18:27:12.390  INFO 14766 --- [pool-5-thread-1] com.netflix.discovery.DiscoveryClient    : Getting all instance registry info from the eureka server
2016-03-03 18:27:12.399  INFO 14766 --- [pool-5-thread-1] com.netflix.discovery.DiscoveryClient    : The response status is 200
2016-03-03 18:27:22.391  INFO 14766 --- [scoveryClient-1] com.netflix.discovery.DiscoveryClient    : DiscoveryClient_AUTHSERVICE/localhost:authService:9000 - retransmit instance info with status UP
2016-03-03 18:27:22.391  INFO 14766 --- [scoveryClient-1] com.netflix.discovery.DiscoveryClient    : DiscoveryClient_AUTHSERVICE/localhost:authService:9000: registering service...
2016-03-03 18:27:22.398  INFO 14766 --- [scoveryClient-1] com.netflix.discovery.DiscoveryClient    : DiscoveryClient_AUTHSERVICE/localhost:authService:9000 - registration status: 204
2016-03-03 18:27:22.506  INFO 14766 --- [pool-4-thread-1] com.netflix.discovery.DiscoveryClient    : DiscoveryClient_AUTHSERVICE/localhost:authService:9000 - Re-registering apps/AUTHSERVICE
2016-03-03 18:27:22.506  INFO 14766 --- [pool-4-thread-1] com.netflix.discovery.DiscoveryClient    : DiscoveryClient_AUTHSERVICE/localhost:authService:9000: registering service...
2016-03-03 18:27:22.512  INFO 14766 --- [pool-4-thread-1] com.netflix.discovery.DiscoveryClient    : DiscoveryClient_AUTHSERVICE/localhost:authService:9000 - registration status: 204
2016-03-03 18:27:43.840  INFO 14766 --- [nio-9000-exec-1] o.a.c.c.C.[Tomcat].[localhost].[/]       : Initializing Spring FrameworkServlet 'dispatcherServlet'
2016-03-03 18:27:43.841  INFO 14766 --- [nio-9000-exec-1] o.s.web.servlet.DispatcherServlet        : FrameworkServlet 'dispatcherServlet': initialization started
2016-03-03 18:27:43.858  INFO 14766 --- [nio-9000-exec-1] o.s.web.servlet.DispatcherServlet        : FrameworkServlet 'dispatcherServlet': initialization completed in 17 ms
