[INFO] Scanning for projects...
[INFO]                                                                         
[INFO] ------------------------------------------------------------------------
[INFO] Building contactService 0.0.1-SNAPSHOT
[INFO] ------------------------------------------------------------------------
[INFO] 
[INFO] >>> spring-boot-maven-plugin:1.2.4.RELEASE:run (default-cli) > test-compile @ contactService >>>
[INFO] 
[INFO] --- maven-resources-plugin:2.6:resources (default-resources) @ contactService ---
[INFO] Using 'UTF-8' encoding to copy filtered resources.
[INFO] Copying 0 resource
[INFO] Copying 1 resource
[INFO] 
[INFO] --- maven-compiler-plugin:3.1:compile (default-compile) @ contactService ---
[INFO] Nothing to compile - all classes are up to date
[INFO] 
[INFO] --- maven-resources-plugin:2.6:testResources (default-testResources) @ contactService ---
[INFO] Using 'UTF-8' encoding to copy filtered resources.
[INFO] skip non existing resourceDirectory /Users/jsheth/Documents/workspace/microservice-samples/SFDCApp/contactService/src/test/resources
[INFO] 
[INFO] --- maven-compiler-plugin:3.1:testCompile (default-testCompile) @ contactService ---
[INFO] Nothing to compile - all classes are up to date
[INFO] 
[INFO] <<< spring-boot-maven-plugin:1.2.4.RELEASE:run (default-cli) < test-compile @ contactService <<<
[INFO] 
[INFO] --- spring-boot-maven-plugin:1.2.4.RELEASE:run (default-cli) @ contactService ---
2015-11-05 11:09:20.829  INFO 66549 --- [lication.main()] i.p.sfdc.ContactServiceApplication       : Starting ContactServiceApplication on pivotal-guest-437.sf.pivotallabs.com with PID 66549 (/Users/jsheth/Documents/workspace/microservice-samples/SFDCApp/contactService/target/classes started by jsheth in /Users/jsheth/Documents/workspace/microservice-samples/SFDCApp/contactService)
2015-11-05 11:09:20.976  INFO 66549 --- [lication.main()] s.c.a.AnnotationConfigApplicationContext : Refreshing org.springframework.context.annotation.AnnotationConfigApplicationContext@5e21b092: startup date [Thu Nov 05 11:09:20 PST 2015]; root of context hierarchy
2015-11-05 11:09:21.841  INFO 66549 --- [lication.main()] f.a.AutowiredAnnotationBeanPostProcessor : JSR-330 'javax.inject.Inject' annotation found and supported for autowiring
2015-11-05 11:09:22.521  INFO 66549 --- [lication.main()] trationDelegate$BeanPostProcessorChecker : Bean 'org.springframework.retry.annotation.RetryConfiguration' of type [class org.springframework.retry.annotation.RetryConfiguration$$EnhancerBySpringCGLIB$$448da4cb] is not eligible for getting processed by all BeanPostProcessors (for example: not eligible for auto-proxying)
2015-11-05 11:09:22.797  INFO 66549 --- [lication.main()] trationDelegate$BeanPostProcessorChecker : Bean 'encrypt.CONFIGURATION_PROPERTIES' of type [class org.springframework.cloud.bootstrap.encrypt.KeyProperties] is not eligible for getting processed by all BeanPostProcessors (for example: not eligible for auto-proxying)
2015-11-05 11:09:22.801  INFO 66549 --- [lication.main()] trationDelegate$BeanPostProcessorChecker : Bean 'encryptionBootstrapConfiguration' of type [class org.springframework.cloud.bootstrap.encrypt.EncryptionBootstrapConfiguration$$EnhancerBySpringCGLIB$$4e42577f] is not eligible for getting processed by all BeanPostProcessors (for example: not eligible for auto-proxying)
2015-11-05 11:09:23.242  INFO 66549 --- [lication.main()] i.p.sfdc.ContactServiceApplication       : Started ContactServiceApplication in 3.599 seconds (JVM running for 15.478)

  .   ____          _            __ _ _
 /\\ / ___'_ __ _ _(_)_ __  __ _ \ \ \ \
( ( )\___ | '_ | '_| | '_ \/ _` | \ \ \ \
 \\/  ___)| |_)| | | | | || (_| |  ) ) ) )
  '  |____| .__|_| |_|_| |_\__, | / / / /
 =========|_|==============|___/=/_/_/_/
 :: Spring Boot ::        (v1.2.4.RELEASE)

2015-11-05 11:09:30.213  INFO 66549 --- [lication.main()] b.c.PropertySourceBootstrapConfiguration : Located property source: CompositePropertySource [name='configService', propertySources=[MapPropertySource [name='file:///Users/jsheth/Documents/workspace/microservice-samples/SFDCApp/config-repo/contactService.yml#local'], MapPropertySource [name='file:///Users/jsheth/Documents/workspace/microservice-samples/SFDCApp/config-repo/contactService.yml']]]
2015-11-05 11:09:30.233  INFO 66549 --- [lication.main()] ationConfigEmbeddedWebApplicationContext : Refreshing org.springframework.boot.context.embedded.AnnotationConfigEmbeddedWebApplicationContext@7611877b: startup date [Thu Nov 05 11:09:30 PST 2015]; parent: org.springframework.context.annotation.AnnotationConfigApplicationContext@5e21b092
2015-11-05 11:09:32.631  INFO 66549 --- [lication.main()] o.s.b.f.s.DefaultListableBeanFactory     : Overriding bean definition for bean 'beanNameViewResolver': replacing [Root bean: class [null]; scope=; abstract=false; lazyInit=false; autowireMode=3; dependencyCheck=0; autowireCandidate=true; primary=false; factoryBeanName=org.springframework.boot.autoconfigure.web.ErrorMvcAutoConfiguration$WhitelabelErrorViewConfiguration; factoryMethodName=beanNameViewResolver; initMethodName=null; destroyMethodName=(inferred); defined in class path resource [org/springframework/boot/autoconfigure/web/ErrorMvcAutoConfiguration$WhitelabelErrorViewConfiguration.class]] with [Root bean: class [null]; scope=; abstract=false; lazyInit=false; autowireMode=3; dependencyCheck=0; autowireCandidate=true; primary=false; factoryBeanName=org.springframework.boot.autoconfigure.web.WebMvcAutoConfiguration$WebMvcAutoConfigurationAdapter; factoryMethodName=beanNameViewResolver; initMethodName=null; destroyMethodName=(inferred); defined in class path resource [org/springframework/boot/autoconfigure/web/WebMvcAutoConfiguration$WebMvcAutoConfigurationAdapter.class]]
2015-11-05 11:09:32.935  INFO 66549 --- [lication.main()] o.s.b.f.config.PropertiesFactoryBean     : Loading properties file from URL [jar:file:/Users/jsheth/.m2/repository/org/springframework/integration/spring-integration-core/4.1.4.RELEASE/spring-integration-core-4.1.4.RELEASE.jar!/META-INF/spring.integration.default.properties]
2015-11-05 11:09:32.939  INFO 66549 --- [lication.main()] o.s.i.config.IntegrationRegistrar        : No bean named 'integrationHeaderChannelRegistry' has been explicitly defined. Therefore, a default DefaultHeaderChannelRegistry will be created.
2015-11-05 11:09:33.975  INFO 66549 --- [lication.main()] faultConfiguringBeanFactoryPostProcessor : No bean named 'errorChannel' has been explicitly defined. Therefore, a default PublishSubscribeChannel will be created.
2015-11-05 11:09:33.989  INFO 66549 --- [lication.main()] faultConfiguringBeanFactoryPostProcessor : No bean named 'taskScheduler' has been explicitly defined. Therefore, a default ThreadPoolTaskScheduler will be created.
2015-11-05 11:09:33.997  INFO 66549 --- [lication.main()] o.s.cloud.context.scope.GenericScope     : BeanFactory id=be2dbca4-e0db-3948-bab3-3cf2989d4331
2015-11-05 11:09:34.086  INFO 66549 --- [lication.main()] f.a.AutowiredAnnotationBeanPostProcessor : JSR-330 'javax.inject.Inject' annotation found and supported for autowiring
2015-11-05 11:09:34.132  INFO 66549 --- [lication.main()] trationDelegate$BeanPostProcessorChecker : Bean 'org.springframework.amqp.rabbit.annotation.RabbitBootstrapConfiguration' of type [class org.springframework.amqp.rabbit.annotation.RabbitBootstrapConfiguration$$EnhancerBySpringCGLIB$$96ddbdb4] is not eligible for getting processed by all BeanPostProcessors (for example: not eligible for auto-proxying)
2015-11-05 11:09:34.152  INFO 66549 --- [lication.main()] trationDelegate$BeanPostProcessorChecker : Bean 'org.springframework.scheduling.annotation.SchedulingConfiguration' of type [class org.springframework.scheduling.annotation.SchedulingConfiguration$$EnhancerBySpringCGLIB$$fdcbb061] is not eligible for getting processed by all BeanPostProcessors (for example: not eligible for auto-proxying)
2015-11-05 11:09:35.420  INFO 66549 --- [lication.main()] o.s.b.f.config.PropertiesFactoryBean     : Loading properties file from URL [jar:file:/Users/jsheth/.m2/repository/org/springframework/integration/spring-integration-core/4.1.4.RELEASE/spring-integration-core-4.1.4.RELEASE.jar!/META-INF/spring.integration.default.properties]
2015-11-05 11:09:35.421  INFO 66549 --- [lication.main()] trationDelegate$BeanPostProcessorChecker : Bean 'integrationGlobalProperties' of type [class org.springframework.beans.factory.config.PropertiesFactoryBean] is not eligible for getting processed by all BeanPostProcessors (for example: not eligible for auto-proxying)
2015-11-05 11:09:35.485  INFO 66549 --- [lication.main()] trationDelegate$BeanPostProcessorChecker : Bean 'integrationGlobalProperties' of type [class java.util.Properties] is not eligible for getting processed by all BeanPostProcessors (for example: not eligible for auto-proxying)
2015-11-05 11:09:35.612  INFO 66549 --- [lication.main()] trationDelegate$BeanPostProcessorChecker : Bean 'messageBuilderFactory' of type [class org.springframework.integration.support.DefaultMessageBuilderFactory] is not eligible for getting processed by all BeanPostProcessors (for example: not eligible for auto-proxying)
2015-11-05 11:09:35.818  INFO 66549 --- [lication.main()] trationDelegate$BeanPostProcessorChecker : Bean '(inner bean)#3765933e' of type [class org.springframework.integration.channel.MessagePublishingErrorHandler] is not eligible for getting processed by all BeanPostProcessors (for example: not eligible for auto-proxying)
2015-11-05 11:09:35.846  INFO 66549 --- [lication.main()] o.s.s.c.ThreadPoolTaskScheduler          : Initializing ExecutorService  'taskScheduler'
2015-11-05 11:09:35.848  INFO 66549 --- [lication.main()] trationDelegate$BeanPostProcessorChecker : Bean 'taskScheduler' of type [class org.springframework.scheduling.concurrent.ThreadPoolTaskScheduler] is not eligible for getting processed by all BeanPostProcessors (for example: not eligible for auto-proxying)
2015-11-05 11:09:35.931  INFO 66549 --- [lication.main()] trationDelegate$BeanPostProcessorChecker : Bean 'integrationHeaderChannelRegistry' of type [class org.springframework.integration.channel.DefaultHeaderChannelRegistry] is not eligible for getting processed by all BeanPostProcessors (for example: not eligible for auto-proxying)
2015-11-05 11:09:36.014  INFO 66549 --- [lication.main()] trationDelegate$BeanPostProcessorChecker : Bean 'org.springframework.cloud.autoconfigure.RefreshAutoConfiguration$ConfigurationPropertiesRebinderConfiguration' of type [class org.springframework.cloud.autoconfigure.RefreshAutoConfiguration$ConfigurationPropertiesRebinderConfiguration$$EnhancerBySpringCGLIB$$7e791a5c] is not eligible for getting processed by all BeanPostProcessors (for example: not eligible for auto-proxying)
2015-11-05 11:09:37.485  INFO 66549 --- [lication.main()] s.b.c.e.t.TomcatEmbeddedServletContainer : Tomcat initialized with port(s): 9002 (http)
2015-11-05 11:09:38.377  INFO 66549 --- [lication.main()] o.apache.catalina.core.StandardService   : Starting service Tomcat
2015-11-05 11:09:38.380  INFO 66549 --- [lication.main()] org.apache.catalina.core.StandardEngine  : Starting Servlet Engine: Apache Tomcat/8.0.23
2015-11-05 11:09:38.522  INFO 66549 --- [ost-startStop-1] o.a.c.c.C.[Tomcat].[localhost].[/]       : Initializing Spring embedded WebApplicationContext
2015-11-05 11:09:38.523  INFO 66549 --- [ost-startStop-1] o.s.web.context.ContextLoader            : Root WebApplicationContext: initialization completed in 8290 ms
2015-11-05 11:09:44.121  INFO 66549 --- [ost-startStop-1] b.a.s.AuthenticationManagerConfiguration : 

Using default security password: 692b3fa1-8de1-4578-8758-51d6d9628f74

2015-11-05 11:09:44.355  INFO 66549 --- [ost-startStop-1] o.s.s.web.DefaultSecurityFilterChain     : Creating filter chain: Ant [pattern='/css/**'], []
2015-11-05 11:09:44.355  INFO 66549 --- [ost-startStop-1] o.s.s.web.DefaultSecurityFilterChain     : Creating filter chain: Ant [pattern='/js/**'], []
2015-11-05 11:09:44.355  INFO 66549 --- [ost-startStop-1] o.s.s.web.DefaultSecurityFilterChain     : Creating filter chain: Ant [pattern='/images/**'], []
2015-11-05 11:09:44.355  INFO 66549 --- [ost-startStop-1] o.s.s.web.DefaultSecurityFilterChain     : Creating filter chain: Ant [pattern='/**/favicon.ico'], []
2015-11-05 11:09:44.355  INFO 66549 --- [ost-startStop-1] o.s.s.web.DefaultSecurityFilterChain     : Creating filter chain: Ant [pattern='/error'], []
2015-11-05 11:09:44.494  INFO 66549 --- [ost-startStop-1] o.s.s.web.DefaultSecurityFilterChain     : Creating filter chain: org.springframework.boot.autoconfigure.security.SpringBootWebSecurityConfiguration$ApplicationNoWebSecurityConfigurerAdapter$1@511299e8, [org.springframework.security.web.context.request.async.WebAsyncManagerIntegrationFilter@34dbd60b, org.springframework.security.web.context.SecurityContextPersistenceFilter@1cb3db6b, org.springframework.security.web.header.HeaderWriterFilter@260a65f9, org.springframework.security.web.csrf.CsrfFilter@3088b729, org.springframework.security.web.authentication.logout.LogoutFilter@345b23d5, org.springframework.security.web.savedrequest.RequestCacheAwareFilter@188017b6, org.springframework.security.web.servletapi.SecurityContextHolderAwareRequestFilter@75d875f3, org.springframework.security.web.authentication.AnonymousAuthenticationFilter@4d1e2942, org.springframework.security.web.session.SessionManagementFilter@41b9d406, org.springframework.security.web.access.ExceptionTranslationFilter@647cc487]
2015-11-05 11:09:44.964  INFO 66549 --- [ost-startStop-1] o.s.b.c.embedded.FilterRegistrationBean  : Mapping filter: 'characterEncodingFilter' to: [/*]
2015-11-05 11:09:44.965  INFO 66549 --- [ost-startStop-1] o.s.b.c.embedded.FilterRegistrationBean  : Mapping filter: 'hiddenHttpMethodFilter' to: [/*]
2015-11-05 11:09:44.965  INFO 66549 --- [ost-startStop-1] o.s.b.c.embedded.FilterRegistrationBean  : Mapping filter: 'springSecurityFilterChain' to: [/*]
2015-11-05 11:09:44.965  INFO 66549 --- [ost-startStop-1] o.s.b.c.e.ServletRegistrationBean        : Mapping servlet: 'dispatcherServlet' to [/]
2015-11-05 11:09:46.124  INFO 66549 --- [lication.main()] o.s.b.f.config.PropertiesFactoryBean     : Loading properties file from class path resource [rest-default-messages.properties]
2015-11-05 11:09:47.462  WARN 66549 --- [lication.main()] c.n.c.sources.URLConfigurationSource     : No URLs will be polled as dynamic configuration sources.
2015-11-05 11:09:47.462  INFO 66549 --- [lication.main()] c.n.c.sources.URLConfigurationSource     : To enable URLs as dynamic configuration sources, define System property archaius.configurationSource.additionalUrls or make config.properties available on classpath.
2015-11-05 11:09:47.490  INFO 66549 --- [lication.main()] c.netflix.config.DynamicPropertyFactory  : DynamicPropertyFactory is initialized with configuration sources: com.netflix.config.ConcurrentCompositeConfiguration@165da3e2
2015-11-05 11:09:47.914  INFO 66549 --- [lication.main()] s.w.s.m.m.a.RequestMappingHandlerAdapter : Looking for @ControllerAdvice: org.springframework.boot.context.embedded.AnnotationConfigEmbeddedWebApplicationContext@7611877b: startup date [Thu Nov 05 11:09:30 PST 2015]; parent: org.springframework.context.annotation.AnnotationConfigApplicationContext@5e21b092
2015-11-05 11:09:48.191  INFO 66549 --- [lication.main()] s.w.s.m.m.a.RequestMappingHandlerMapping : Mapped "{[/contact/{id}],methods=[POST || PUT],params=[],headers=[],consumes=[],produces=[],custom=[]}" onto public org.springframework.http.ResponseEntity<io.pivotal.sfdc.domain.Contact> io.pivotal.sfdc.controller.ContactServiceController.cuContact(java.lang.String,io.pivotal.sfdc.domain.Contact,org.springframework.web.util.UriComponentsBuilder)
2015-11-05 11:09:48.191  INFO 66549 --- [lication.main()] s.w.s.m.m.a.RequestMappingHandlerMapping : Mapped "{[/contact/{id}],methods=[GET || DELETE],params=[],headers=[],consumes=[],produces=[],custom=[]}" onto public org.springframework.http.ResponseEntity<io.pivotal.sfdc.domain.Contact> io.pivotal.sfdc.controller.ContactServiceController.rdContact(java.lang.String,org.springframework.web.util.UriComponentsBuilder)
2015-11-05 11:09:48.193  INFO 66549 --- [lication.main()] s.w.s.m.m.a.RequestMappingHandlerMapping : Mapped "{[/error],methods=[],params=[],headers=[],consumes=[],produces=[],custom=[]}" onto public org.springframework.http.ResponseEntity<java.util.Map<java.lang.String, java.lang.Object>> org.springframework.boot.autoconfigure.web.BasicErrorController.error(javax.servlet.http.HttpServletRequest)
2015-11-05 11:09:48.193  INFO 66549 --- [lication.main()] s.w.s.m.m.a.RequestMappingHandlerMapping : Mapped "{[/error],methods=[],params=[],headers=[],consumes=[],produces=[text/html],custom=[]}" onto public org.springframework.web.servlet.ModelAndView org.springframework.boot.autoconfigure.web.BasicErrorController.errorHtml(javax.servlet.http.HttpServletRequest)
2015-11-05 11:09:48.352  INFO 66549 --- [lication.main()] o.s.w.s.handler.SimpleUrlHandlerMapping  : Mapped URL path [/webjars/**] onto handler of type [class org.springframework.web.servlet.resource.ResourceHttpRequestHandler]
2015-11-05 11:09:48.353  INFO 66549 --- [lication.main()] o.s.w.s.handler.SimpleUrlHandlerMapping  : Mapped URL path [/**] onto handler of type [class org.springframework.web.servlet.resource.ResourceHttpRequestHandler]
2015-11-05 11:09:48.505  INFO 66549 --- [lication.main()] o.s.w.s.handler.SimpleUrlHandlerMapping  : Mapped URL path [/**/favicon.ico] onto handler of type [class org.springframework.web.servlet.resource.ResourceHttpRequestHandler]
2015-11-05 11:09:49.413  INFO 66549 --- [lication.main()] o.s.d.r.w.RepositoryRestHandlerAdapter   : Looking for @ControllerAdvice: org.springframework.boot.context.embedded.AnnotationConfigEmbeddedWebApplicationContext@7611877b: startup date [Thu Nov 05 11:09:30 PST 2015]; parent: org.springframework.context.annotation.AnnotationConfigApplicationContext@5e21b092
2015-11-05 11:09:49.490  INFO 66549 --- [lication.main()] o.s.d.r.w.RepositoryRestHandlerMapping   : Mapped "{[/{repository}/{id}/{property}],methods=[GET],params=[],headers=[],consumes=[],produces=[],custom=[]}" onto public org.springframework.http.ResponseEntity<org.springframework.hateoas.ResourceSupport> org.springframework.data.rest.webmvc.RepositoryPropertyReferenceController.followPropertyReference(org.springframework.data.rest.webmvc.RootResourceInformation,java.io.Serializable,java.lang.String,org.springframework.data.rest.webmvc.PersistentEntityResourceAssembler) throws java.lang.Exception
2015-11-05 11:09:49.491  INFO 66549 --- [lication.main()] o.s.d.r.w.RepositoryRestHandlerMapping   : Mapped "{[/{repository}/{id}/{property}/{propertyId}],methods=[GET],params=[],headers=[],consumes=[],produces=[],custom=[]}" onto public org.springframework.http.ResponseEntity<org.springframework.hateoas.ResourceSupport> org.springframework.data.rest.webmvc.RepositoryPropertyReferenceController.followPropertyReference(org.springframework.data.rest.webmvc.RootResourceInformation,java.io.Serializable,java.lang.String,java.lang.String,org.springframework.data.rest.webmvc.PersistentEntityResourceAssembler) throws java.lang.Exception
2015-11-05 11:09:49.491  INFO 66549 --- [lication.main()] o.s.d.r.w.RepositoryRestHandlerMapping   : Mapped "{[/{repository}/{id}/{property}],methods=[DELETE],params=[],headers=[],consumes=[],produces=[],custom=[]}" onto public org.springframework.http.ResponseEntity<? extends org.springframework.hateoas.ResourceSupport> org.springframework.data.rest.webmvc.RepositoryPropertyReferenceController.deletePropertyReference(org.springframework.data.rest.webmvc.RootResourceInformation,java.io.Serializable,java.lang.String) throws java.lang.Exception
2015-11-05 11:09:49.494  INFO 66549 --- [lication.main()] o.s.d.r.w.RepositoryRestHandlerMapping   : Mapped "{[/{repository}/{id}/{property}],methods=[GET],params=[],headers=[],consumes=[],produces=[application/x-spring-data-compact+json || text/uri-list],custom=[]}" onto public org.springframework.http.ResponseEntity<org.springframework.hateoas.ResourceSupport> org.springframework.data.rest.webmvc.RepositoryPropertyReferenceController.followPropertyReferenceCompact(org.springframework.data.rest.webmvc.RootResourceInformation,java.io.Serializable,java.lang.String,org.springframework.data.rest.webmvc.PersistentEntityResourceAssembler) throws java.lang.Exception
2015-11-05 11:09:49.495  INFO 66549 --- [lication.main()] o.s.d.r.w.RepositoryRestHandlerMapping   : Mapped "{[/{repository}/{id}/{property}],methods=[PATCH || PUT],params=[],headers=[],consumes=[application/json || application/x-spring-data-compact+json || text/uri-list],produces=[],custom=[]}" onto public org.springframework.http.ResponseEntity<? extends org.springframework.hateoas.ResourceSupport> org.springframework.data.rest.webmvc.RepositoryPropertyReferenceController.createPropertyReference(org.springframework.data.rest.webmvc.RootResourceInformation,org.springframework.http.HttpMethod,org.springframework.hateoas.Resources<java.lang.Object>,java.io.Serializable,java.lang.String) throws java.lang.Exception
2015-11-05 11:09:49.495  INFO 66549 --- [lication.main()] o.s.d.r.w.RepositoryRestHandlerMapping   : Mapped "{[/{repository}/{id}/{property}/{propertyId}],methods=[DELETE],params=[],headers=[],consumes=[],produces=[],custom=[]}" onto public org.springframework.http.ResponseEntity<org.springframework.hateoas.ResourceSupport> org.springframework.data.rest.webmvc.RepositoryPropertyReferenceController.deletePropertyReferenceId(org.springframework.data.rest.webmvc.RootResourceInformation,java.io.Serializable,java.lang.String,java.lang.String) throws java.lang.Exception
2015-11-05 11:09:49.495  INFO 66549 --- [lication.main()] o.s.d.r.w.RepositoryRestHandlerMapping   : Mapped "{[/{repository}/schema],methods=[GET],params=[],headers=[],consumes=[],produces=[application/schema+json],custom=[]}" onto public org.springframework.http.HttpEntity<org.springframework.data.rest.webmvc.json.JsonSchema> org.springframework.data.rest.webmvc.RepositorySchemaController.schema(org.springframework.data.rest.webmvc.RootResourceInformation)
2015-11-05 11:09:49.496  INFO 66549 --- [lication.main()] o.s.d.r.w.RepositoryRestHandlerMapping   : Mapped "{[/{repository}],methods=[OPTIONS],params=[],headers=[],consumes=[],produces=[],custom=[]}" onto public org.springframework.http.ResponseEntity<?> org.springframework.data.rest.webmvc.RepositoryEntityController.optionsForCollectionResource(org.springframework.data.rest.webmvc.RootResourceInformation)
2015-11-05 11:09:49.496  INFO 66549 --- [lication.main()] o.s.d.r.w.RepositoryRestHandlerMapping   : Mapped "{[/{repository}],methods=[HEAD],params=[],headers=[],consumes=[],produces=[],custom=[]}" onto public org.springframework.http.ResponseEntity<?> org.springframework.data.rest.webmvc.RepositoryEntityController.headCollectionResource(org.springframework.data.rest.webmvc.RootResourceInformation) throws org.springframework.web.HttpRequestMethodNotSupportedException
2015-11-05 11:09:49.497  INFO 66549 --- [lication.main()] o.s.d.r.w.RepositoryRestHandlerMapping   : Mapped "{[/{repository}],methods=[GET],params=[],headers=[],consumes=[],produces=[],custom=[]}" onto public org.springframework.hateoas.Resources<?> org.springframework.data.rest.webmvc.RepositoryEntityController.getCollectionResource(org.springframework.data.rest.webmvc.RootResourceInformation,org.springframework.data.rest.webmvc.support.DefaultedPageable,org.springframework.data.domain.Sort,org.springframework.data.rest.webmvc.PersistentEntityResourceAssembler) throws org.springframework.data.rest.webmvc.ResourceNotFoundException,org.springframework.web.HttpRequestMethodNotSupportedException
2015-11-05 11:09:49.497  INFO 66549 --- [lication.main()] o.s.d.r.w.RepositoryRestHandlerMapping   : Mapped "{[/{repository}],methods=[GET],params=[],headers=[],consumes=[],produces=[application/x-spring-data-compact+json || text/uri-list],custom=[]}" onto public org.springframework.hateoas.Resources<?> org.springframework.data.rest.webmvc.RepositoryEntityController.getCollectionResourceCompact(org.springframework.data.rest.webmvc.RootResourceInformation,org.springframework.data.rest.webmvc.support.DefaultedPageable,org.springframework.data.domain.Sort,org.springframework.data.rest.webmvc.PersistentEntityResourceAssembler) throws org.springframework.data.rest.webmvc.ResourceNotFoundException,org.springframework.web.HttpRequestMethodNotSupportedException
2015-11-05 11:09:49.497  INFO 66549 --- [lication.main()] o.s.d.r.w.RepositoryRestHandlerMapping   : Mapped "{[/{repository}],methods=[POST],params=[],headers=[],consumes=[],produces=[],custom=[]}" onto public org.springframework.http.ResponseEntity<org.springframework.hateoas.ResourceSupport> org.springframework.data.rest.webmvc.RepositoryEntityController.postCollectionResource(org.springframework.data.rest.webmvc.RootResourceInformation,org.springframework.data.rest.webmvc.PersistentEntityResource,org.springframework.data.rest.webmvc.PersistentEntityResourceAssembler) throws org.springframework.web.HttpRequestMethodNotSupportedException
2015-11-05 11:09:49.497  INFO 66549 --- [lication.main()] o.s.d.r.w.RepositoryRestHandlerMapping   : Mapped "{[/{repository}/{id}],methods=[OPTIONS],params=[],headers=[],consumes=[],produces=[],custom=[]}" onto public org.springframework.http.ResponseEntity<?> org.springframework.data.rest.webmvc.RepositoryEntityController.optionsForItemResource(org.springframework.data.rest.webmvc.RootResourceInformation)
2015-11-05 11:09:49.497  INFO 66549 --- [lication.main()] o.s.d.r.w.RepositoryRestHandlerMapping   : Mapped "{[/{repository}/{id}],methods=[HEAD],params=[],headers=[],consumes=[],produces=[],custom=[]}" onto public org.springframework.http.ResponseEntity<?> org.springframework.data.rest.webmvc.RepositoryEntityController.headForItemResource(org.springframework.data.rest.webmvc.RootResourceInformation,java.io.Serializable) throws org.springframework.web.HttpRequestMethodNotSupportedException
2015-11-05 11:09:49.497  INFO 66549 --- [lication.main()] o.s.d.r.w.RepositoryRestHandlerMapping   : Mapped "{[/{repository}/{id}],methods=[GET],params=[],headers=[],consumes=[],produces=[],custom=[]}" onto public org.springframework.http.ResponseEntity<org.springframework.hateoas.Resource<?>> org.springframework.data.rest.webmvc.RepositoryEntityController.getItemResource(org.springframework.data.rest.webmvc.RootResourceInformation,java.io.Serializable,org.springframework.data.rest.webmvc.PersistentEntityResourceAssembler) throws org.springframework.web.HttpRequestMethodNotSupportedException
2015-11-05 11:09:49.498  INFO 66549 --- [lication.main()] o.s.d.r.w.RepositoryRestHandlerMapping   : Mapped "{[/{repository}/{id}],methods=[PUT],params=[],headers=[],consumes=[],produces=[],custom=[]}" onto public org.springframework.http.ResponseEntity<? extends org.springframework.hateoas.ResourceSupport> org.springframework.data.rest.webmvc.RepositoryEntityController.putItemResource(org.springframework.data.rest.webmvc.RootResourceInformation,org.springframework.data.rest.webmvc.PersistentEntityResource,java.io.Serializable,org.springframework.data.rest.webmvc.PersistentEntityResourceAssembler) throws org.springframework.web.HttpRequestMethodNotSupportedException
2015-11-05 11:09:49.498  INFO 66549 --- [lication.main()] o.s.d.r.w.RepositoryRestHandlerMapping   : Mapped "{[/{repository}/{id}],methods=[PATCH],params=[],headers=[],consumes=[],produces=[],custom=[]}" onto public org.springframework.http.ResponseEntity<org.springframework.hateoas.ResourceSupport> org.springframework.data.rest.webmvc.RepositoryEntityController.patchItemResource(org.springframework.data.rest.webmvc.RootResourceInformation,org.springframework.data.rest.webmvc.PersistentEntityResource,java.io.Serializable,org.springframework.data.rest.webmvc.PersistentEntityResourceAssembler) throws org.springframework.web.HttpRequestMethodNotSupportedException,org.springframework.data.rest.webmvc.ResourceNotFoundException
2015-11-05 11:09:49.498  INFO 66549 --- [lication.main()] o.s.d.r.w.RepositoryRestHandlerMapping   : Mapped "{[/{repository}/{id}],methods=[DELETE],params=[],headers=[],consumes=[],produces=[],custom=[]}" onto public org.springframework.http.ResponseEntity<?> org.springframework.data.rest.webmvc.RepositoryEntityController.deleteItemResource(org.springframework.data.rest.webmvc.RootResourceInformation,java.io.Serializable) throws org.springframework.data.rest.webmvc.ResourceNotFoundException,org.springframework.web.HttpRequestMethodNotSupportedException
2015-11-05 11:09:49.499  INFO 66549 --- [lication.main()] o.s.d.r.w.RepositoryRestHandlerMapping   : Mapped "{[/],methods=[OPTIONS],params=[],headers=[],consumes=[],produces=[],custom=[]}" onto public org.springframework.http.HttpEntity<?> org.springframework.data.rest.webmvc.RepositoryController.optionsForRepositories()
2015-11-05 11:09:49.499  INFO 66549 --- [lication.main()] o.s.d.r.w.RepositoryRestHandlerMapping   : Mapped "{[/],methods=[HEAD],params=[],headers=[],consumes=[],produces=[],custom=[]}" onto public org.springframework.http.ResponseEntity<?> org.springframework.data.rest.webmvc.RepositoryController.headForRepositories()
2015-11-05 11:09:49.499  INFO 66549 --- [lication.main()] o.s.d.r.w.RepositoryRestHandlerMapping   : Mapped "{[/],methods=[GET],params=[],headers=[],consumes=[],produces=[],custom=[]}" onto public org.springframework.http.HttpEntity<org.springframework.data.rest.webmvc.RepositoryLinksResource> org.springframework.data.rest.webmvc.RepositoryController.listRepositories()
2015-11-05 11:09:49.500  INFO 66549 --- [lication.main()] o.s.d.r.w.RepositoryRestHandlerMapping   : Mapped "{[/{repository}/search],methods=[HEAD],params=[],headers=[],consumes=[],produces=[],custom=[]}" onto public org.springframework.http.HttpEntity<?> org.springframework.data.rest.webmvc.RepositorySearchController.headForSearches(org.springframework.data.rest.webmvc.RootResourceInformation)
2015-11-05 11:09:49.500  INFO 66549 --- [lication.main()] o.s.d.r.w.RepositoryRestHandlerMapping   : Mapped "{[/{repository}/search],methods=[GET],params=[],headers=[],consumes=[],produces=[],custom=[]}" onto public org.springframework.hateoas.ResourceSupport org.springframework.data.rest.webmvc.RepositorySearchController.listSearches(org.springframework.data.rest.webmvc.RootResourceInformation)
2015-11-05 11:09:49.500  INFO 66549 --- [lication.main()] o.s.d.r.w.RepositoryRestHandlerMapping   : Mapped "{[/{repository}/search],methods=[OPTIONS],params=[],headers=[],consumes=[],produces=[],custom=[]}" onto public org.springframework.http.HttpEntity<?> org.springframework.data.rest.webmvc.RepositorySearchController.optionsForSearches(org.springframework.data.rest.webmvc.RootResourceInformation)
2015-11-05 11:09:49.501  INFO 66549 --- [lication.main()] o.s.d.r.w.RepositoryRestHandlerMapping   : Mapped "{[/{repository}/search/{search}],methods=[GET],params=[],headers=[],consumes=[],produces=[],custom=[]}" onto public org.springframework.http.ResponseEntity<java.lang.Object> org.springframework.data.rest.webmvc.RepositorySearchController.executeSearch(org.springframework.data.rest.webmvc.RootResourceInformation,org.springframework.web.context.request.WebRequest,java.lang.String,org.springframework.data.rest.webmvc.support.DefaultedPageable,org.springframework.data.domain.Sort,org.springframework.data.rest.webmvc.PersistentEntityResourceAssembler)
2015-11-05 11:09:49.501  INFO 66549 --- [lication.main()] o.s.d.r.w.RepositoryRestHandlerMapping   : Mapped "{[/{repository}/search/{search}],methods=[GET],params=[],headers=[],consumes=[],produces=[application/x-spring-data-compact+json],custom=[]}" onto public org.springframework.hateoas.ResourceSupport org.springframework.data.rest.webmvc.RepositorySearchController.executeSearchCompact(org.springframework.data.rest.webmvc.RootResourceInformation,org.springframework.web.context.request.WebRequest,java.lang.String,java.lang.String,org.springframework.data.rest.webmvc.support.DefaultedPageable,org.springframework.data.domain.Sort,org.springframework.data.rest.webmvc.PersistentEntityResourceAssembler)
2015-11-05 11:09:49.503  INFO 66549 --- [lication.main()] o.s.d.r.w.RepositoryRestHandlerMapping   : Mapped "{[/{repository}/search/{search}],methods=[OPTIONS],params=[],headers=[],consumes=[],produces=[],custom=[]}" onto public org.springframework.http.ResponseEntity<java.lang.Object> org.springframework.data.rest.webmvc.RepositorySearchController.optionsForSearch(org.springframework.data.rest.webmvc.RootResourceInformation,java.lang.String)
2015-11-05 11:09:49.503  INFO 66549 --- [lication.main()] o.s.d.r.w.RepositoryRestHandlerMapping   : Mapped "{[/{repository}/search/{search}],methods=[HEAD],params=[],headers=[],consumes=[],produces=[],custom=[]}" onto public org.springframework.http.ResponseEntity<java.lang.Object> org.springframework.data.rest.webmvc.RepositorySearchController.headForSearch(org.springframework.data.rest.webmvc.RootResourceInformation,java.lang.String)
2015-11-05 11:09:49.513  INFO 66549 --- [lication.main()] o.s.d.r.w.BaseUriAwareHandlerMapping     : Mapped "{[/alps/{repository}],methods=[GET],params=[],headers=[],consumes=[],produces=[],custom=[]}" onto org.springframework.http.HttpEntity<org.springframework.data.rest.webmvc.RootResourceInformation> org.springframework.data.rest.webmvc.alps.AlpsController.descriptor(org.springframework.data.rest.webmvc.RootResourceInformation)
2015-11-05 11:09:49.513  INFO 66549 --- [lication.main()] o.s.d.r.w.BaseUriAwareHandlerMapping     : Mapped "{[/alps],methods=[GET],params=[],headers=[],consumes=[],produces=[],custom=[]}" onto org.springframework.http.HttpEntity<org.springframework.hateoas.alps.Alps> org.springframework.data.rest.webmvc.alps.AlpsController.alps()
2015-11-05 11:09:49.513  INFO 66549 --- [lication.main()] o.s.d.r.w.BaseUriAwareHandlerMapping     : Mapped "{[/alps || /alps/{repository}],methods=[OPTIONS],params=[],headers=[],consumes=[],produces=[],custom=[]}" onto org.springframework.http.HttpEntity<?> org.springframework.data.rest.webmvc.alps.AlpsController.alpsOptions()
2015-11-05 11:09:50.119  WARN 66549 --- [lication.main()] c.n.c.sources.URLConfigurationSource     : No URLs will be polled as dynamic configuration sources.
2015-11-05 11:09:50.120  INFO 66549 --- [lication.main()] c.n.c.sources.URLConfigurationSource     : To enable URLs as dynamic configuration sources, define System property archaius.configurationSource.additionalUrls or make config.properties available on classpath.
2015-11-05 11:09:50.347  INFO 66549 --- [lication.main()] ProxyFactoryBean$MethodInvocationGateway : started hystrixStreamChannel
2015-11-05 11:09:50.347  INFO 66549 --- [lication.main()] o.s.i.gateway.GatewayProxyFactoryBean    : started hystrixStreamChannel
2015-11-05 11:09:50.602  INFO 66549 --- [lication.main()] o.s.j.e.a.AnnotationMBeanExporter        : Registering beans for JMX exposure on startup
2015-11-05 11:09:50.623  INFO 66549 --- [lication.main()] o.s.j.e.a.AnnotationMBeanExporter        : Bean with name 'configurationPropertiesRebinder' has been autodetected for JMX exposure
2015-11-05 11:09:50.624  INFO 66549 --- [lication.main()] o.s.j.e.a.AnnotationMBeanExporter        : Bean with name 'refreshScope' has been autodetected for JMX exposure
2015-11-05 11:09:50.624  INFO 66549 --- [lication.main()] o.s.j.e.a.AnnotationMBeanExporter        : Bean with name 'environmentManager' has been autodetected for JMX exposure
2015-11-05 11:09:50.629  INFO 66549 --- [lication.main()] o.s.j.e.a.AnnotationMBeanExporter        : Located managed bean 'environmentManager': registering with JMX server as MBean [org.springframework.cloud.context.environment:name=environmentManager,type=EnvironmentManager]
2015-11-05 11:09:50.642  INFO 66549 --- [lication.main()] o.s.j.e.a.AnnotationMBeanExporter        : Located managed bean 'refreshScope': registering with JMX server as MBean [org.springframework.cloud.context.scope.refresh:name=refreshScope,type=RefreshScope]
2015-11-05 11:09:50.660  INFO 66549 --- [lication.main()] o.s.j.e.a.AnnotationMBeanExporter        : Located managed bean 'configurationPropertiesRebinder': registering with JMX server as MBean [org.springframework.cloud.context.properties:name=configurationPropertiesRebinder,context=7611877b,type=ConfigurationPropertiesRebinder]
2015-11-05 11:09:50.673  INFO 66549 --- [lication.main()] o.s.c.support.DefaultLifecycleProcessor  : Starting beans in phase -2147483648
2015-11-05 11:09:50.674  INFO 66549 --- [lication.main()] o.s.c.support.DefaultLifecycleProcessor  : Starting beans in phase 0
2015-11-05 11:09:50.678  INFO 66549 --- [lication.main()] .p.EurekaConfigBasedInstanceInfoProvider : Setting initial instance status as: STARTING
2015-11-05 11:09:51.449  INFO 66549 --- [lication.main()] com.netflix.discovery.DiscoveryClient    : Disable delta property : false
2015-11-05 11:09:51.451  INFO 66549 --- [lication.main()] com.netflix.discovery.DiscoveryClient    : Single vip registry refresh property : null
2015-11-05 11:09:51.451  INFO 66549 --- [lication.main()] com.netflix.discovery.DiscoveryClient    : Force full registry fetch : false
2015-11-05 11:09:51.451  INFO 66549 --- [lication.main()] com.netflix.discovery.DiscoveryClient    : Application is null : false
2015-11-05 11:09:51.451  INFO 66549 --- [lication.main()] com.netflix.discovery.DiscoveryClient    : Registered Applications size is zero : true
2015-11-05 11:09:51.451  INFO 66549 --- [lication.main()] com.netflix.discovery.DiscoveryClient    : Application version is -1: true
2015-11-05 11:09:51.651  INFO 66549 --- [lication.main()] com.netflix.discovery.DiscoveryClient    : Getting all instance registry info from the eureka server
2015-11-05 11:09:52.102  INFO 66549 --- [lication.main()] com.netflix.discovery.DiscoveryClient    : The response status is 200
2015-11-05 11:09:52.106  INFO 66549 --- [lication.main()] com.netflix.discovery.DiscoveryClient    : Starting heartbeat executor: renew interval is: 5
2015-11-05 11:09:52.113  INFO 66549 --- [lication.main()] c.n.e.EurekaDiscoveryClientConfiguration : Registering application contactService with eureka with status UP
2015-11-05 11:09:52.114  INFO 66549 --- [lication.main()] o.s.i.endpoint.EventDrivenConsumer       : Adding {logging-channel-adapter:_org.springframework.integration.errorLogger} as a subscriber to the 'errorChannel' channel
2015-11-05 11:09:52.114  INFO 66549 --- [lication.main()] o.s.i.channel.PublishSubscribeChannel    : Channel 'contactService:local.errorChannel' has 1 subscriber(s).
2015-11-05 11:09:52.114  INFO 66549 --- [lication.main()] o.s.i.endpoint.EventDrivenConsumer       : started _org.springframework.integration.errorLogger
2015-11-05 11:09:52.114  INFO 66549 --- [lication.main()] o.s.i.endpoint.EventDrivenConsumer       : Adding {amqp:outbound-channel-adapter} as a subscriber to the 'hystrixStream' channel
2015-11-05 11:09:52.114  INFO 66549 --- [lication.main()] o.s.integration.channel.DirectChannel    : Channel 'contactService:local.hystrixStream' has 1 subscriber(s).
2015-11-05 11:09:52.114  INFO 66549 --- [lication.main()] o.s.i.endpoint.EventDrivenConsumer       : started org.springframework.integration.config.ConsumerEndpointFactoryBean#0
2015-11-05 11:09:52.114  INFO 66549 --- [lication.main()] o.s.c.support.DefaultLifecycleProcessor  : Starting beans in phase 2147483647
2015-11-05 11:09:52.207  INFO 66549 --- [lication.main()] s.b.c.e.t.TomcatEmbeddedServletContainer : Tomcat started on port(s): 9002 (http)
2015-11-05 11:09:52.209  INFO 66549 --- [lication.main()] i.p.sfdc.ContactServiceApplication       : Started ContactServiceApplication in 34.027 seconds (JVM running for 44.446)
2015-11-05 11:09:57.127  INFO 66549 --- [pool-4-thread-1] com.netflix.discovery.DiscoveryClient    : DiscoveryClient_CONTACTSERVICE/localhost:contactService:9002 - Re-registering apps/CONTACTSERVICE
2015-11-05 11:09:57.127  INFO 66549 --- [pool-4-thread-1] com.netflix.discovery.DiscoveryClient    : DiscoveryClient_CONTACTSERVICE/localhost:contactService:9002: registering service...
2015-11-05 11:09:57.142  INFO 66549 --- [pool-4-thread-1] com.netflix.discovery.DiscoveryClient    : DiscoveryClient_CONTACTSERVICE/localhost:contactService:9002 - registration status: 204
2015-11-05 11:10:22.109  INFO 66549 --- [pool-5-thread-1] com.netflix.discovery.DiscoveryClient    : Disable delta property : false
2015-11-05 11:10:22.110  INFO 66549 --- [pool-5-thread-1] com.netflix.discovery.DiscoveryClient    : Single vip registry refresh property : null
2015-11-05 11:10:22.110  INFO 66549 --- [pool-5-thread-1] com.netflix.discovery.DiscoveryClient    : Force full registry fetch : false
2015-11-05 11:10:22.110  INFO 66549 --- [pool-5-thread-1] com.netflix.discovery.DiscoveryClient    : Application is null : false
2015-11-05 11:10:22.110  INFO 66549 --- [pool-5-thread-1] com.netflix.discovery.DiscoveryClient    : Registered Applications size is zero : true
2015-11-05 11:10:22.110  INFO 66549 --- [pool-5-thread-1] com.netflix.discovery.DiscoveryClient    : Application version is -1: false
2015-11-05 11:10:22.113  INFO 66549 --- [pool-5-thread-1] com.netflix.discovery.DiscoveryClient    : Getting all instance registry info from the eureka server
2015-11-05 11:10:22.121  INFO 66549 --- [pool-5-thread-1] com.netflix.discovery.DiscoveryClient    : The response status is 200
2015-11-05 11:10:32.113  INFO 66549 --- [scoveryClient-0] com.netflix.discovery.DiscoveryClient    : DiscoveryClient_CONTACTSERVICE/localhost:contactService:9002 - retransmit instance info with status UP
2015-11-05 11:10:32.114  INFO 66549 --- [scoveryClient-0] com.netflix.discovery.DiscoveryClient    : DiscoveryClient_CONTACTSERVICE/localhost:contactService:9002: registering service...
2015-11-05 11:10:32.120  INFO 66549 --- [scoveryClient-0] com.netflix.discovery.DiscoveryClient    : DiscoveryClient_CONTACTSERVICE/localhost:contactService:9002 - registration status: 204
2015-11-05 11:10:32.194  INFO 66549 --- [pool-4-thread-1] com.netflix.discovery.DiscoveryClient    : DiscoveryClient_CONTACTSERVICE/localhost:contactService:9002 - Re-registering apps/CONTACTSERVICE
2015-11-05 11:10:32.195  INFO 66549 --- [pool-4-thread-1] com.netflix.discovery.DiscoveryClient    : DiscoveryClient_CONTACTSERVICE/localhost:contactService:9002: registering service...
2015-11-05 11:10:32.200  INFO 66549 --- [pool-4-thread-1] com.netflix.discovery.DiscoveryClient    : DiscoveryClient_CONTACTSERVICE/localhost:contactService:9002 - registration status: 204
